[0.013s] Invoking command in '/home/pedro/ros2_ws/build/robot_ras_decision': CMAKE_PREFIX_PATH=${CMAKE_PREFIX_PATH}:/opt/ros/humble /usr/bin/cmake --build /home/pedro/ros2_ws/build/robot_ras_decision -- -j6 -l6
[0.059s] [  2%] Built target robot_ras_decision__cpp
[0.061s] [ 11%] Built target robot_ras_decision__rosidl_generator_c
[0.072s] [ 11%] Built target ament_cmake_python_copy_robot_ras_decision
[0.091s] [ 20%] Built target robot_ras_decision__rosidl_typesupport_fastrtps_cpp
[0.091s] [ 30%] Built target robot_ras_decision__rosidl_typesupport_fastrtps_c
[0.091s] [ 39%] Built target robot_ras_decision__rosidl_typesupport_introspection_cpp
[0.091s] [ 55%] Built target robot_ras_decision__rosidl_typesupport_cpp
[0.091s] [ 58%] Built target robot_ras_decision__rosidl_typesupport_introspection_c
[0.106s] [ 67%] Built target robot_ras_decision__rosidl_typesupport_c
[0.124s] [ 67%] Built target robot_ras_decision
[0.139s] [35m[1mConsolidate compiler generated dependencies of target Manager[0m
[0.144s] [ 69%] Built target robot_ras_decision__py
[0.151s] [ 74%] Built target MovementControl
[0.154s] [ 79%] Built target Manager
[0.166s] [ 86%] Built target robot_ras_decision__rosidl_generator_py
[0.188s] [100%] Built target robot_ras_decision__rosidl_typesupport_fastrtps_c__pyext
[0.188s] [100%] Built target robot_ras_decision__rosidl_typesupport_introspection_c__pyext
[0.188s] [100%] Built target robot_ras_decision__rosidl_typesupport_c__pyext
[0.308s] running egg_info
[0.308s] writing robot_ras_decision.egg-info/PKG-INFO
[0.308s] writing dependency_links to robot_ras_decision.egg-info/dependency_links.txt
[0.309s] writing top-level names to robot_ras_decision.egg-info/top_level.txt
[0.310s] reading manifest file 'robot_ras_decision.egg-info/SOURCES.txt'
[0.311s] writing manifest file 'robot_ras_decision.egg-info/SOURCES.txt'
[0.333s] [100%] Built target ament_cmake_python_build_robot_ras_decision_egg
[0.346s] Invoked command in '/home/pedro/ros2_ws/build/robot_ras_decision' returned '0': CMAKE_PREFIX_PATH=${CMAKE_PREFIX_PATH}:/opt/ros/humble /usr/bin/cmake --build /home/pedro/ros2_ws/build/robot_ras_decision -- -j6 -l6
[0.348s] Invoking command in '/home/pedro/ros2_ws/build/robot_ras_decision': CMAKE_PREFIX_PATH=${CMAKE_PREFIX_PATH}:/opt/ros/humble /usr/bin/cmake --install /home/pedro/ros2_ws/build/robot_ras_decision
[0.355s] -- Install configuration: ""
[0.355s] -- Up-to-date: /home/pedro/ros2_ws/install/robot_ras_decision/share/ament_index/resource_index/rosidl_interfaces/robot_ras_decision
[0.355s] -- Up-to-date: /home/pedro/ros2_ws/install/robot_ras_decision/include/robot_ras_decision/robot_ras_decision
[0.355s] -- Up-to-date: /home/pedro/ros2_ws/install/robot_ras_decision/include/robot_ras_decision/robot_ras_decision/srv
[0.356s] -- Up-to-date: /home/pedro/ros2_ws/install/robot_ras_decision/include/robot_ras_decision/robot_ras_decision/srv/set_velocity.h
[0.356s] -- Up-to-date: /home/pedro/ros2_ws/install/robot_ras_decision/include/robot_ras_decision/robot_ras_decision/srv/detail
[0.356s] -- Up-to-date: /home/pedro/ros2_ws/install/robot_ras_decision/include/robot_ras_decision/robot_ras_decision/srv/detail/set_velocity__type_support.h
[0.356s] -- Up-to-date: /home/pedro/ros2_ws/install/robot_ras_decision/include/robot_ras_decision/robot_ras_decision/srv/detail/set_velocity__functions.h
[0.356s] -- Up-to-date: /home/pedro/ros2_ws/install/robot_ras_decision/include/robot_ras_decision/robot_ras_decision/srv/detail/set_velocity__struct.h
[0.356s] -- Up-to-date: /home/pedro/ros2_ws/install/robot_ras_decision/include/robot_ras_decision/robot_ras_decision/srv/detail/set_velocity__functions.c
[0.356s] -- Up-to-date: /home/pedro/ros2_ws/install/robot_ras_decision/include/robot_ras_decision/robot_ras_decision/msg
[0.356s] -- Up-to-date: /home/pedro/ros2_ws/install/robot_ras_decision/include/robot_ras_decision/robot_ras_decision/msg/movement.h
[0.356s] -- Up-to-date: /home/pedro/ros2_ws/install/robot_ras_decision/include/robot_ras_decision/robot_ras_decision/msg/rosidl_generator_c__visibility_control.h
[0.356s] -- Up-to-date: /home/pedro/ros2_ws/install/robot_ras_decision/include/robot_ras_decision/robot_ras_decision/msg/detail
[0.356s] -- Up-to-date: /home/pedro/ros2_ws/install/robot_ras_decision/include/robot_ras_decision/robot_ras_decision/msg/detail/movement__functions.c
[0.356s] -- Up-to-date: /home/pedro/ros2_ws/install/robot_ras_decision/include/robot_ras_decision/robot_ras_decision/msg/detail/movement__functions.h
[0.356s] -- Up-to-date: /home/pedro/ros2_ws/install/robot_ras_decision/include/robot_ras_decision/robot_ras_decision/msg/detail/movement__struct.h
[0.356s] -- Up-to-date: /home/pedro/ros2_ws/install/robot_ras_decision/include/robot_ras_decision/robot_ras_decision/msg/detail/movement__type_support.h
[0.357s] -- Up-to-date: /home/pedro/ros2_ws/install/robot_ras_decision/share/robot_ras_decision/environment/library_path.sh
[0.357s] -- Up-to-date: /home/pedro/ros2_ws/install/robot_ras_decision/share/robot_ras_decision/environment/library_path.dsv
[0.357s] -- Up-to-date: /home/pedro/ros2_ws/install/robot_ras_decision/lib/librobot_ras_decision__rosidl_generator_c.so
[0.357s] -- Up-to-date: /home/pedro/ros2_ws/install/robot_ras_decision/include/robot_ras_decision/robot_ras_decision
[0.357s] -- Up-to-date: /home/pedro/ros2_ws/install/robot_ras_decision/include/robot_ras_decision/robot_ras_decision/srv
[0.357s] -- Up-to-date: /home/pedro/ros2_ws/install/robot_ras_decision/include/robot_ras_decision/robot_ras_decision/srv/detail
[0.357s] -- Up-to-date: /home/pedro/ros2_ws/install/robot_ras_decision/include/robot_ras_decision/robot_ras_decision/srv/detail/set_velocity__rosidl_typesupport_fastrtps_c.h
[0.357s] -- Up-to-date: /home/pedro/ros2_ws/install/robot_ras_decision/include/robot_ras_decision/robot_ras_decision/msg
[0.357s] -- Up-to-date: /home/pedro/ros2_ws/install/robot_ras_decision/include/robot_ras_decision/robot_ras_decision/msg/rosidl_typesupport_fastrtps_c__visibility_control.h
[0.357s] -- Up-to-date: /home/pedro/ros2_ws/install/robot_ras_decision/include/robot_ras_decision/robot_ras_decision/msg/detail
[0.358s] -- Up-to-date: /home/pedro/ros2_ws/install/robot_ras_decision/include/robot_ras_decision/robot_ras_decision/msg/detail/movement__rosidl_typesupport_fastrtps_c.h
[0.358s] -- Up-to-date: /home/pedro/ros2_ws/install/robot_ras_decision/lib/librobot_ras_decision__rosidl_typesupport_fastrtps_c.so
[0.358s] -- Up-to-date: /home/pedro/ros2_ws/install/robot_ras_decision/include/robot_ras_decision/robot_ras_decision
[0.358s] -- Up-to-date: /home/pedro/ros2_ws/install/robot_ras_decision/include/robot_ras_decision/robot_ras_decision/srv
[0.358s] -- Up-to-date: /home/pedro/ros2_ws/install/robot_ras_decision/include/robot_ras_decision/robot_ras_decision/srv/set_velocity.hpp
[0.358s] -- Up-to-date: /home/pedro/ros2_ws/install/robot_ras_decision/include/robot_ras_decision/robot_ras_decision/srv/detail
[0.358s] -- Up-to-date: /home/pedro/ros2_ws/install/robot_ras_decision/include/robot_ras_decision/robot_ras_decision/srv/detail/set_velocity__traits.hpp
[0.358s] -- Up-to-date: /home/pedro/ros2_ws/install/robot_ras_decision/include/robot_ras_decision/robot_ras_decision/srv/detail/set_velocity__struct.hpp
[0.358s] -- Up-to-date: /home/pedro/ros2_ws/install/robot_ras_decision/include/robot_ras_decision/robot_ras_decision/srv/detail/set_velocity__type_support.hpp
[0.358s] -- Up-to-date: /home/pedro/ros2_ws/install/robot_ras_decision/include/robot_ras_decision/robot_ras_decision/srv/detail/set_velocity__builder.hpp
[0.358s] -- Up-to-date: /home/pedro/ros2_ws/install/robot_ras_decision/include/robot_ras_decision/robot_ras_decision/msg
[0.358s] -- Up-to-date: /home/pedro/ros2_ws/install/robot_ras_decision/include/robot_ras_decision/robot_ras_decision/msg/movement.hpp
[0.358s] -- Up-to-date: /home/pedro/ros2_ws/install/robot_ras_decision/include/robot_ras_decision/robot_ras_decision/msg/rosidl_generator_cpp__visibility_control.hpp
[0.358s] -- Up-to-date: /home/pedro/ros2_ws/install/robot_ras_decision/include/robot_ras_decision/robot_ras_decision/msg/detail
[0.359s] -- Up-to-date: /home/pedro/ros2_ws/install/robot_ras_decision/include/robot_ras_decision/robot_ras_decision/msg/detail/movement__traits.hpp
[0.359s] -- Up-to-date: /home/pedro/ros2_ws/install/robot_ras_decision/include/robot_ras_decision/robot_ras_decision/msg/detail/movement__struct.hpp
[0.359s] -- Up-to-date: /home/pedro/ros2_ws/install/robot_ras_decision/include/robot_ras_decision/robot_ras_decision/msg/detail/movement__builder.hpp
[0.359s] -- Up-to-date: /home/pedro/ros2_ws/install/robot_ras_decision/include/robot_ras_decision/robot_ras_decision/msg/detail/movement__type_support.hpp
[0.359s] -- Up-to-date: /home/pedro/ros2_ws/install/robot_ras_decision/include/robot_ras_decision/robot_ras_decision
[0.359s] -- Up-to-date: /home/pedro/ros2_ws/install/robot_ras_decision/include/robot_ras_decision/robot_ras_decision/srv
[0.359s] -- Up-to-date: /home/pedro/ros2_ws/install/robot_ras_decision/include/robot_ras_decision/robot_ras_decision/srv/detail
[0.359s] -- Up-to-date: /home/pedro/ros2_ws/install/robot_ras_decision/include/robot_ras_decision/robot_ras_decision/srv/detail/dds_fastrtps
[0.359s] -- Up-to-date: /home/pedro/ros2_ws/install/robot_ras_decision/include/robot_ras_decision/robot_ras_decision/srv/detail/set_velocity__rosidl_typesupport_fastrtps_cpp.hpp
[0.359s] -- Up-to-date: /home/pedro/ros2_ws/install/robot_ras_decision/include/robot_ras_decision/robot_ras_decision/msg
[0.359s] -- Up-to-date: /home/pedro/ros2_ws/install/robot_ras_decision/include/robot_ras_decision/robot_ras_decision/msg/rosidl_typesupport_fastrtps_cpp__visibility_control.h
[0.359s] -- Up-to-date: /home/pedro/ros2_ws/install/robot_ras_decision/include/robot_ras_decision/robot_ras_decision/msg/detail
[0.359s] -- Up-to-date: /home/pedro/ros2_ws/install/robot_ras_decision/include/robot_ras_decision/robot_ras_decision/msg/detail/dds_fastrtps
[0.359s] -- Up-to-date: /home/pedro/ros2_ws/install/robot_ras_decision/include/robot_ras_decision/robot_ras_decision/msg/detail/movement__rosidl_typesupport_fastrtps_cpp.hpp
[0.359s] -- Up-to-date: /home/pedro/ros2_ws/install/robot_ras_decision/lib/librobot_ras_decision__rosidl_typesupport_fastrtps_cpp.so
[0.359s] -- Up-to-date: /home/pedro/ros2_ws/install/robot_ras_decision/include/robot_ras_decision/robot_ras_decision
[0.360s] -- Up-to-date: /home/pedro/ros2_ws/install/robot_ras_decision/include/robot_ras_decision/robot_ras_decision/srv
[0.360s] -- Up-to-date: /home/pedro/ros2_ws/install/robot_ras_decision/include/robot_ras_decision/robot_ras_decision/srv/detail
[0.360s] -- Up-to-date: /home/pedro/ros2_ws/install/robot_ras_decision/include/robot_ras_decision/robot_ras_decision/srv/detail/set_velocity__type_support.c
[0.360s] -- Up-to-date: /home/pedro/ros2_ws/install/robot_ras_decision/include/robot_ras_decision/robot_ras_decision/srv/detail/set_velocity__rosidl_typesupport_introspection_c.h
[0.360s] -- Up-to-date: /home/pedro/ros2_ws/install/robot_ras_decision/include/robot_ras_decision/robot_ras_decision/msg
[0.360s] -- Up-to-date: /home/pedro/ros2_ws/install/robot_ras_decision/include/robot_ras_decision/robot_ras_decision/msg/rosidl_typesupport_introspection_c__visibility_control.h
[0.360s] -- Up-to-date: /home/pedro/ros2_ws/install/robot_ras_decision/include/robot_ras_decision/robot_ras_decision/msg/detail
[0.360s] -- Up-to-date: /home/pedro/ros2_ws/install/robot_ras_decision/include/robot_ras_decision/robot_ras_decision/msg/detail/movement__rosidl_typesupport_introspection_c.h
[0.360s] -- Up-to-date: /home/pedro/ros2_ws/install/robot_ras_decision/include/robot_ras_decision/robot_ras_decision/msg/detail/movement__type_support.c
[0.360s] -- Up-to-date: /home/pedro/ros2_ws/install/robot_ras_decision/lib/librobot_ras_decision__rosidl_typesupport_introspection_c.so
[0.360s] -- Up-to-date: /home/pedro/ros2_ws/install/robot_ras_decision/lib/librobot_ras_decision__rosidl_typesupport_c.so
[0.360s] -- Up-to-date: /home/pedro/ros2_ws/install/robot_ras_decision/include/robot_ras_decision/robot_ras_decision
[0.360s] -- Up-to-date: /home/pedro/ros2_ws/install/robot_ras_decision/include/robot_ras_decision/robot_ras_decision/srv
[0.360s] -- Up-to-date: /home/pedro/ros2_ws/install/robot_ras_decision/include/robot_ras_decision/robot_ras_decision/srv/detail
[0.360s] -- Up-to-date: /home/pedro/ros2_ws/install/robot_ras_decision/include/robot_ras_decision/robot_ras_decision/srv/detail/set_velocity__rosidl_typesupport_introspection_cpp.hpp
[0.361s] -- Up-to-date: /home/pedro/ros2_ws/install/robot_ras_decision/include/robot_ras_decision/robot_ras_decision/srv/detail/set_velocity__type_support.cpp
[0.361s] -- Up-to-date: /home/pedro/ros2_ws/install/robot_ras_decision/include/robot_ras_decision/robot_ras_decision/msg
[0.361s] -- Up-to-date: /home/pedro/ros2_ws/install/robot_ras_decision/include/robot_ras_decision/robot_ras_decision/msg/detail
[0.361s] -- Up-to-date: /home/pedro/ros2_ws/install/robot_ras_decision/include/robot_ras_decision/robot_ras_decision/msg/detail/movement__rosidl_typesupport_introspection_cpp.hpp
[0.361s] -- Up-to-date: /home/pedro/ros2_ws/install/robot_ras_decision/include/robot_ras_decision/robot_ras_decision/msg/detail/movement__type_support.cpp
[0.361s] -- Up-to-date: /home/pedro/ros2_ws/install/robot_ras_decision/lib/librobot_ras_decision__rosidl_typesupport_introspection_cpp.so
[0.361s] -- Up-to-date: /home/pedro/ros2_ws/install/robot_ras_decision/lib/librobot_ras_decision__rosidl_typesupport_cpp.so
[0.361s] -- Up-to-date: /home/pedro/ros2_ws/install/robot_ras_decision/share/robot_ras_decision/environment/pythonpath.sh
[0.361s] -- Up-to-date: /home/pedro/ros2_ws/install/robot_ras_decision/share/robot_ras_decision/environment/pythonpath.dsv
[0.361s] -- Up-to-date: /home/pedro/ros2_ws/install/robot_ras_decision/local/lib/python3.10/dist-packages/robot_ras_decision-0.0.1-py3.10.egg-info
[0.361s] -- Installing: /home/pedro/ros2_ws/install/robot_ras_decision/local/lib/python3.10/dist-packages/robot_ras_decision-0.0.1-py3.10.egg-info/PKG-INFO
[0.361s] -- Installing: /home/pedro/ros2_ws/install/robot_ras_decision/local/lib/python3.10/dist-packages/robot_ras_decision-0.0.1-py3.10.egg-info/top_level.txt
[0.361s] -- Installing: /home/pedro/ros2_ws/install/robot_ras_decision/local/lib/python3.10/dist-packages/robot_ras_decision-0.0.1-py3.10.egg-info/SOURCES.txt
[0.361s] -- Installing: /home/pedro/ros2_ws/install/robot_ras_decision/local/lib/python3.10/dist-packages/robot_ras_decision-0.0.1-py3.10.egg-info/dependency_links.txt
[0.361s] -- Up-to-date: /home/pedro/ros2_ws/install/robot_ras_decision/local/lib/python3.10/dist-packages/robot_ras_decision
[0.361s] -- Up-to-date: /home/pedro/ros2_ws/install/robot_ras_decision/local/lib/python3.10/dist-packages/robot_ras_decision/srv
[0.361s] -- Up-to-date: /home/pedro/ros2_ws/install/robot_ras_decision/local/lib/python3.10/dist-packages/robot_ras_decision/srv/__init__.py
[0.361s] -- Up-to-date: /home/pedro/ros2_ws/install/robot_ras_decision/local/lib/python3.10/dist-packages/robot_ras_decision/srv/_set_velocity_s.c
[0.362s] -- Up-to-date: /home/pedro/ros2_ws/install/robot_ras_decision/local/lib/python3.10/dist-packages/robot_ras_decision/srv/_set_velocity.py
[0.362s] -- Up-to-date: /home/pedro/ros2_ws/install/robot_ras_decision/local/lib/python3.10/dist-packages/robot_ras_decision/__init__.py
[0.362s] -- Up-to-date: /home/pedro/ros2_ws/install/robot_ras_decision/local/lib/python3.10/dist-packages/robot_ras_decision/robot_ras_decision_s__rosidl_typesupport_c.cpython-310-x86_64-linux-gnu.so
[0.362s] -- Up-to-date: /home/pedro/ros2_ws/install/robot_ras_decision/local/lib/python3.10/dist-packages/robot_ras_decision/_robot_ras_decision_s.ep.rosidl_typesupport_c.c
[0.362s] -- Up-to-date: /home/pedro/ros2_ws/install/robot_ras_decision/local/lib/python3.10/dist-packages/robot_ras_decision/msg
[0.362s] -- Up-to-date: /home/pedro/ros2_ws/install/robot_ras_decision/local/lib/python3.10/dist-packages/robot_ras_decision/msg/__init__.py
[0.362s] -- Up-to-date: /home/pedro/ros2_ws/install/robot_ras_decision/local/lib/python3.10/dist-packages/robot_ras_decision/msg/_movement_s.c
[0.362s] -- Up-to-date: /home/pedro/ros2_ws/install/robot_ras_decision/local/lib/python3.10/dist-packages/robot_ras_decision/msg/_movement.py
[0.362s] -- Up-to-date: /home/pedro/ros2_ws/install/robot_ras_decision/local/lib/python3.10/dist-packages/robot_ras_decision/robot_ras_decision_s__rosidl_typesupport_fastrtps_c.cpython-310-x86_64-linux-gnu.so
[0.362s] -- Up-to-date: /home/pedro/ros2_ws/install/robot_ras_decision/local/lib/python3.10/dist-packages/robot_ras_decision/_robot_ras_decision_s.ep.rosidl_typesupport_introspection_c.c
[0.362s] -- Up-to-date: /home/pedro/ros2_ws/install/robot_ras_decision/local/lib/python3.10/dist-packages/robot_ras_decision/_robot_ras_decision_s.ep.rosidl_typesupport_fastrtps_c.c
[0.362s] -- Up-to-date: /home/pedro/ros2_ws/install/robot_ras_decision/local/lib/python3.10/dist-packages/robot_ras_decision/librobot_ras_decision__rosidl_generator_py.so
[0.362s] -- Up-to-date: /home/pedro/ros2_ws/install/robot_ras_decision/local/lib/python3.10/dist-packages/robot_ras_decision/robot_ras_decision_s__rosidl_typesupport_introspection_c.cpython-310-x86_64-linux-gnu.so
[0.389s] Listing '/home/pedro/ros2_ws/install/robot_ras_decision/local/lib/python3.10/dist-packages/robot_ras_decision'...
[0.389s] Listing '/home/pedro/ros2_ws/install/robot_ras_decision/local/lib/python3.10/dist-packages/robot_ras_decision/msg'...
[0.389s] Listing '/home/pedro/ros2_ws/install/robot_ras_decision/local/lib/python3.10/dist-packages/robot_ras_decision/srv'...
[0.393s] -- Up-to-date: /home/pedro/ros2_ws/install/robot_ras_decision/local/lib/python3.10/dist-packages/robot_ras_decision/robot_ras_decision_s__rosidl_typesupport_fastrtps_c.cpython-310-x86_64-linux-gnu.so
[0.393s] -- Up-to-date: /home/pedro/ros2_ws/install/robot_ras_decision/local/lib/python3.10/dist-packages/robot_ras_decision/robot_ras_decision_s__rosidl_typesupport_introspection_c.cpython-310-x86_64-linux-gnu.so
[0.393s] -- Up-to-date: /home/pedro/ros2_ws/install/robot_ras_decision/local/lib/python3.10/dist-packages/robot_ras_decision/robot_ras_decision_s__rosidl_typesupport_c.cpython-310-x86_64-linux-gnu.so
[0.393s] -- Up-to-date: /home/pedro/ros2_ws/install/robot_ras_decision/lib/librobot_ras_decision__rosidl_generator_py.so
[0.394s] -- Up-to-date: /home/pedro/ros2_ws/install/robot_ras_decision/share/robot_ras_decision/msg/Movement.idl
[0.394s] -- Up-to-date: /home/pedro/ros2_ws/install/robot_ras_decision/share/robot_ras_decision/srv/SetVelocity.idl
[0.394s] -- Up-to-date: /home/pedro/ros2_ws/install/robot_ras_decision/share/robot_ras_decision/msg/Movement.msg
[0.394s] -- Up-to-date: /home/pedro/ros2_ws/install/robot_ras_decision/share/robot_ras_decision/srv/SetVelocity.srv
[0.394s] -- Up-to-date: /home/pedro/ros2_ws/install/robot_ras_decision/share/robot_ras_decision/srv/SetVelocity_Request.msg
[0.394s] -- Up-to-date: /home/pedro/ros2_ws/install/robot_ras_decision/share/robot_ras_decision/srv/SetVelocity_Response.msg
[0.394s] -- Up-to-date: /home/pedro/ros2_ws/install/robot_ras_decision/lib/robot_ras_decision/MovementControl
[0.394s] -- Up-to-date: /home/pedro/ros2_ws/install/robot_ras_decision/lib/robot_ras_decision/Manager
[0.395s] -- Up-to-date: /home/pedro/ros2_ws/install/robot_ras_decision/share/ament_index/resource_index/package_run_dependencies/robot_ras_decision
[0.395s] -- Up-to-date: /home/pedro/ros2_ws/install/robot_ras_decision/share/ament_index/resource_index/parent_prefix_path/robot_ras_decision
[0.395s] -- Up-to-date: /home/pedro/ros2_ws/install/robot_ras_decision/share/robot_ras_decision/environment/ament_prefix_path.sh
[0.395s] -- Up-to-date: /home/pedro/ros2_ws/install/robot_ras_decision/share/robot_ras_decision/environment/ament_prefix_path.dsv
[0.395s] -- Up-to-date: /home/pedro/ros2_ws/install/robot_ras_decision/share/robot_ras_decision/environment/path.sh
[0.395s] -- Up-to-date: /home/pedro/ros2_ws/install/robot_ras_decision/share/robot_ras_decision/environment/path.dsv
[0.395s] -- Up-to-date: /home/pedro/ros2_ws/install/robot_ras_decision/share/robot_ras_decision/local_setup.bash
[0.395s] -- Up-to-date: /home/pedro/ros2_ws/install/robot_ras_decision/share/robot_ras_decision/local_setup.sh
[0.395s] -- Up-to-date: /home/pedro/ros2_ws/install/robot_ras_decision/share/robot_ras_decision/local_setup.zsh
[0.395s] -- Up-to-date: /home/pedro/ros2_ws/install/robot_ras_decision/share/robot_ras_decision/local_setup.dsv
[0.395s] -- Installing: /home/pedro/ros2_ws/install/robot_ras_decision/share/robot_ras_decision/package.dsv
[0.395s] -- Up-to-date: /home/pedro/ros2_ws/install/robot_ras_decision/share/ament_index/resource_index/packages/robot_ras_decision
[0.395s] -- Up-to-date: /home/pedro/ros2_ws/install/robot_ras_decision/share/robot_ras_decision/cmake/export_robot_ras_decision__rosidl_generator_cExport.cmake
[0.395s] -- Up-to-date: /home/pedro/ros2_ws/install/robot_ras_decision/share/robot_ras_decision/cmake/export_robot_ras_decision__rosidl_generator_cExport-noconfig.cmake
[0.396s] -- Up-to-date: /home/pedro/ros2_ws/install/robot_ras_decision/share/robot_ras_decision/cmake/export_robot_ras_decision__rosidl_typesupport_fastrtps_cExport.cmake
[0.396s] -- Up-to-date: /home/pedro/ros2_ws/install/robot_ras_decision/share/robot_ras_decision/cmake/export_robot_ras_decision__rosidl_typesupport_fastrtps_cExport-noconfig.cmake
[0.396s] -- Up-to-date: /home/pedro/ros2_ws/install/robot_ras_decision/share/robot_ras_decision/cmake/export_robot_ras_decision__rosidl_generator_cppExport.cmake
[0.396s] -- Up-to-date: /home/pedro/ros2_ws/install/robot_ras_decision/share/robot_ras_decision/cmake/export_robot_ras_decision__rosidl_typesupport_fastrtps_cppExport.cmake
[0.396s] -- Up-to-date: /home/pedro/ros2_ws/install/robot_ras_decision/share/robot_ras_decision/cmake/export_robot_ras_decision__rosidl_typesupport_fastrtps_cppExport-noconfig.cmake
[0.396s] -- Up-to-date: /home/pedro/ros2_ws/install/robot_ras_decision/share/robot_ras_decision/cmake/robot_ras_decision__rosidl_typesupport_introspection_cExport.cmake
[0.396s] -- Up-to-date: /home/pedro/ros2_ws/install/robot_ras_decision/share/robot_ras_decision/cmake/robot_ras_decision__rosidl_typesupport_introspection_cExport-noconfig.cmake
[0.396s] -- Up-to-date: /home/pedro/ros2_ws/install/robot_ras_decision/share/robot_ras_decision/cmake/robot_ras_decision__rosidl_typesupport_cExport.cmake
[0.396s] -- Up-to-date: /home/pedro/ros2_ws/install/robot_ras_decision/share/robot_ras_decision/cmake/robot_ras_decision__rosidl_typesupport_cExport-noconfig.cmake
[0.396s] -- Up-to-date: /home/pedro/ros2_ws/install/robot_ras_decision/share/robot_ras_decision/cmake/robot_ras_decision__rosidl_typesupport_introspection_cppExport.cmake
[0.396s] -- Up-to-date: /home/pedro/ros2_ws/install/robot_ras_decision/share/robot_ras_decision/cmake/robot_ras_decision__rosidl_typesupport_introspection_cppExport-noconfig.cmake
[0.396s] -- Up-to-date: /home/pedro/ros2_ws/install/robot_ras_decision/share/robot_ras_decision/cmake/robot_ras_decision__rosidl_typesupport_cppExport.cmake
[0.396s] -- Up-to-date: /home/pedro/ros2_ws/install/robot_ras_decision/share/robot_ras_decision/cmake/robot_ras_decision__rosidl_typesupport_cppExport-noconfig.cmake
[0.396s] -- Up-to-date: /home/pedro/ros2_ws/install/robot_ras_decision/share/robot_ras_decision/cmake/export_robot_ras_decision__rosidl_generator_pyExport.cmake
[0.396s] -- Up-to-date: /home/pedro/ros2_ws/install/robot_ras_decision/share/robot_ras_decision/cmake/export_robot_ras_decision__rosidl_generator_pyExport-noconfig.cmake
[0.397s] -- Up-to-date: /home/pedro/ros2_ws/install/robot_ras_decision/share/robot_ras_decision/cmake/rosidl_cmake-extras.cmake
[0.397s] -- Up-to-date: /home/pedro/ros2_ws/install/robot_ras_decision/share/robot_ras_decision/cmake/ament_cmake_export_include_directories-extras.cmake
[0.397s] -- Up-to-date: /home/pedro/ros2_ws/install/robot_ras_decision/share/robot_ras_decision/cmake/ament_cmake_export_libraries-extras.cmake
[0.397s] -- Up-to-date: /home/pedro/ros2_ws/install/robot_ras_decision/share/robot_ras_decision/cmake/ament_cmake_export_targets-extras.cmake
[0.397s] -- Up-to-date: /home/pedro/ros2_ws/install/robot_ras_decision/share/robot_ras_decision/cmake/rosidl_cmake_export_typesupport_targets-extras.cmake
[0.397s] -- Up-to-date: /home/pedro/ros2_ws/install/robot_ras_decision/share/robot_ras_decision/cmake/ament_cmake_export_dependencies-extras.cmake
[0.397s] -- Up-to-date: /home/pedro/ros2_ws/install/robot_ras_decision/share/robot_ras_decision/cmake/rosidl_cmake_export_typesupport_libraries-extras.cmake
[0.397s] -- Up-to-date: /home/pedro/ros2_ws/install/robot_ras_decision/share/robot_ras_decision/cmake/robot_ras_decisionConfig.cmake
[0.397s] -- Up-to-date: /home/pedro/ros2_ws/install/robot_ras_decision/share/robot_ras_decision/cmake/robot_ras_decisionConfig-version.cmake
[0.397s] -- Up-to-date: /home/pedro/ros2_ws/install/robot_ras_decision/share/robot_ras_decision/package.xml
[0.399s] Invoked command in '/home/pedro/ros2_ws/build/robot_ras_decision' returned '0': CMAKE_PREFIX_PATH=${CMAKE_PREFIX_PATH}:/opt/ros/humble /usr/bin/cmake --install /home/pedro/ros2_ws/build/robot_ras_decision
