-- The C compiler identification is GNU 11.4.0
-- The CXX compiler identification is GNU 11.4.0
-- Detecting C compiler ABI info
-- Detecting C compiler ABI info - done
-- Check for working C compiler: /usr/bin/cc - skipped
-- Detecting C compile features
-- Detecting C compile features - done
-- Detecting CXX compiler ABI info
-- Detecting CXX compiler ABI info - done
-- Check for working CXX compiler: /usr/bin/c++ - skipped
-- Detecting CXX compile features
-- Detecting CXX compile features - done
-- Found ament_cmake: 1.3.12 (/opt/ros/humble/share/ament_cmake/cmake)
-- Found Python3: /usr/bin/python3 (found version "3.10.12") found components: Interpreter 
-- Found rosidl_default_generators: 1.2.0 (/opt/ros/humble/share/rosidl_default_generators/cmake)
-- Using all available rosidl_typesupport_c: rosidl_typesupport_fastrtps_c;rosidl_typesupport_introspection_c
-- Found rosidl_adapter: 3.1.7 (/opt/ros/humble/share/rosidl_adapter/cmake)
-- Using all available rosidl_typesupport_cpp: rosidl_typesupport_fastrtps_cpp;rosidl_typesupport_introspection_cpp
-- Found gazebo_ros: 3.9.0 (/opt/ros/humble/share/gazebo_ros/cmake)
-- Found rmw_implementation_cmake: 6.1.2 (/opt/ros/humble/share/rmw_implementation_cmake/cmake)
-- Found rmw_fastrtps_cpp: 6.2.8 (/opt/ros/humble/share/rmw_fastrtps_cpp/cmake)
-- Found OpenSSL: /usr/lib/x86_64-linux-gnu/libcrypto.so (found version "3.0.2")  
-- Found FastRTPS: /opt/ros/humble/include  
-- Using RMW implementation 'rmw_fastrtps_cpp' as default
-- Looking for pthread.h
-- Looking for pthread.h - found
-- Performing Test CMAKE_HAVE_LIBC_PTHREAD
-- Performing Test CMAKE_HAVE_LIBC_PTHREAD - Success
-- Found Threads: TRUE  
-- Found PkgConfig: /usr/bin/pkg-config (found version "0.29.2") 
-- Checking for module 'bullet>=2.82'
--   Found bullet, version 3.05
-- Found fcl: /usr/include (found suitable version "0.7.0", minimum required is "0.5.0") 
-- Found assimp: /usr/include (found version "5.2.0") 
-- Found DART: /usr/include (Required is at least version "6.6") found components: dart 
-- Found Boost: /usr/lib/x86_64-linux-gnu/cmake/Boost-1.74.0/BoostConfig.cmake (found suitable version "1.74.0", minimum required is "1.40.0") found components: thread system filesystem program_options regex iostreams date_time 
-- Found Protobuf: /usr/lib/x86_64-linux-gnu/libprotobuf.so (found version "3.12.4") 
-- Looking for ignition-math6 -- found version 6.15.1
-- Searching for dependencies of ignition-math6
-- Looking for OGRE...
-- OGRE_PREFIX_WATCH changed.
-- Checking for module 'OGRE'
--   Found OGRE, version 1.9.0
-- Found Ogre Ghadamon (1.9.0)
-- Found OGRE: optimized;/usr/lib/x86_64-linux-gnu/libOgreMain.so;debug;/usr/lib/x86_64-linux-gnu/libOgreMain.so
-- Looking for OGRE_Paging...
-- Found OGRE_Paging: optimized;/usr/lib/x86_64-linux-gnu/libOgrePaging.so;debug;/usr/lib/x86_64-linux-gnu/libOgrePaging.so
-- Looking for OGRE_Terrain...
-- Found OGRE_Terrain: optimized;/usr/lib/x86_64-linux-gnu/libOgreTerrain.so;debug;/usr/lib/x86_64-linux-gnu/libOgreTerrain.so
-- Looking for OGRE_Property...
-- Found OGRE_Property: optimized;/usr/lib/x86_64-linux-gnu/libOgreProperty.so;debug;/usr/lib/x86_64-linux-gnu/libOgreProperty.so
-- Looking for OGRE_RTShaderSystem...
-- Found OGRE_RTShaderSystem: optimized;/usr/lib/x86_64-linux-gnu/libOgreRTShaderSystem.so;debug;/usr/lib/x86_64-linux-gnu/libOgreRTShaderSystem.so
-- Looking for OGRE_Volume...
-- Found OGRE_Volume: optimized;/usr/lib/x86_64-linux-gnu/libOgreVolume.so;debug;/usr/lib/x86_64-linux-gnu/libOgreVolume.so
-- Looking for OGRE_Overlay...
-- Found OGRE_Overlay: optimized;/usr/lib/x86_64-linux-gnu/libOgreOverlay.so;debug;/usr/lib/x86_64-linux-gnu/libOgreOverlay.so
-- Looking for ignition-math6 -- found version 6.15.1
-- Looking for ignition-transport8 -- found version 8.2.1
-- Searching for dependencies of ignition-transport8
-- Found Protobuf: /usr/lib/x86_64-linux-gnu/libprotobuf.so (found suitable version "3.12.4", minimum required is "3") 
-- Config-file not installed for ZeroMQ -- checking for pkg-config
-- Checking for module 'libzmq >= 4'
--   Found libzmq , version 4.3.4
-- Found ZeroMQ: TRUE (Required is at least version "4") 
-- Checking for module 'uuid'
--   Found uuid, version 2.37.2
-- Found UUID: TRUE  
-- Looking for ignition-msgs5 -- found version 5.8.1
-- Searching for dependencies of ignition-msgs5
-- Looking for ignition-math6 -- found version 6.15.1
-- Checking for module 'tinyxml2'
--   Found tinyxml2, version 9.0.0
-- Looking for ignition-msgs5 -- found version 5.8.1
-- Looking for ignition-common3 -- found version 3.14.0
-- Searching for dependencies of ignition-common3
-- Looking for dlfcn.h - found
-- Looking for libdl - found
-- Found DL: TRUE  
-- Found tinyobjloader: /usr/lib/x86_64-linux-gnu/cmake/tinyobjloader/tinyobjloader-config.cmake (found version "2.0.0") 
-- Searching for <ignition-common3> component [graphics]
-- Looking for ignition-common3-graphics -- found version 3.14.0
-- Searching for dependencies of ignition-common3-graphics
-- Looking for ignition-math6 -- found version 6.15.1
-- Looking for ignition-fuel_tools4 -- found version 4.4.0
-- Searching for dependencies of ignition-fuel_tools4
-- Found CURL: /usr/lib/x86_64-linux-gnu/libcurl.so (found version "7.81.0")  
-- Checking for module 'jsoncpp'
--   Found jsoncpp, version 1.9.5
-- Found JSONCPP: TRUE  
-- Checking for module 'libzip'
--   Found libzip, version 1.7.3
-- Found ZIP: TRUE  
-- Looking for ignition-common3 -- found version 3.14.0
-- Looking for ignition-math6 -- found version 6.15.1
-- Looking for ignition-msgs5 -- found version 5.8.1
-- Gazebo version: 11.10
-- Checking for module 'tbb'
--   Found tbb, version 2021.5.0
-- Found robot_state_publisher: 3.0.3 (/opt/ros/humble/share/robot_state_publisher/cmake)
-- Found eigen3_cmake_module: 0.1.1 (/opt/ros/humble/share/eigen3_cmake_module/cmake)
-- Found Eigen3: TRUE (found version "3.4.0") 
-- Ensuring Eigen3 include directory is part of orocos-kdl CMake target
-- Found xacro: 2.0.13 (/opt/ros/humble/share/xacro/cmake)
-- Found ros2_control: 2.51.0 (/opt/ros/humble/share/ros2_control/cmake)
-- Found ros2_controllers: 2.48.0 (/opt/ros/humble/share/ros2_controllers/cmake)
-- Found gazebo_ros2_control: 0.4.10 (/opt/ros/humble/share/gazebo_ros2_control/cmake)
-- Found ament_lint_auto: 0.12.14 (/opt/ros/humble/share/ament_lint_auto/cmake)
-- Added test 'copyright' to check source files copyright and LICENSE
-- Added test 'flake8' to check Python code syntax and style conventions
-- Added test 'lint_cmake' to check CMake code style
-- Added test 'pep257' to check Python code against some of the docstring style conventions in PEP 257
-- Added test 'xmllint' to check XML markup files
-- Configuring done
-- Generating done
-- Build files have been written to: /home/pedro/ros2_ws/build/robot_ras_ros
-- Install configuration: ""
-- Installing: /home/pedro/ros2_ws/install/robot_ras_ros/share/robot_ras_ros/urdf
-- Installing: /home/pedro/ros2_ws/install/robot_ras_ros/share/robot_ras_ros/urdf/lidar.xacro
-- Installing: /home/pedro/ros2_ws/install/robot_ras_ros/share/robot_ras_ros/urdf/gazebo_elementos.xacro
-- Installing: /home/pedro/ros2_ws/install/robot_ras_ros/share/robot_ras_ros/urdf/robot.urdf.xacro
-- Installing: /home/pedro/ros2_ws/install/robot_ras_ros/share/robot_ras_ros/urdf/roda_boba.xacro
-- Installing: /home/pedro/ros2_ws/install/robot_ras_ros/share/robot_ras_ros/urdf/chassis.xacro
-- Installing: /home/pedro/ros2_ws/install/robot_ras_ros/share/robot_ras_ros/urdf/materiais.xacro
-- Installing: /home/pedro/ros2_ws/install/robot_ras_ros/share/robot_ras_ros/urdf/propriedades.xacro
-- Installing: /home/pedro/ros2_ws/install/robot_ras_ros/share/robot_ras_ros/urdf/roda.xacro
-- Installing: /home/pedro/ros2_ws/install/robot_ras_ros/share/robot_ras_ros/launch
-- Installing: /home/pedro/ros2_ws/install/robot_ras_ros/share/robot_ras_ros/launch/gazebo.launch.py
-- Installing: /home/pedro/ros2_ws/install/robot_ras_ros/share/robot_ras_ros/launch/spawn.launch.py
-- Installing: /home/pedro/ros2_ws/install/robot_ras_ros/share/robot_ras_ros/worlds
-- Installing: /home/pedro/ros2_ws/install/robot_ras_ros/share/robot_ras_ros/worlds/labirinth.world
-- Installing: /home/pedro/ros2_ws/install/robot_ras_ros/share/robot_ras_ros/worlds/hacka_labirinth.world
-- Installing: /home/pedro/ros2_ws/install/robot_ras_ros/share/robot_ras_ros/params
-- Installing: /home/pedro/ros2_ws/install/robot_ras_ros/share/robot_ras_ros/params/ros2_control.yaml
-- Installing: /home/pedro/ros2_ws/install/robot_ras_ros/share/robot_ras_ros/rviz
-- Installing: /home/pedro/ros2_ws/install/robot_ras_ros/share/robot_ras_ros/rviz/default.rviz
-- Installing: /home/pedro/ros2_ws/install/robot_ras_ros/share/robot_ras_ros/models
-- Installing: /home/pedro/ros2_ws/install/robot_ras_ros/share/robot_ras_ros/models/hacka_wall
-- Installing: /home/pedro/ros2_ws/install/robot_ras_ros/share/robot_ras_ros/models/hacka_wall/model.sdf
-- Installing: /home/pedro/ros2_ws/install/robot_ras_ros/share/robot_ras_ros/models/hacka_wall/model.config
-- Installing: /home/pedro/ros2_ws/install/robot_ras_ros/share/robot_ras_ros/models/walls
-- Installing: /home/pedro/ros2_ws/install/robot_ras_ros/share/robot_ras_ros/models/walls/model.sdf
-- Installing: /home/pedro/ros2_ws/install/robot_ras_ros/share/robot_ras_ros/models/walls/model.config
-- Installing: /home/pedro/ros2_ws/install/robot_ras_ros/share/robot_ras_ros/models/labirinth
-- Installing: /home/pedro/ros2_ws/install/robot_ras_ros/share/robot_ras_ros/models/labirinth/model.sdf
-- Installing: /home/pedro/ros2_ws/install/robot_ras_ros/share/robot_ras_ros/models/labirinth/model.config
-- Installing: /home/pedro/ros2_ws/install/robot_ras_ros/share/robot_ras_ros/models/hacka_labirinth
-- Installing: /home/pedro/ros2_ws/install/robot_ras_ros/share/robot_ras_ros/models/hacka_labirinth/model.sdf
-- Installing: /home/pedro/ros2_ws/install/robot_ras_ros/share/robot_ras_ros/models/hacka_labirinth/model.config
-- Installing: /home/pedro/ros2_ws/install/robot_ras_ros/share/robot_ras_ros/package.xml
-- Installing: /home/pedro/ros2_ws/install/robot_ras_ros/share/ament_index/resource_index/package_run_dependencies/robot_ras_ros
-- Installing: /home/pedro/ros2_ws/install/robot_ras_ros/share/ament_index/resource_index/parent_prefix_path/robot_ras_ros
-- Installing: /home/pedro/ros2_ws/install/robot_ras_ros/share/robot_ras_ros/environment/ament_prefix_path.sh
-- Installing: /home/pedro/ros2_ws/install/robot_ras_ros/share/robot_ras_ros/environment/ament_prefix_path.dsv
-- Installing: /home/pedro/ros2_ws/install/robot_ras_ros/share/robot_ras_ros/environment/path.sh
-- Installing: /home/pedro/ros2_ws/install/robot_ras_ros/share/robot_ras_ros/environment/path.dsv
-- Installing: /home/pedro/ros2_ws/install/robot_ras_ros/share/robot_ras_ros/local_setup.bash
-- Installing: /home/pedro/ros2_ws/install/robot_ras_ros/share/robot_ras_ros/local_setup.sh
-- Installing: /home/pedro/ros2_ws/install/robot_ras_ros/share/robot_ras_ros/local_setup.zsh
-- Installing: /home/pedro/ros2_ws/install/robot_ras_ros/share/robot_ras_ros/local_setup.dsv
-- Installing: /home/pedro/ros2_ws/install/robot_ras_ros/share/robot_ras_ros/package.dsv
-- Installing: /home/pedro/ros2_ws/install/robot_ras_ros/share/ament_index/resource_index/packages/robot_ras_ros
-- Installing: /home/pedro/ros2_ws/install/robot_ras_ros/share/robot_ras_ros/cmake/robot_ras_rosConfig.cmake
-- Installing: /home/pedro/ros2_ws/install/robot_ras_ros/share/robot_ras_ros/cmake/robot_ras_rosConfig-version.cmake
-- Up-to-date: /home/pedro/ros2_ws/install/robot_ras_ros/share/robot_ras_ros/package.xml
