[0.092s] DEBUG:colcon:Command line arguments: ['/usr/bin/colcon', 'build']
[0.092s] DEBUG:colcon:Parsed command line arguments: Namespace(log_base=None, log_level=None, verb_name='build', build_base='build', install_base='install', merge_install=False, symlink_install=False, test_result_base=None, continue_on_error=False, executor='parallel', parallel_workers=6, event_handlers=None, ignore_user_meta=False, metas=['./colcon.meta'], base_paths=['.'], packages_ignore=None, packages_ignore_regex=None, paths=None, packages_up_to=None, packages_up_to_regex=None, packages_above=None, packages_above_and_dependencies=None, packages_above_depth=None, packages_select_by_dep=None, packages_skip_by_dep=None, packages_skip_up_to=None, packages_select_build_failed=False, packages_skip_build_finished=False, packages_select_test_failures=False, packages_skip_test_passed=False, packages_select=None, packages_skip=None, packages_select_regex=None, packages_skip_regex=None, packages_start=None, packages_end=None, allow_overriding=[], cmake_args=None, cmake_target=None, cmake_target_skip_unavailable=False, cmake_clean_cache=False, cmake_clean_first=False, cmake_force_configure=False, ament_cmake_args=None, catkin_cmake_args=None, catkin_skip_building_tests=False, verb_parser=<colcon_defaults.argument_parser.defaults.DefaultArgumentsDecorator object at 0x7c0033a0b610>, verb_extension=<colcon_core.verb.build.BuildVerb object at 0x7c0033b74730>, main=<bound method BuildVerb.main of <colcon_core.verb.build.BuildVerb object at 0x7c0033b74730>>)
[0.237s] Level 1:colcon.colcon_core.package_discovery:discover_packages(colcon_meta) check parameters
[0.237s] Level 1:colcon.colcon_core.package_discovery:discover_packages(recursive) check parameters
[0.237s] Level 1:colcon.colcon_core.package_discovery:discover_packages(ignore) check parameters
[0.237s] Level 1:colcon.colcon_core.package_discovery:discover_packages(path) check parameters
[0.237s] Level 1:colcon.colcon_core.package_discovery:discover_packages(colcon_meta) discover
[0.237s] Level 1:colcon.colcon_core.package_discovery:discover_packages(recursive) discover
[0.237s] INFO:colcon.colcon_core.package_discovery:Crawling recursively for packages in '/home/pedro/ros2_ws'
[0.238s] Level 1:colcon.colcon_core.package_identification:_identify(.) by extensions ['ignore', 'ignore_ament_install']
[0.238s] Level 1:colcon.colcon_core.package_identification:_identify(.) by extension 'ignore'
[0.238s] Level 1:colcon.colcon_core.package_identification:_identify(.) by extension 'ignore_ament_install'
[0.238s] Level 1:colcon.colcon_core.package_identification:_identify(.) by extensions ['colcon_pkg']
[0.238s] Level 1:colcon.colcon_core.package_identification:_identify(.) by extension 'colcon_pkg'
[0.238s] Level 1:colcon.colcon_core.package_identification:_identify(.) by extensions ['colcon_meta']
[0.238s] Level 1:colcon.colcon_core.package_identification:_identify(.) by extension 'colcon_meta'
[0.238s] Level 1:colcon.colcon_core.package_identification:_identify(.) by extensions ['ros']
[0.238s] Level 1:colcon.colcon_core.package_identification:_identify(.) by extension 'ros'
[0.248s] Level 1:colcon.colcon_core.package_identification:_identify(.) by extensions ['cmake', 'python']
[0.248s] Level 1:colcon.colcon_core.package_identification:_identify(.) by extension 'cmake'
[0.248s] Level 1:colcon.colcon_core.package_identification:_identify(.) by extension 'python'
[0.248s] Level 1:colcon.colcon_core.package_identification:_identify(.) by extensions ['python_setup_py']
[0.248s] Level 1:colcon.colcon_core.package_identification:_identify(.) by extension 'python_setup_py'
[0.248s] Level 1:colcon.colcon_core.package_identification:_identify(build) by extensions ['ignore', 'ignore_ament_install']
[0.248s] Level 1:colcon.colcon_core.package_identification:_identify(build) by extension 'ignore'
[0.248s] Level 1:colcon.colcon_core.package_identification:_identify(build) ignored
[0.249s] Level 1:colcon.colcon_core.package_identification:_identify(install) by extensions ['ignore', 'ignore_ament_install']
[0.249s] Level 1:colcon.colcon_core.package_identification:_identify(install) by extension 'ignore'
[0.249s] Level 1:colcon.colcon_core.package_identification:_identify(install) ignored
[0.249s] Level 1:colcon.colcon_core.package_identification:_identify(log) by extensions ['ignore', 'ignore_ament_install']
[0.249s] Level 1:colcon.colcon_core.package_identification:_identify(log) by extension 'ignore'
[0.249s] Level 1:colcon.colcon_core.package_identification:_identify(log) ignored
[0.249s] Level 1:colcon.colcon_core.package_identification:_identify(src) by extensions ['ignore', 'ignore_ament_install']
[0.249s] Level 1:colcon.colcon_core.package_identification:_identify(src) by extension 'ignore'
[0.249s] Level 1:colcon.colcon_core.package_identification:_identify(src) by extension 'ignore_ament_install'
[0.249s] Level 1:colcon.colcon_core.package_identification:_identify(src) by extensions ['colcon_pkg']
[0.249s] Level 1:colcon.colcon_core.package_identification:_identify(src) by extension 'colcon_pkg'
[0.249s] Level 1:colcon.colcon_core.package_identification:_identify(src) by extensions ['colcon_meta']
[0.249s] Level 1:colcon.colcon_core.package_identification:_identify(src) by extension 'colcon_meta'
[0.249s] Level 1:colcon.colcon_core.package_identification:_identify(src) by extensions ['ros']
[0.249s] Level 1:colcon.colcon_core.package_identification:_identify(src) by extension 'ros'
[0.249s] Level 1:colcon.colcon_core.package_identification:_identify(src) by extensions ['cmake', 'python']
[0.249s] Level 1:colcon.colcon_core.package_identification:_identify(src) by extension 'cmake'
[0.250s] Level 1:colcon.colcon_core.package_identification:_identify(src) by extension 'python'
[0.250s] Level 1:colcon.colcon_core.package_identification:_identify(src) by extensions ['python_setup_py']
[0.250s] Level 1:colcon.colcon_core.package_identification:_identify(src) by extension 'python_setup_py'
[0.250s] Level 1:colcon.colcon_core.package_identification:_identify(src/ras_robot_simulation) by extensions ['ignore', 'ignore_ament_install']
[0.250s] Level 1:colcon.colcon_core.package_identification:_identify(src/ras_robot_simulation) by extension 'ignore'
[0.250s] Level 1:colcon.colcon_core.package_identification:_identify(src/ras_robot_simulation) by extension 'ignore_ament_install'
[0.250s] Level 1:colcon.colcon_core.package_identification:_identify(src/ras_robot_simulation) by extensions ['colcon_pkg']
[0.250s] Level 1:colcon.colcon_core.package_identification:_identify(src/ras_robot_simulation) by extension 'colcon_pkg'
[0.250s] Level 1:colcon.colcon_core.package_identification:_identify(src/ras_robot_simulation) by extensions ['colcon_meta']
[0.250s] Level 1:colcon.colcon_core.package_identification:_identify(src/ras_robot_simulation) by extension 'colcon_meta'
[0.250s] Level 1:colcon.colcon_core.package_identification:_identify(src/ras_robot_simulation) by extensions ['ros']
[0.250s] Level 1:colcon.colcon_core.package_identification:_identify(src/ras_robot_simulation) by extension 'ros'
[0.252s] DEBUG:colcon.colcon_core.package_identification:Package 'src/ras_robot_simulation' with type 'ros.ament_cmake' and name 'robot_ras_ros'
[0.252s] Level 1:colcon.colcon_core.package_identification:_identify(src/robot_ras_decision) by extensions ['ignore', 'ignore_ament_install']
[0.252s] Level 1:colcon.colcon_core.package_identification:_identify(src/robot_ras_decision) by extension 'ignore'
[0.252s] Level 1:colcon.colcon_core.package_identification:_identify(src/robot_ras_decision) by extension 'ignore_ament_install'
[0.252s] Level 1:colcon.colcon_core.package_identification:_identify(src/robot_ras_decision) by extensions ['colcon_pkg']
[0.252s] Level 1:colcon.colcon_core.package_identification:_identify(src/robot_ras_decision) by extension 'colcon_pkg'
[0.253s] Level 1:colcon.colcon_core.package_identification:_identify(src/robot_ras_decision) by extensions ['colcon_meta']
[0.253s] Level 1:colcon.colcon_core.package_identification:_identify(src/robot_ras_decision) by extension 'colcon_meta'
[0.253s] Level 1:colcon.colcon_core.package_identification:_identify(src/robot_ras_decision) by extensions ['ros']
[0.253s] Level 1:colcon.colcon_core.package_identification:_identify(src/robot_ras_decision) by extension 'ros'
[0.253s] DEBUG:colcon.colcon_core.package_identification:Package 'src/robot_ras_decision' with type 'ros.ament_cmake' and name 'robot_ras_decision'
[0.253s] Level 1:colcon.colcon_core.package_discovery:discover_packages(recursive) using defaults
[0.253s] Level 1:colcon.colcon_core.package_discovery:discover_packages(ignore) discover
[0.253s] Level 1:colcon.colcon_core.package_discovery:discover_packages(ignore) using defaults
[0.254s] Level 1:colcon.colcon_core.package_discovery:discover_packages(path) discover
[0.254s] Level 1:colcon.colcon_core.package_discovery:discover_packages(path) using defaults
[0.271s] Level 1:colcon.colcon_core.package_discovery:discover_packages(prefix_path) check parameters
[0.271s] Level 1:colcon.colcon_core.package_discovery:discover_packages(prefix_path) discover
[0.273s] DEBUG:colcon.colcon_installed_package_information.package_discovery:Found 2 installed packages in /home/pedro/ros2_ws/install
[0.274s] DEBUG:colcon.colcon_installed_package_information.package_discovery:Found 322 installed packages in /opt/ros/humble
[0.284s] Level 1:colcon.colcon_core.package_discovery:discover_packages(prefix_path) using defaults
[0.322s] Level 5:colcon.colcon_core.verb:set package 'robot_ras_decision' build argument 'cmake_args' from command line to 'None'
[0.322s] Level 5:colcon.colcon_core.verb:set package 'robot_ras_decision' build argument 'cmake_target' from command line to 'None'
[0.322s] Level 5:colcon.colcon_core.verb:set package 'robot_ras_decision' build argument 'cmake_target_skip_unavailable' from command line to 'False'
[0.323s] Level 5:colcon.colcon_core.verb:set package 'robot_ras_decision' build argument 'cmake_clean_cache' from command line to 'False'
[0.323s] Level 5:colcon.colcon_core.verb:set package 'robot_ras_decision' build argument 'cmake_clean_first' from command line to 'False'
[0.323s] Level 5:colcon.colcon_core.verb:set package 'robot_ras_decision' build argument 'cmake_force_configure' from command line to 'False'
[0.323s] Level 5:colcon.colcon_core.verb:set package 'robot_ras_decision' build argument 'ament_cmake_args' from command line to 'None'
[0.323s] Level 5:colcon.colcon_core.verb:set package 'robot_ras_decision' build argument 'catkin_cmake_args' from command line to 'None'
[0.323s] Level 5:colcon.colcon_core.verb:set package 'robot_ras_decision' build argument 'catkin_skip_building_tests' from command line to 'False'
[0.323s] DEBUG:colcon.colcon_core.verb:Building package 'robot_ras_decision' with the following arguments: {'ament_cmake_args': None, 'build_base': '/home/pedro/ros2_ws/build/robot_ras_decision', 'catkin_cmake_args': None, 'catkin_skip_building_tests': False, 'cmake_args': None, 'cmake_clean_cache': False, 'cmake_clean_first': False, 'cmake_force_configure': False, 'cmake_target': None, 'cmake_target_skip_unavailable': False, 'install_base': '/home/pedro/ros2_ws/install/robot_ras_decision', 'merge_install': False, 'path': '/home/pedro/ros2_ws/src/robot_ras_decision', 'symlink_install': False, 'test_result_base': None}
[0.323s] Level 5:colcon.colcon_core.verb:set package 'robot_ras_ros' build argument 'cmake_args' from command line to 'None'
[0.323s] Level 5:colcon.colcon_core.verb:set package 'robot_ras_ros' build argument 'cmake_target' from command line to 'None'
[0.323s] Level 5:colcon.colcon_core.verb:set package 'robot_ras_ros' build argument 'cmake_target_skip_unavailable' from command line to 'False'
[0.323s] Level 5:colcon.colcon_core.verb:set package 'robot_ras_ros' build argument 'cmake_clean_cache' from command line to 'False'
[0.323s] Level 5:colcon.colcon_core.verb:set package 'robot_ras_ros' build argument 'cmake_clean_first' from command line to 'False'
[0.323s] Level 5:colcon.colcon_core.verb:set package 'robot_ras_ros' build argument 'cmake_force_configure' from command line to 'False'
[0.323s] Level 5:colcon.colcon_core.verb:set package 'robot_ras_ros' build argument 'ament_cmake_args' from command line to 'None'
[0.323s] Level 5:colcon.colcon_core.verb:set package 'robot_ras_ros' build argument 'catkin_cmake_args' from command line to 'None'
[0.323s] Level 5:colcon.colcon_core.verb:set package 'robot_ras_ros' build argument 'catkin_skip_building_tests' from command line to 'False'
[0.323s] DEBUG:colcon.colcon_core.verb:Building package 'robot_ras_ros' with the following arguments: {'ament_cmake_args': None, 'build_base': '/home/pedro/ros2_ws/build/robot_ras_ros', 'catkin_cmake_args': None, 'catkin_skip_building_tests': False, 'cmake_args': None, 'cmake_clean_cache': False, 'cmake_clean_first': False, 'cmake_force_configure': False, 'cmake_target': None, 'cmake_target_skip_unavailable': False, 'install_base': '/home/pedro/ros2_ws/install/robot_ras_ros', 'merge_install': False, 'path': '/home/pedro/ros2_ws/src/ras_robot_simulation', 'symlink_install': False, 'test_result_base': None}
[0.323s] INFO:colcon.colcon_core.executor:Executing jobs using 'parallel' executor
[0.324s] DEBUG:colcon.colcon_parallel_executor.executor.parallel:run_until_complete
[0.324s] INFO:colcon.colcon_ros.task.ament_cmake.build:Building ROS package in '/home/pedro/ros2_ws/src/robot_ras_decision' with build type 'ament_cmake'
[0.325s] INFO:colcon.colcon_cmake.task.cmake.build:Building CMake package in '/home/pedro/ros2_ws/src/robot_ras_decision'
[0.326s] INFO:colcon.colcon_core.plugin_system:Skipping extension 'colcon_core.shell.bat': Not used on non-Windows systems
[0.326s] INFO:colcon.colcon_core.shell:Skip shell extension 'powershell' for command environment: Not usable outside of PowerShell
[0.326s] DEBUG:colcon.colcon_core.shell:Skip shell extension 'dsv' for command environment
[0.330s] INFO:colcon.colcon_ros.task.ament_cmake.build:Building ROS package in '/home/pedro/ros2_ws/src/ras_robot_simulation' with build type 'ament_cmake'
[0.330s] INFO:colcon.colcon_cmake.task.cmake.build:Building CMake package in '/home/pedro/ros2_ws/src/ras_robot_simulation'
[0.330s] INFO:colcon.colcon_core.shell:Skip shell extension 'powershell' for command environment: Not usable outside of PowerShell
[0.331s] DEBUG:colcon.colcon_core.shell:Skip shell extension 'dsv' for command environment
[0.338s] DEBUG:colcon.colcon_core.event_handler.log_command:Invoking command in '/home/pedro/ros2_ws/build/robot_ras_decision': CMAKE_PREFIX_PATH=${CMAKE_PREFIX_PATH}:/opt/ros/humble /usr/bin/cmake --build /home/pedro/ros2_ws/build/robot_ras_decision -- -j6 -l6
[0.342s] DEBUG:colcon.colcon_core.event_handler.log_command:Invoking command in '/home/pedro/ros2_ws/build/robot_ras_ros': CMAKE_PREFIX_PATH=${CMAKE_PREFIX_PATH}:/opt/ros/humble /usr/bin/cmake --build /home/pedro/ros2_ws/build/robot_ras_ros -- -j6 -l6
[0.385s] DEBUG:colcon.colcon_core.event_handler.log_command:Invoked command in '/home/pedro/ros2_ws/build/robot_ras_ros' returned '0': CMAKE_PREFIX_PATH=${CMAKE_PREFIX_PATH}:/opt/ros/humble /usr/bin/cmake --build /home/pedro/ros2_ws/build/robot_ras_ros -- -j6 -l6
[0.392s] DEBUG:colcon.colcon_core.event_handler.log_command:Invoking command in '/home/pedro/ros2_ws/build/robot_ras_ros': CMAKE_PREFIX_PATH=${CMAKE_PREFIX_PATH}:/opt/ros/humble /usr/bin/cmake --install /home/pedro/ros2_ws/build/robot_ras_ros
[0.406s] Level 1:colcon.colcon_core.environment:create_environment_scripts_only(robot_ras_ros)
[0.409s] DEBUG:colcon.colcon_core.event_handler.log_command:Invoked command in '/home/pedro/ros2_ws/build/robot_ras_ros' returned '0': CMAKE_PREFIX_PATH=${CMAKE_PREFIX_PATH}:/opt/ros/humble /usr/bin/cmake --install /home/pedro/ros2_ws/build/robot_ras_ros
[0.410s] Level 1:colcon.colcon_core.environment:checking '/home/pedro/ros2_ws/install/robot_ras_ros' for CMake module files
[0.412s] Level 1:colcon.colcon_core.environment:checking '/home/pedro/ros2_ws/install/robot_ras_ros' for CMake config files
[0.412s] Level 1:colcon.colcon_core.shell:create_environment_hook('robot_ras_ros', 'cmake_prefix_path')
[0.412s] INFO:colcon.colcon_core.shell:Creating environment hook '/home/pedro/ros2_ws/install/robot_ras_ros/share/robot_ras_ros/hook/cmake_prefix_path.ps1'
[0.413s] INFO:colcon.colcon_core.shell:Creating environment descriptor '/home/pedro/ros2_ws/install/robot_ras_ros/share/robot_ras_ros/hook/cmake_prefix_path.dsv'
[0.413s] INFO:colcon.colcon_core.shell:Creating environment hook '/home/pedro/ros2_ws/install/robot_ras_ros/share/robot_ras_ros/hook/cmake_prefix_path.sh'
[0.415s] Level 1:colcon.colcon_core.environment:checking '/home/pedro/ros2_ws/install/robot_ras_ros/bin'
[0.416s] Level 1:colcon.colcon_core.environment:checking '/home/pedro/ros2_ws/install/robot_ras_ros/lib/pkgconfig/robot_ras_ros.pc'
[0.416s] Level 1:colcon.colcon_core.environment:checking '/home/pedro/ros2_ws/install/robot_ras_ros/lib/python3.10/site-packages'
[0.416s] Level 1:colcon.colcon_core.environment:checking '/home/pedro/ros2_ws/install/robot_ras_ros/bin'
[0.416s] INFO:colcon.colcon_core.shell:Creating package script '/home/pedro/ros2_ws/install/robot_ras_ros/share/robot_ras_ros/package.ps1'
[0.417s] INFO:colcon.colcon_core.shell:Creating package descriptor '/home/pedro/ros2_ws/install/robot_ras_ros/share/robot_ras_ros/package.dsv'
[0.418s] INFO:colcon.colcon_core.shell:Creating package script '/home/pedro/ros2_ws/install/robot_ras_ros/share/robot_ras_ros/package.sh'
[0.419s] INFO:colcon.colcon_core.shell:Creating package script '/home/pedro/ros2_ws/install/robot_ras_ros/share/robot_ras_ros/package.bash'
[0.420s] INFO:colcon.colcon_core.shell:Creating package script '/home/pedro/ros2_ws/install/robot_ras_ros/share/robot_ras_ros/package.zsh'
[0.421s] Level 1:colcon.colcon_core.environment:create_file_with_runtime_dependencies(/home/pedro/ros2_ws/install/robot_ras_ros/share/colcon-core/packages/robot_ras_ros)
[0.421s] Level 1:colcon.colcon_core.environment:create_environment_scripts_only(robot_ras_ros)
[0.422s] Level 1:colcon.colcon_core.environment:checking '/home/pedro/ros2_ws/install/robot_ras_ros' for CMake module files
[0.422s] Level 1:colcon.colcon_core.environment:checking '/home/pedro/ros2_ws/install/robot_ras_ros' for CMake config files
[0.423s] Level 1:colcon.colcon_core.shell:create_environment_hook('robot_ras_ros', 'cmake_prefix_path')
[0.423s] INFO:colcon.colcon_core.shell:Creating environment hook '/home/pedro/ros2_ws/install/robot_ras_ros/share/robot_ras_ros/hook/cmake_prefix_path.ps1'
[0.423s] INFO:colcon.colcon_core.shell:Creating environment descriptor '/home/pedro/ros2_ws/install/robot_ras_ros/share/robot_ras_ros/hook/cmake_prefix_path.dsv'
[0.424s] INFO:colcon.colcon_core.shell:Creating environment hook '/home/pedro/ros2_ws/install/robot_ras_ros/share/robot_ras_ros/hook/cmake_prefix_path.sh'
[0.424s] Level 1:colcon.colcon_core.environment:checking '/home/pedro/ros2_ws/install/robot_ras_ros/bin'
[0.424s] Level 1:colcon.colcon_core.environment:checking '/home/pedro/ros2_ws/install/robot_ras_ros/lib/pkgconfig/robot_ras_ros.pc'
[0.424s] Level 1:colcon.colcon_core.environment:checking '/home/pedro/ros2_ws/install/robot_ras_ros/lib/python3.10/site-packages'
[0.425s] Level 1:colcon.colcon_core.environment:checking '/home/pedro/ros2_ws/install/robot_ras_ros/bin'
[0.425s] INFO:colcon.colcon_core.shell:Creating package script '/home/pedro/ros2_ws/install/robot_ras_ros/share/robot_ras_ros/package.ps1'
[0.426s] INFO:colcon.colcon_core.shell:Creating package descriptor '/home/pedro/ros2_ws/install/robot_ras_ros/share/robot_ras_ros/package.dsv'
[0.426s] INFO:colcon.colcon_core.shell:Creating package script '/home/pedro/ros2_ws/install/robot_ras_ros/share/robot_ras_ros/package.sh'
[0.426s] INFO:colcon.colcon_core.shell:Creating package script '/home/pedro/ros2_ws/install/robot_ras_ros/share/robot_ras_ros/package.bash'
[0.427s] INFO:colcon.colcon_core.shell:Creating package script '/home/pedro/ros2_ws/install/robot_ras_ros/share/robot_ras_ros/package.zsh'
[0.427s] Level 1:colcon.colcon_core.environment:create_file_with_runtime_dependencies(/home/pedro/ros2_ws/install/robot_ras_ros/share/colcon-core/packages/robot_ras_ros)
[8.962s] DEBUG:colcon.colcon_core.event_handler.log_command:Invoked command in '/home/pedro/ros2_ws/build/robot_ras_decision' returned '0': CMAKE_PREFIX_PATH=${CMAKE_PREFIX_PATH}:/opt/ros/humble /usr/bin/cmake --build /home/pedro/ros2_ws/build/robot_ras_decision -- -j6 -l6
[8.963s] DEBUG:colcon.colcon_core.event_handler.log_command:Invoking command in '/home/pedro/ros2_ws/build/robot_ras_decision': CMAKE_PREFIX_PATH=${CMAKE_PREFIX_PATH}:/opt/ros/humble /usr/bin/cmake --install /home/pedro/ros2_ws/build/robot_ras_decision
[9.019s] Level 1:colcon.colcon_core.environment:create_environment_scripts_only(robot_ras_decision)
[9.020s] Level 1:colcon.colcon_core.environment:checking '/home/pedro/ros2_ws/install/robot_ras_decision' for CMake module files
[9.020s] DEBUG:colcon.colcon_core.event_handler.log_command:Invoked command in '/home/pedro/ros2_ws/build/robot_ras_decision' returned '0': CMAKE_PREFIX_PATH=${CMAKE_PREFIX_PATH}:/opt/ros/humble /usr/bin/cmake --install /home/pedro/ros2_ws/build/robot_ras_decision
[9.020s] Level 1:colcon.colcon_core.environment:checking '/home/pedro/ros2_ws/install/robot_ras_decision' for CMake config files
[9.021s] Level 1:colcon.colcon_core.shell:create_environment_hook('robot_ras_decision', 'cmake_prefix_path')
[9.021s] INFO:colcon.colcon_core.shell:Creating environment hook '/home/pedro/ros2_ws/install/robot_ras_decision/share/robot_ras_decision/hook/cmake_prefix_path.ps1'
[9.022s] INFO:colcon.colcon_core.shell:Creating environment descriptor '/home/pedro/ros2_ws/install/robot_ras_decision/share/robot_ras_decision/hook/cmake_prefix_path.dsv'
[9.022s] INFO:colcon.colcon_core.shell:Creating environment hook '/home/pedro/ros2_ws/install/robot_ras_decision/share/robot_ras_decision/hook/cmake_prefix_path.sh'
[9.022s] Level 1:colcon.colcon_core.environment:checking '/home/pedro/ros2_ws/install/robot_ras_decision/lib'
[9.023s] Level 1:colcon.colcon_core.shell:create_environment_hook('robot_ras_decision', 'ld_library_path_lib')
[9.023s] INFO:colcon.colcon_core.shell:Creating environment hook '/home/pedro/ros2_ws/install/robot_ras_decision/share/robot_ras_decision/hook/ld_library_path_lib.ps1'
[9.023s] INFO:colcon.colcon_core.shell:Creating environment descriptor '/home/pedro/ros2_ws/install/robot_ras_decision/share/robot_ras_decision/hook/ld_library_path_lib.dsv'
[9.023s] INFO:colcon.colcon_core.shell:Creating environment hook '/home/pedro/ros2_ws/install/robot_ras_decision/share/robot_ras_decision/hook/ld_library_path_lib.sh'
[9.024s] Level 1:colcon.colcon_core.environment:checking '/home/pedro/ros2_ws/install/robot_ras_decision/bin'
[9.024s] Level 1:colcon.colcon_core.environment:checking '/home/pedro/ros2_ws/install/robot_ras_decision/lib/pkgconfig/robot_ras_decision.pc'
[9.024s] Level 1:colcon.colcon_core.environment:checking '/home/pedro/ros2_ws/install/robot_ras_decision/lib/python3.10/site-packages'
[9.024s] Level 1:colcon.colcon_core.environment:checking '/home/pedro/ros2_ws/install/robot_ras_decision/bin'
[9.024s] INFO:colcon.colcon_core.shell:Creating package script '/home/pedro/ros2_ws/install/robot_ras_decision/share/robot_ras_decision/package.ps1'
[9.025s] INFO:colcon.colcon_core.shell:Creating package descriptor '/home/pedro/ros2_ws/install/robot_ras_decision/share/robot_ras_decision/package.dsv'
[9.025s] INFO:colcon.colcon_core.shell:Creating package script '/home/pedro/ros2_ws/install/robot_ras_decision/share/robot_ras_decision/package.sh'
[9.026s] INFO:colcon.colcon_core.shell:Creating package script '/home/pedro/ros2_ws/install/robot_ras_decision/share/robot_ras_decision/package.bash'
[9.026s] INFO:colcon.colcon_core.shell:Creating package script '/home/pedro/ros2_ws/install/robot_ras_decision/share/robot_ras_decision/package.zsh'
[9.026s] Level 1:colcon.colcon_core.environment:create_file_with_runtime_dependencies(/home/pedro/ros2_ws/install/robot_ras_decision/share/colcon-core/packages/robot_ras_decision)
[9.027s] Level 1:colcon.colcon_core.environment:create_environment_scripts_only(robot_ras_decision)
[9.027s] Level 1:colcon.colcon_core.environment:checking '/home/pedro/ros2_ws/install/robot_ras_decision' for CMake module files
[9.027s] Level 1:colcon.colcon_core.environment:checking '/home/pedro/ros2_ws/install/robot_ras_decision' for CMake config files
[9.028s] Level 1:colcon.colcon_core.shell:create_environment_hook('robot_ras_decision', 'cmake_prefix_path')
[9.028s] INFO:colcon.colcon_core.shell:Creating environment hook '/home/pedro/ros2_ws/install/robot_ras_decision/share/robot_ras_decision/hook/cmake_prefix_path.ps1'
[9.029s] INFO:colcon.colcon_core.shell:Creating environment descriptor '/home/pedro/ros2_ws/install/robot_ras_decision/share/robot_ras_decision/hook/cmake_prefix_path.dsv'
[9.029s] INFO:colcon.colcon_core.shell:Creating environment hook '/home/pedro/ros2_ws/install/robot_ras_decision/share/robot_ras_decision/hook/cmake_prefix_path.sh'
[9.029s] Level 1:colcon.colcon_core.environment:checking '/home/pedro/ros2_ws/install/robot_ras_decision/lib'
[9.029s] Level 1:colcon.colcon_core.shell:create_environment_hook('robot_ras_decision', 'ld_library_path_lib')
[9.030s] INFO:colcon.colcon_core.shell:Creating environment hook '/home/pedro/ros2_ws/install/robot_ras_decision/share/robot_ras_decision/hook/ld_library_path_lib.ps1'
[9.030s] INFO:colcon.colcon_core.shell:Creating environment descriptor '/home/pedro/ros2_ws/install/robot_ras_decision/share/robot_ras_decision/hook/ld_library_path_lib.dsv'
[9.030s] INFO:colcon.colcon_core.shell:Creating environment hook '/home/pedro/ros2_ws/install/robot_ras_decision/share/robot_ras_decision/hook/ld_library_path_lib.sh'
[9.031s] Level 1:colcon.colcon_core.environment:checking '/home/pedro/ros2_ws/install/robot_ras_decision/bin'
[9.031s] Level 1:colcon.colcon_core.environment:checking '/home/pedro/ros2_ws/install/robot_ras_decision/lib/pkgconfig/robot_ras_decision.pc'
[9.031s] Level 1:colcon.colcon_core.environment:checking '/home/pedro/ros2_ws/install/robot_ras_decision/lib/python3.10/site-packages'
[9.031s] Level 1:colcon.colcon_core.environment:checking '/home/pedro/ros2_ws/install/robot_ras_decision/bin'
[9.031s] INFO:colcon.colcon_core.shell:Creating package script '/home/pedro/ros2_ws/install/robot_ras_decision/share/robot_ras_decision/package.ps1'
[9.032s] INFO:colcon.colcon_core.shell:Creating package descriptor '/home/pedro/ros2_ws/install/robot_ras_decision/share/robot_ras_decision/package.dsv'
[9.032s] INFO:colcon.colcon_core.shell:Creating package script '/home/pedro/ros2_ws/install/robot_ras_decision/share/robot_ras_decision/package.sh'
[9.033s] INFO:colcon.colcon_core.shell:Creating package script '/home/pedro/ros2_ws/install/robot_ras_decision/share/robot_ras_decision/package.bash'
[9.033s] INFO:colcon.colcon_core.shell:Creating package script '/home/pedro/ros2_ws/install/robot_ras_decision/share/robot_ras_decision/package.zsh'
[9.033s] Level 1:colcon.colcon_core.environment:create_file_with_runtime_dependencies(/home/pedro/ros2_ws/install/robot_ras_decision/share/colcon-core/packages/robot_ras_decision)
[9.033s] DEBUG:colcon.colcon_parallel_executor.executor.parallel:closing loop
[9.034s] DEBUG:colcon.colcon_parallel_executor.executor.parallel:loop closed
[9.034s] DEBUG:colcon.colcon_parallel_executor.executor.parallel:run_until_complete finished with '0'
[9.034s] DEBUG:colcon.colcon_core.event_reactor:joining thread
[9.038s] INFO:colcon.colcon_core.plugin_system:Skipping extension 'colcon_notification.desktop_notification.terminal_notifier': Not used on non-Darwin systems
[9.038s] INFO:colcon.colcon_core.plugin_system:Skipping extension 'colcon_notification.desktop_notification.win32': Not used on non-Windows systems
[9.038s] INFO:colcon.colcon_notification.desktop_notification:Sending desktop notification using 'notify2'
[9.045s] DEBUG:colcon.colcon_core.event_reactor:joined thread
[9.046s] INFO:colcon.colcon_core.shell:Creating prefix script '/home/pedro/ros2_ws/install/local_setup.ps1'
[9.047s] INFO:colcon.colcon_core.shell:Creating prefix util module '/home/pedro/ros2_ws/install/_local_setup_util_ps1.py'
[9.048s] INFO:colcon.colcon_core.shell:Creating prefix chain script '/home/pedro/ros2_ws/install/setup.ps1'
[9.049s] INFO:colcon.colcon_core.shell:Creating prefix script '/home/pedro/ros2_ws/install/local_setup.sh'
[9.049s] INFO:colcon.colcon_core.shell:Creating prefix util module '/home/pedro/ros2_ws/install/_local_setup_util_sh.py'
[9.050s] INFO:colcon.colcon_core.shell:Creating prefix chain script '/home/pedro/ros2_ws/install/setup.sh'
[9.051s] INFO:colcon.colcon_core.shell:Creating prefix script '/home/pedro/ros2_ws/install/local_setup.bash'
[9.051s] INFO:colcon.colcon_core.shell:Creating prefix chain script '/home/pedro/ros2_ws/install/setup.bash'
[9.052s] INFO:colcon.colcon_core.shell:Creating prefix script '/home/pedro/ros2_ws/install/local_setup.zsh'
[9.053s] INFO:colcon.colcon_core.shell:Creating prefix chain script '/home/pedro/ros2_ws/install/setup.zsh'
