[  2%] Built target robot_ras_decision__cpp
[ 11%] Built target robot_ras_decision__rosidl_generator_c
[ 11%] Built target ament_cmake_python_copy_robot_ras_decision
[ 20%] Built target robot_ras_decision__rosidl_typesupport_introspection_cpp
[ 30%] Built target robot_ras_decision__rosidl_typesupport_fastrtps_cpp
[ 39%] Built target robot_ras_decision__rosidl_typesupport_cpp
[ 48%] Built target robot_ras_decision__rosidl_typesupport_fastrtps_c
[ 58%] Built target robot_ras_decision__rosidl_typesupport_c
[ 67%] Built target robot_ras_decision__rosidl_typesupport_introspection_c
[ 67%] Built target robot_ras_decision
[35m[1mConsolidate compiler generated dependencies of target MovementControl[0m
[ 69%] Built target robot_ras_decision__py
[ 72%] [32mBuilding CXX object CMakeFiles/Manager.dir/src/manager.cpp.o[0m
[ 76%] Built target MovementControl
[ 83%] Built target robot_ras_decision__rosidl_generator_py
[ 93%] Built target robot_ras_decision__rosidl_typesupport_c__pyext
[ 93%] Built target robot_ras_decision__rosidl_typesupport_introspection_c__pyext
[ 97%] Built target robot_ras_decision__rosidl_typesupport_fastrtps_c__pyext
running egg_info
writing robot_ras_decision.egg-info/PKG-INFO
writing dependency_links to robot_ras_decision.egg-info/dependency_links.txt
writing top-level names to robot_ras_decision.egg-info/top_level.txt
reading manifest file 'robot_ras_decision.egg-info/SOURCES.txt'
writing manifest file 'robot_ras_decision.egg-info/SOURCES.txt'
[ 97%] Built target ament_cmake_python_build_robot_ras_decision_egg
