[0.013s] Invoking command in '/home/pedro/ros2_ws/build/robot_ras_ros': CMAKE_PREFIX_PATH=${CMAKE_PREFIX_PATH}:/opt/ros/humble /usr/bin/cmake --build /home/pedro/ros2_ws/build/robot_ras_ros -- -j6 -l6
[0.064s] Invoked command in '/home/pedro/ros2_ws/build/robot_ras_ros' returned '0': CMAKE_PREFIX_PATH=${CMAKE_PREFIX_PATH}:/opt/ros/humble /usr/bin/cmake --build /home/pedro/ros2_ws/build/robot_ras_ros -- -j6 -l6
[0.082s] Invoking command in '/home/pedro/ros2_ws/build/robot_ras_ros': CMAKE_PREFIX_PATH=${CMAKE_PREFIX_PATH}:/opt/ros/humble /usr/bin/cmake --install /home/pedro/ros2_ws/build/robot_ras_ros
[0.097s] -- Install configuration: ""
[0.098s] -- Up-to-date: /home/pedro/ros2_ws/install/robot_ras_ros/share/robot_ras_ros/urdf
[0.098s] -- Up-to-date: /home/pedro/ros2_ws/install/robot_ras_ros/share/robot_ras_ros/urdf/lidar.xacro
[0.099s] -- Up-to-date: /home/pedro/ros2_ws/install/robot_ras_ros/share/robot_ras_ros/urdf/gazebo_elementos.xacro
[0.099s] -- Up-to-date: /home/pedro/ros2_ws/install/robot_ras_ros/share/robot_ras_ros/urdf/robot.urdf.xacro
[0.099s] -- Up-to-date: /home/pedro/ros2_ws/install/robot_ras_ros/share/robot_ras_ros/urdf/roda_boba.xacro
[0.099s] -- Up-to-date: /home/pedro/ros2_ws/install/robot_ras_ros/share/robot_ras_ros/urdf/chassis.xacro
[0.099s] -- Up-to-date: /home/pedro/ros2_ws/install/robot_ras_ros/share/robot_ras_ros/urdf/materiais.xacro
[0.099s] -- Up-to-date: /home/pedro/ros2_ws/install/robot_ras_ros/share/robot_ras_ros/urdf/propriedades.xacro
[0.099s] -- Up-to-date: /home/pedro/ros2_ws/install/robot_ras_ros/share/robot_ras_ros/urdf/roda.xacro
[0.099s] -- Up-to-date: /home/pedro/ros2_ws/install/robot_ras_ros/share/robot_ras_ros/launch
[0.099s] -- Up-to-date: /home/pedro/ros2_ws/install/robot_ras_ros/share/robot_ras_ros/launch/gazebo.launch.py
[0.099s] -- Up-to-date: /home/pedro/ros2_ws/install/robot_ras_ros/share/robot_ras_ros/launch/spawn.launch.py
[0.099s] -- Up-to-date: /home/pedro/ros2_ws/install/robot_ras_ros/share/robot_ras_ros/worlds
[0.100s] -- Up-to-date: /home/pedro/ros2_ws/install/robot_ras_ros/share/robot_ras_ros/worlds/labirinth.world
[0.100s] -- Up-to-date: /home/pedro/ros2_ws/install/robot_ras_ros/share/robot_ras_ros/worlds/hacka_labirinth.world
[0.100s] -- Up-to-date: /home/pedro/ros2_ws/install/robot_ras_ros/share/robot_ras_ros/params
[0.103s] -- Up-to-date: /home/pedro/ros2_ws/install/robot_ras_ros/share/robot_ras_ros/params/ros2_control.yaml
[0.103s] -- Up-to-date: /home/pedro/ros2_ws/install/robot_ras_ros/share/robot_ras_ros/rviz
[0.103s] -- Up-to-date: /home/pedro/ros2_ws/install/robot_ras_ros/share/robot_ras_ros/rviz/default.rviz
[0.103s] -- Up-to-date: /home/pedro/ros2_ws/install/robot_ras_ros/share/robot_ras_ros/models
[0.103s] -- Up-to-date: /home/pedro/ros2_ws/install/robot_ras_ros/share/robot_ras_ros/models/hacka_wall
[0.103s] -- Up-to-date: /home/pedro/ros2_ws/install/robot_ras_ros/share/robot_ras_ros/models/hacka_wall/model.sdf
[0.103s] -- Up-to-date: /home/pedro/ros2_ws/install/robot_ras_ros/share/robot_ras_ros/models/hacka_wall/model.config
[0.103s] -- Up-to-date: /home/pedro/ros2_ws/install/robot_ras_ros/share/robot_ras_ros/models/walls
[0.103s] -- Up-to-date: /home/pedro/ros2_ws/install/robot_ras_ros/share/robot_ras_ros/models/walls/model.sdf
[0.103s] -- Up-to-date: /home/pedro/ros2_ws/install/robot_ras_ros/share/robot_ras_ros/models/walls/model.config
[0.103s] -- Up-to-date: /home/pedro/ros2_ws/install/robot_ras_ros/share/robot_ras_ros/models/labirinth
[0.103s] -- Up-to-date: /home/pedro/ros2_ws/install/robot_ras_ros/share/robot_ras_ros/models/labirinth/model.sdf
[0.103s] -- Up-to-date: /home/pedro/ros2_ws/install/robot_ras_ros/share/robot_ras_ros/models/labirinth/model.config
[0.103s] -- Up-to-date: /home/pedro/ros2_ws/install/robot_ras_ros/share/robot_ras_ros/models/hacka_labirinth
[0.103s] -- Up-to-date: /home/pedro/ros2_ws/install/robot_ras_ros/share/robot_ras_ros/models/hacka_labirinth/model.sdf
[0.103s] -- Up-to-date: /home/pedro/ros2_ws/install/robot_ras_ros/share/robot_ras_ros/models/hacka_labirinth/model.config
[0.104s] -- Up-to-date: /home/pedro/ros2_ws/install/robot_ras_ros/share/robot_ras_ros/package.xml
[0.104s] -- Up-to-date: /home/pedro/ros2_ws/install/robot_ras_ros/share/ament_index/resource_index/package_run_dependencies/robot_ras_ros
[0.104s] -- Up-to-date: /home/pedro/ros2_ws/install/robot_ras_ros/share/ament_index/resource_index/parent_prefix_path/robot_ras_ros
[0.104s] -- Up-to-date: /home/pedro/ros2_ws/install/robot_ras_ros/share/robot_ras_ros/environment/ament_prefix_path.sh
[0.104s] -- Up-to-date: /home/pedro/ros2_ws/install/robot_ras_ros/share/robot_ras_ros/environment/ament_prefix_path.dsv
[0.104s] -- Up-to-date: /home/pedro/ros2_ws/install/robot_ras_ros/share/robot_ras_ros/environment/path.sh
[0.104s] -- Up-to-date: /home/pedro/ros2_ws/install/robot_ras_ros/share/robot_ras_ros/environment/path.dsv
[0.104s] -- Up-to-date: /home/pedro/ros2_ws/install/robot_ras_ros/share/robot_ras_ros/local_setup.bash
[0.104s] -- Up-to-date: /home/pedro/ros2_ws/install/robot_ras_ros/share/robot_ras_ros/local_setup.sh
[0.105s] -- Up-to-date: /home/pedro/ros2_ws/install/robot_ras_ros/share/robot_ras_ros/local_setup.zsh
[0.105s] -- Up-to-date: /home/pedro/ros2_ws/install/robot_ras_ros/share/robot_ras_ros/local_setup.dsv
[0.105s] -- Installing: /home/pedro/ros2_ws/install/robot_ras_ros/share/robot_ras_ros/package.dsv
[0.105s] -- Up-to-date: /home/pedro/ros2_ws/install/robot_ras_ros/share/ament_index/resource_index/packages/robot_ras_ros
[0.105s] -- Up-to-date: /home/pedro/ros2_ws/install/robot_ras_ros/share/robot_ras_ros/cmake/robot_ras_rosConfig.cmake
[0.105s] -- Up-to-date: /home/pedro/ros2_ws/install/robot_ras_ros/share/robot_ras_ros/cmake/robot_ras_rosConfig-version.cmake
[0.105s] -- Up-to-date: /home/pedro/ros2_ws/install/robot_ras_ros/share/robot_ras_ros/package.xml
[0.108s] Invoked command in '/home/pedro/ros2_ws/build/robot_ras_ros' returned '0': CMAKE_PREFIX_PATH=${CMAKE_PREFIX_PATH}:/opt/ros/humble /usr/bin/cmake --install /home/pedro/ros2_ws/build/robot_ras_ros
