[0.165s] DEBUG:colcon:Command line arguments: ['/usr/bin/colcon', 'build']
[0.165s] DEBUG:colcon:Parsed command line arguments: Namespace(log_base=None, log_level=None, verb_name='build', build_base='build', install_base='install', merge_install=False, symlink_install=False, test_result_base=None, continue_on_error=False, executor='parallel', parallel_workers=6, event_handlers=None, ignore_user_meta=False, metas=['./colcon.meta'], base_paths=['.'], packages_ignore=None, packages_ignore_regex=None, paths=None, packages_up_to=None, packages_up_to_regex=None, packages_above=None, packages_above_and_dependencies=None, packages_above_depth=None, packages_select_by_dep=None, packages_skip_by_dep=None, packages_skip_up_to=None, packages_select_build_failed=False, packages_skip_build_finished=False, packages_select_test_failures=False, packages_skip_test_passed=False, packages_select=None, packages_skip=None, packages_select_regex=None, packages_skip_regex=None, packages_start=None, packages_end=None, allow_overriding=[], cmake_args=None, cmake_target=None, cmake_target_skip_unavailable=False, cmake_clean_cache=False, cmake_clean_first=False, cmake_force_configure=False, ament_cmake_args=None, catkin_cmake_args=None, catkin_skip_building_tests=False, verb_parser=<colcon_defaults.argument_parser.defaults.DefaultArgumentsDecorator object at 0x7922e973b5b0>, verb_extension=<colcon_core.verb.build.BuildVerb object at 0x7922e98846d0>, main=<bound method BuildVerb.main of <colcon_core.verb.build.BuildVerb object at 0x7922e98846d0>>)
[0.560s] Level 1:colcon.colcon_core.package_discovery:discover_packages(colcon_meta) check parameters
[0.560s] Level 1:colcon.colcon_core.package_discovery:discover_packages(recursive) check parameters
[0.560s] Level 1:colcon.colcon_core.package_discovery:discover_packages(ignore) check parameters
[0.560s] Level 1:colcon.colcon_core.package_discovery:discover_packages(path) check parameters
[0.560s] Level 1:colcon.colcon_core.package_discovery:discover_packages(colcon_meta) discover
[0.560s] Level 1:colcon.colcon_core.package_discovery:discover_packages(recursive) discover
[0.560s] INFO:colcon.colcon_core.package_discovery:Crawling recursively for packages in '/home/pedro/ros2_ws'
[0.560s] Level 1:colcon.colcon_core.package_identification:_identify(.) by extensions ['ignore', 'ignore_ament_install']
[0.560s] Level 1:colcon.colcon_core.package_identification:_identify(.) by extension 'ignore'
[0.560s] Level 1:colcon.colcon_core.package_identification:_identify(.) by extension 'ignore_ament_install'
[0.560s] Level 1:colcon.colcon_core.package_identification:_identify(.) by extensions ['colcon_pkg']
[0.560s] Level 1:colcon.colcon_core.package_identification:_identify(.) by extension 'colcon_pkg'
[0.560s] Level 1:colcon.colcon_core.package_identification:_identify(.) by extensions ['colcon_meta']
[0.560s] Level 1:colcon.colcon_core.package_identification:_identify(.) by extension 'colcon_meta'
[0.561s] Level 1:colcon.colcon_core.package_identification:_identify(.) by extensions ['ros']
[0.561s] Level 1:colcon.colcon_core.package_identification:_identify(.) by extension 'ros'
[0.571s] Level 1:colcon.colcon_core.package_identification:_identify(.) by extensions ['cmake', 'python']
[0.571s] Level 1:colcon.colcon_core.package_identification:_identify(.) by extension 'cmake'
[0.571s] Level 1:colcon.colcon_core.package_identification:_identify(.) by extension 'python'
[0.571s] Level 1:colcon.colcon_core.package_identification:_identify(.) by extensions ['python_setup_py']
[0.571s] Level 1:colcon.colcon_core.package_identification:_identify(.) by extension 'python_setup_py'
[0.571s] Level 1:colcon.colcon_core.package_identification:_identify(build) by extensions ['ignore', 'ignore_ament_install']
[0.571s] Level 1:colcon.colcon_core.package_identification:_identify(build) by extension 'ignore'
[0.572s] Level 1:colcon.colcon_core.package_identification:_identify(build) ignored
[0.572s] Level 1:colcon.colcon_core.package_identification:_identify(install) by extensions ['ignore', 'ignore_ament_install']
[0.572s] Level 1:colcon.colcon_core.package_identification:_identify(install) by extension 'ignore'
[0.572s] Level 1:colcon.colcon_core.package_identification:_identify(install) ignored
[0.572s] Level 1:colcon.colcon_core.package_identification:_identify(log) by extensions ['ignore', 'ignore_ament_install']
[0.572s] Level 1:colcon.colcon_core.package_identification:_identify(log) by extension 'ignore'
[0.572s] Level 1:colcon.colcon_core.package_identification:_identify(log) ignored
[0.572s] Level 1:colcon.colcon_core.package_identification:_identify(src) by extensions ['ignore', 'ignore_ament_install']
[0.572s] Level 1:colcon.colcon_core.package_identification:_identify(src) by extension 'ignore'
[0.572s] Level 1:colcon.colcon_core.package_identification:_identify(src) by extension 'ignore_ament_install'
[0.572s] Level 1:colcon.colcon_core.package_identification:_identify(src) by extensions ['colcon_pkg']
[0.572s] Level 1:colcon.colcon_core.package_identification:_identify(src) by extension 'colcon_pkg'
[0.572s] Level 1:colcon.colcon_core.package_identification:_identify(src) by extensions ['colcon_meta']
[0.573s] Level 1:colcon.colcon_core.package_identification:_identify(src) by extension 'colcon_meta'
[0.573s] Level 1:colcon.colcon_core.package_identification:_identify(src) by extensions ['ros']
[0.573s] Level 1:colcon.colcon_core.package_identification:_identify(src) by extension 'ros'
[0.573s] Level 1:colcon.colcon_core.package_identification:_identify(src) by extensions ['cmake', 'python']
[0.573s] Level 1:colcon.colcon_core.package_identification:_identify(src) by extension 'cmake'
[0.573s] Level 1:colcon.colcon_core.package_identification:_identify(src) by extension 'python'
[0.573s] Level 1:colcon.colcon_core.package_identification:_identify(src) by extensions ['python_setup_py']
[0.573s] Level 1:colcon.colcon_core.package_identification:_identify(src) by extension 'python_setup_py'
[0.573s] Level 1:colcon.colcon_core.package_identification:_identify(src/ras_robot_simulation) by extensions ['ignore', 'ignore_ament_install']
[0.573s] Level 1:colcon.colcon_core.package_identification:_identify(src/ras_robot_simulation) by extension 'ignore'
[0.573s] Level 1:colcon.colcon_core.package_identification:_identify(src/ras_robot_simulation) by extension 'ignore_ament_install'
[0.573s] Level 1:colcon.colcon_core.package_identification:_identify(src/ras_robot_simulation) by extensions ['colcon_pkg']
[0.573s] Level 1:colcon.colcon_core.package_identification:_identify(src/ras_robot_simulation) by extension 'colcon_pkg'
[0.573s] Level 1:colcon.colcon_core.package_identification:_identify(src/ras_robot_simulation) by extensions ['colcon_meta']
[0.573s] Level 1:colcon.colcon_core.package_identification:_identify(src/ras_robot_simulation) by extension 'colcon_meta'
[0.573s] Level 1:colcon.colcon_core.package_identification:_identify(src/ras_robot_simulation) by extensions ['ros']
[0.573s] Level 1:colcon.colcon_core.package_identification:_identify(src/ras_robot_simulation) by extension 'ros'
[0.576s] DEBUG:colcon.colcon_core.package_identification:Package 'src/ras_robot_simulation' with type 'ros.ament_cmake' and name 'robot_ras_ros'
[0.576s] Level 1:colcon.colcon_core.package_identification:_identify(src/robot_ras_decision) by extensions ['ignore', 'ignore_ament_install']
[0.576s] Level 1:colcon.colcon_core.package_identification:_identify(src/robot_ras_decision) by extension 'ignore'
[0.576s] Level 1:colcon.colcon_core.package_identification:_identify(src/robot_ras_decision) by extension 'ignore_ament_install'
[0.576s] Level 1:colcon.colcon_core.package_identification:_identify(src/robot_ras_decision) by extensions ['colcon_pkg']
[0.576s] Level 1:colcon.colcon_core.package_identification:_identify(src/robot_ras_decision) by extension 'colcon_pkg'
[0.576s] Level 1:colcon.colcon_core.package_identification:_identify(src/robot_ras_decision) by extensions ['colcon_meta']
[0.576s] Level 1:colcon.colcon_core.package_identification:_identify(src/robot_ras_decision) by extension 'colcon_meta'
[0.576s] Level 1:colcon.colcon_core.package_identification:_identify(src/robot_ras_decision) by extensions ['ros']
[0.577s] Level 1:colcon.colcon_core.package_identification:_identify(src/robot_ras_decision) by extension 'ros'
[0.578s] DEBUG:colcon.colcon_core.package_identification:Package 'src/robot_ras_decision' with type 'ros.ament_cmake' and name 'robot_ras_decision'
[0.578s] Level 1:colcon.colcon_core.package_discovery:discover_packages(recursive) using defaults
[0.578s] Level 1:colcon.colcon_core.package_discovery:discover_packages(ignore) discover
[0.578s] Level 1:colcon.colcon_core.package_discovery:discover_packages(ignore) using defaults
[0.578s] Level 1:colcon.colcon_core.package_discovery:discover_packages(path) discover
[0.578s] Level 1:colcon.colcon_core.package_discovery:discover_packages(path) using defaults
[0.601s] Level 1:colcon.colcon_core.package_discovery:discover_packages(prefix_path) check parameters
[0.602s] Level 1:colcon.colcon_core.package_discovery:discover_packages(prefix_path) discover
[0.604s] DEBUG:colcon.colcon_installed_package_information.package_discovery:Found 2 installed packages in /home/pedro/ros2_ws/install
[0.606s] DEBUG:colcon.colcon_installed_package_information.package_discovery:Found 322 installed packages in /opt/ros/humble
[0.617s] Level 1:colcon.colcon_core.package_discovery:discover_packages(prefix_path) using defaults
[0.658s] Level 5:colcon.colcon_core.verb:set package 'robot_ras_decision' build argument 'cmake_args' from command line to 'None'
[0.658s] Level 5:colcon.colcon_core.verb:set package 'robot_ras_decision' build argument 'cmake_target' from command line to 'None'
[0.658s] Level 5:colcon.colcon_core.verb:set package 'robot_ras_decision' build argument 'cmake_target_skip_unavailable' from command line to 'False'
[0.658s] Level 5:colcon.colcon_core.verb:set package 'robot_ras_decision' build argument 'cmake_clean_cache' from command line to 'False'
[0.658s] Level 5:colcon.colcon_core.verb:set package 'robot_ras_decision' build argument 'cmake_clean_first' from command line to 'False'
[0.658s] Level 5:colcon.colcon_core.verb:set package 'robot_ras_decision' build argument 'cmake_force_configure' from command line to 'False'
[0.658s] Level 5:colcon.colcon_core.verb:set package 'robot_ras_decision' build argument 'ament_cmake_args' from command line to 'None'
[0.658s] Level 5:colcon.colcon_core.verb:set package 'robot_ras_decision' build argument 'catkin_cmake_args' from command line to 'None'
[0.658s] Level 5:colcon.colcon_core.verb:set package 'robot_ras_decision' build argument 'catkin_skip_building_tests' from command line to 'False'
[0.658s] DEBUG:colcon.colcon_core.verb:Building package 'robot_ras_decision' with the following arguments: {'ament_cmake_args': None, 'build_base': '/home/pedro/ros2_ws/build/robot_ras_decision', 'catkin_cmake_args': None, 'catkin_skip_building_tests': False, 'cmake_args': None, 'cmake_clean_cache': False, 'cmake_clean_first': False, 'cmake_force_configure': False, 'cmake_target': None, 'cmake_target_skip_unavailable': False, 'install_base': '/home/pedro/ros2_ws/install/robot_ras_decision', 'merge_install': False, 'path': '/home/pedro/ros2_ws/src/robot_ras_decision', 'symlink_install': False, 'test_result_base': None}
[0.659s] Level 5:colcon.colcon_core.verb:set package 'robot_ras_ros' build argument 'cmake_args' from command line to 'None'
[0.659s] Level 5:colcon.colcon_core.verb:set package 'robot_ras_ros' build argument 'cmake_target' from command line to 'None'
[0.659s] Level 5:colcon.colcon_core.verb:set package 'robot_ras_ros' build argument 'cmake_target_skip_unavailable' from command line to 'False'
[0.659s] Level 5:colcon.colcon_core.verb:set package 'robot_ras_ros' build argument 'cmake_clean_cache' from command line to 'False'
[0.659s] Level 5:colcon.colcon_core.verb:set package 'robot_ras_ros' build argument 'cmake_clean_first' from command line to 'False'
[0.659s] Level 5:colcon.colcon_core.verb:set package 'robot_ras_ros' build argument 'cmake_force_configure' from command line to 'False'
[0.659s] Level 5:colcon.colcon_core.verb:set package 'robot_ras_ros' build argument 'ament_cmake_args' from command line to 'None'
[0.659s] Level 5:colcon.colcon_core.verb:set package 'robot_ras_ros' build argument 'catkin_cmake_args' from command line to 'None'
[0.659s] Level 5:colcon.colcon_core.verb:set package 'robot_ras_ros' build argument 'catkin_skip_building_tests' from command line to 'False'
[0.659s] DEBUG:colcon.colcon_core.verb:Building package 'robot_ras_ros' with the following arguments: {'ament_cmake_args': None, 'build_base': '/home/pedro/ros2_ws/build/robot_ras_ros', 'catkin_cmake_args': None, 'catkin_skip_building_tests': False, 'cmake_args': None, 'cmake_clean_cache': False, 'cmake_clean_first': False, 'cmake_force_configure': False, 'cmake_target': None, 'cmake_target_skip_unavailable': False, 'install_base': '/home/pedro/ros2_ws/install/robot_ras_ros', 'merge_install': False, 'path': '/home/pedro/ros2_ws/src/ras_robot_simulation', 'symlink_install': False, 'test_result_base': None}
[0.659s] INFO:colcon.colcon_core.executor:Executing jobs using 'parallel' executor
[0.660s] DEBUG:colcon.colcon_parallel_executor.executor.parallel:run_until_complete
[0.660s] INFO:colcon.colcon_ros.task.ament_cmake.build:Building ROS package in '/home/pedro/ros2_ws/src/robot_ras_decision' with build type 'ament_cmake'
[0.660s] INFO:colcon.colcon_cmake.task.cmake.build:Building CMake package in '/home/pedro/ros2_ws/src/robot_ras_decision'
[0.664s] INFO:colcon.colcon_core.plugin_system:Skipping extension 'colcon_core.shell.bat': Not used on non-Windows systems
[0.664s] INFO:colcon.colcon_core.shell:Skip shell extension 'powershell' for command environment: Not usable outside of PowerShell
[0.664s] DEBUG:colcon.colcon_core.shell:Skip shell extension 'dsv' for command environment
[0.668s] INFO:colcon.colcon_ros.task.ament_cmake.build:Building ROS package in '/home/pedro/ros2_ws/src/ras_robot_simulation' with build type 'ament_cmake'
[0.668s] INFO:colcon.colcon_cmake.task.cmake.build:Building CMake package in '/home/pedro/ros2_ws/src/ras_robot_simulation'
[0.668s] INFO:colcon.colcon_core.shell:Skip shell extension 'powershell' for command environment: Not usable outside of PowerShell
[0.668s] DEBUG:colcon.colcon_core.shell:Skip shell extension 'dsv' for command environment
[0.678s] DEBUG:colcon.colcon_core.event_handler.log_command:Invoking command in '/home/pedro/ros2_ws/build/robot_ras_decision': CMAKE_PREFIX_PATH=${CMAKE_PREFIX_PATH}:/opt/ros/humble /usr/bin/cmake --build /home/pedro/ros2_ws/build/robot_ras_decision -- -j6 -l6
[0.681s] DEBUG:colcon.colcon_core.event_handler.log_command:Invoking command in '/home/pedro/ros2_ws/build/robot_ras_ros': CMAKE_PREFIX_PATH=${CMAKE_PREFIX_PATH}:/opt/ros/humble /usr/bin/cmake --build /home/pedro/ros2_ws/build/robot_ras_ros -- -j6 -l6
[0.732s] DEBUG:colcon.colcon_core.event_handler.log_command:Invoked command in '/home/pedro/ros2_ws/build/robot_ras_ros' returned '0': CMAKE_PREFIX_PATH=${CMAKE_PREFIX_PATH}:/opt/ros/humble /usr/bin/cmake --build /home/pedro/ros2_ws/build/robot_ras_ros -- -j6 -l6
[0.750s] DEBUG:colcon.colcon_core.event_handler.log_command:Invoking command in '/home/pedro/ros2_ws/build/robot_ras_ros': CMAKE_PREFIX_PATH=${CMAKE_PREFIX_PATH}:/opt/ros/humble /usr/bin/cmake --install /home/pedro/ros2_ws/build/robot_ras_ros
[0.776s] Level 1:colcon.colcon_core.environment:create_environment_scripts_only(robot_ras_ros)
[0.776s] DEBUG:colcon.colcon_core.event_handler.log_command:Invoked command in '/home/pedro/ros2_ws/build/robot_ras_ros' returned '0': CMAKE_PREFIX_PATH=${CMAKE_PREFIX_PATH}:/opt/ros/humble /usr/bin/cmake --install /home/pedro/ros2_ws/build/robot_ras_ros
[0.785s] Level 1:colcon.colcon_core.environment:checking '/home/pedro/ros2_ws/install/robot_ras_ros' for CMake module files
[0.785s] Level 1:colcon.colcon_core.environment:checking '/home/pedro/ros2_ws/install/robot_ras_ros' for CMake config files
[0.786s] Level 1:colcon.colcon_core.shell:create_environment_hook('robot_ras_ros', 'cmake_prefix_path')
[0.786s] INFO:colcon.colcon_core.shell:Creating environment hook '/home/pedro/ros2_ws/install/robot_ras_ros/share/robot_ras_ros/hook/cmake_prefix_path.ps1'
[0.787s] INFO:colcon.colcon_core.shell:Creating environment descriptor '/home/pedro/ros2_ws/install/robot_ras_ros/share/robot_ras_ros/hook/cmake_prefix_path.dsv'
[0.787s] INFO:colcon.colcon_core.shell:Creating environment hook '/home/pedro/ros2_ws/install/robot_ras_ros/share/robot_ras_ros/hook/cmake_prefix_path.sh'
[0.788s] Level 1:colcon.colcon_core.environment:checking '/home/pedro/ros2_ws/install/robot_ras_ros/bin'
[0.788s] Level 1:colcon.colcon_core.environment:checking '/home/pedro/ros2_ws/install/robot_ras_ros/lib/pkgconfig/robot_ras_ros.pc'
[0.788s] Level 1:colcon.colcon_core.environment:checking '/home/pedro/ros2_ws/install/robot_ras_ros/lib/python3.10/site-packages'
[0.788s] Level 1:colcon.colcon_core.environment:checking '/home/pedro/ros2_ws/install/robot_ras_ros/bin'
[0.789s] INFO:colcon.colcon_core.shell:Creating package script '/home/pedro/ros2_ws/install/robot_ras_ros/share/robot_ras_ros/package.ps1'
[0.790s] INFO:colcon.colcon_core.shell:Creating package descriptor '/home/pedro/ros2_ws/install/robot_ras_ros/share/robot_ras_ros/package.dsv'
[0.790s] INFO:colcon.colcon_core.shell:Creating package script '/home/pedro/ros2_ws/install/robot_ras_ros/share/robot_ras_ros/package.sh'
[0.791s] INFO:colcon.colcon_core.shell:Creating package script '/home/pedro/ros2_ws/install/robot_ras_ros/share/robot_ras_ros/package.bash'
[0.792s] INFO:colcon.colcon_core.shell:Creating package script '/home/pedro/ros2_ws/install/robot_ras_ros/share/robot_ras_ros/package.zsh'
[0.793s] Level 1:colcon.colcon_core.environment:create_file_with_runtime_dependencies(/home/pedro/ros2_ws/install/robot_ras_ros/share/colcon-core/packages/robot_ras_ros)
[0.794s] Level 1:colcon.colcon_core.environment:create_environment_scripts_only(robot_ras_ros)
[0.794s] Level 1:colcon.colcon_core.environment:checking '/home/pedro/ros2_ws/install/robot_ras_ros' for CMake module files
[0.794s] Level 1:colcon.colcon_core.environment:checking '/home/pedro/ros2_ws/install/robot_ras_ros' for CMake config files
[0.795s] Level 1:colcon.colcon_core.shell:create_environment_hook('robot_ras_ros', 'cmake_prefix_path')
[0.795s] INFO:colcon.colcon_core.shell:Creating environment hook '/home/pedro/ros2_ws/install/robot_ras_ros/share/robot_ras_ros/hook/cmake_prefix_path.ps1'
[0.795s] INFO:colcon.colcon_core.shell:Creating environment descriptor '/home/pedro/ros2_ws/install/robot_ras_ros/share/robot_ras_ros/hook/cmake_prefix_path.dsv'
[0.796s] INFO:colcon.colcon_core.shell:Creating environment hook '/home/pedro/ros2_ws/install/robot_ras_ros/share/robot_ras_ros/hook/cmake_prefix_path.sh'
[0.796s] Level 1:colcon.colcon_core.environment:checking '/home/pedro/ros2_ws/install/robot_ras_ros/bin'
[0.796s] Level 1:colcon.colcon_core.environment:checking '/home/pedro/ros2_ws/install/robot_ras_ros/lib/pkgconfig/robot_ras_ros.pc'
[0.796s] Level 1:colcon.colcon_core.environment:checking '/home/pedro/ros2_ws/install/robot_ras_ros/lib/python3.10/site-packages'
[0.796s] Level 1:colcon.colcon_core.environment:checking '/home/pedro/ros2_ws/install/robot_ras_ros/bin'
[0.797s] INFO:colcon.colcon_core.shell:Creating package script '/home/pedro/ros2_ws/install/robot_ras_ros/share/robot_ras_ros/package.ps1'
[0.797s] INFO:colcon.colcon_core.shell:Creating package descriptor '/home/pedro/ros2_ws/install/robot_ras_ros/share/robot_ras_ros/package.dsv'
[0.798s] INFO:colcon.colcon_core.shell:Creating package script '/home/pedro/ros2_ws/install/robot_ras_ros/share/robot_ras_ros/package.sh'
[0.798s] INFO:colcon.colcon_core.shell:Creating package script '/home/pedro/ros2_ws/install/robot_ras_ros/share/robot_ras_ros/package.bash'
[0.799s] INFO:colcon.colcon_core.shell:Creating package script '/home/pedro/ros2_ws/install/robot_ras_ros/share/robot_ras_ros/package.zsh'
[0.799s] Level 1:colcon.colcon_core.environment:create_file_with_runtime_dependencies(/home/pedro/ros2_ws/install/robot_ras_ros/share/colcon-core/packages/robot_ras_ros)
[9.898s] DEBUG:colcon.colcon_core.event_handler.log_command:Invoked command in '/home/pedro/ros2_ws/build/robot_ras_decision' returned '0': CMAKE_PREFIX_PATH=${CMAKE_PREFIX_PATH}:/opt/ros/humble /usr/bin/cmake --build /home/pedro/ros2_ws/build/robot_ras_decision -- -j6 -l6
[9.899s] DEBUG:colcon.colcon_core.event_handler.log_command:Invoking command in '/home/pedro/ros2_ws/build/robot_ras_decision': CMAKE_PREFIX_PATH=${CMAKE_PREFIX_PATH}:/opt/ros/humble /usr/bin/cmake --install /home/pedro/ros2_ws/build/robot_ras_decision
[9.956s] Level 1:colcon.colcon_core.environment:create_environment_scripts_only(robot_ras_decision)
[9.956s] Level 1:colcon.colcon_core.environment:checking '/home/pedro/ros2_ws/install/robot_ras_decision' for CMake module files
[9.956s] DEBUG:colcon.colcon_core.event_handler.log_command:Invoked command in '/home/pedro/ros2_ws/build/robot_ras_decision' returned '0': CMAKE_PREFIX_PATH=${CMAKE_PREFIX_PATH}:/opt/ros/humble /usr/bin/cmake --install /home/pedro/ros2_ws/build/robot_ras_decision
[9.957s] Level 1:colcon.colcon_core.environment:checking '/home/pedro/ros2_ws/install/robot_ras_decision' for CMake config files
[9.957s] Level 1:colcon.colcon_core.shell:create_environment_hook('robot_ras_decision', 'cmake_prefix_path')
[9.958s] INFO:colcon.colcon_core.shell:Creating environment hook '/home/pedro/ros2_ws/install/robot_ras_decision/share/robot_ras_decision/hook/cmake_prefix_path.ps1'
[9.958s] INFO:colcon.colcon_core.shell:Creating environment descriptor '/home/pedro/ros2_ws/install/robot_ras_decision/share/robot_ras_decision/hook/cmake_prefix_path.dsv'
[9.958s] INFO:colcon.colcon_core.shell:Creating environment hook '/home/pedro/ros2_ws/install/robot_ras_decision/share/robot_ras_decision/hook/cmake_prefix_path.sh'
[9.959s] Level 1:colcon.colcon_core.environment:checking '/home/pedro/ros2_ws/install/robot_ras_decision/lib'
[9.959s] Level 1:colcon.colcon_core.shell:create_environment_hook('robot_ras_decision', 'ld_library_path_lib')
[9.959s] INFO:colcon.colcon_core.shell:Creating environment hook '/home/pedro/ros2_ws/install/robot_ras_decision/share/robot_ras_decision/hook/ld_library_path_lib.ps1'
[9.960s] INFO:colcon.colcon_core.shell:Creating environment descriptor '/home/pedro/ros2_ws/install/robot_ras_decision/share/robot_ras_decision/hook/ld_library_path_lib.dsv'
[9.960s] INFO:colcon.colcon_core.shell:Creating environment hook '/home/pedro/ros2_ws/install/robot_ras_decision/share/robot_ras_decision/hook/ld_library_path_lib.sh'
[9.960s] Level 1:colcon.colcon_core.environment:checking '/home/pedro/ros2_ws/install/robot_ras_decision/bin'
[9.961s] Level 1:colcon.colcon_core.environment:checking '/home/pedro/ros2_ws/install/robot_ras_decision/lib/pkgconfig/robot_ras_decision.pc'
[9.961s] Level 1:colcon.colcon_core.environment:checking '/home/pedro/ros2_ws/install/robot_ras_decision/lib/python3.10/site-packages'
[9.961s] Level 1:colcon.colcon_core.environment:checking '/home/pedro/ros2_ws/install/robot_ras_decision/bin'
[9.961s] INFO:colcon.colcon_core.shell:Creating package script '/home/pedro/ros2_ws/install/robot_ras_decision/share/robot_ras_decision/package.ps1'
[9.962s] INFO:colcon.colcon_core.shell:Creating package descriptor '/home/pedro/ros2_ws/install/robot_ras_decision/share/robot_ras_decision/package.dsv'
[9.962s] INFO:colcon.colcon_core.shell:Creating package script '/home/pedro/ros2_ws/install/robot_ras_decision/share/robot_ras_decision/package.sh'
[9.962s] INFO:colcon.colcon_core.shell:Creating package script '/home/pedro/ros2_ws/install/robot_ras_decision/share/robot_ras_decision/package.bash'
[9.963s] INFO:colcon.colcon_core.shell:Creating package script '/home/pedro/ros2_ws/install/robot_ras_decision/share/robot_ras_decision/package.zsh'
[9.963s] Level 1:colcon.colcon_core.environment:create_file_with_runtime_dependencies(/home/pedro/ros2_ws/install/robot_ras_decision/share/colcon-core/packages/robot_ras_decision)
[9.963s] Level 1:colcon.colcon_core.environment:create_environment_scripts_only(robot_ras_decision)
[9.964s] Level 1:colcon.colcon_core.environment:checking '/home/pedro/ros2_ws/install/robot_ras_decision' for CMake module files
[9.964s] Level 1:colcon.colcon_core.environment:checking '/home/pedro/ros2_ws/install/robot_ras_decision' for CMake config files
[9.965s] Level 1:colcon.colcon_core.shell:create_environment_hook('robot_ras_decision', 'cmake_prefix_path')
[9.965s] INFO:colcon.colcon_core.shell:Creating environment hook '/home/pedro/ros2_ws/install/robot_ras_decision/share/robot_ras_decision/hook/cmake_prefix_path.ps1'
[9.965s] INFO:colcon.colcon_core.shell:Creating environment descriptor '/home/pedro/ros2_ws/install/robot_ras_decision/share/robot_ras_decision/hook/cmake_prefix_path.dsv'
[9.966s] INFO:colcon.colcon_core.shell:Creating environment hook '/home/pedro/ros2_ws/install/robot_ras_decision/share/robot_ras_decision/hook/cmake_prefix_path.sh'
[9.966s] Level 1:colcon.colcon_core.environment:checking '/home/pedro/ros2_ws/install/robot_ras_decision/lib'
[9.966s] Level 1:colcon.colcon_core.shell:create_environment_hook('robot_ras_decision', 'ld_library_path_lib')
[9.966s] INFO:colcon.colcon_core.shell:Creating environment hook '/home/pedro/ros2_ws/install/robot_ras_decision/share/robot_ras_decision/hook/ld_library_path_lib.ps1'
[9.967s] INFO:colcon.colcon_core.shell:Creating environment descriptor '/home/pedro/ros2_ws/install/robot_ras_decision/share/robot_ras_decision/hook/ld_library_path_lib.dsv'
[9.967s] INFO:colcon.colcon_core.shell:Creating environment hook '/home/pedro/ros2_ws/install/robot_ras_decision/share/robot_ras_decision/hook/ld_library_path_lib.sh'
[9.967s] Level 1:colcon.colcon_core.environment:checking '/home/pedro/ros2_ws/install/robot_ras_decision/bin'
[9.967s] Level 1:colcon.colcon_core.environment:checking '/home/pedro/ros2_ws/install/robot_ras_decision/lib/pkgconfig/robot_ras_decision.pc'
[9.968s] Level 1:colcon.colcon_core.environment:checking '/home/pedro/ros2_ws/install/robot_ras_decision/lib/python3.10/site-packages'
[9.968s] Level 1:colcon.colcon_core.environment:checking '/home/pedro/ros2_ws/install/robot_ras_decision/bin'
[9.968s] INFO:colcon.colcon_core.shell:Creating package script '/home/pedro/ros2_ws/install/robot_ras_decision/share/robot_ras_decision/package.ps1'
[9.968s] INFO:colcon.colcon_core.shell:Creating package descriptor '/home/pedro/ros2_ws/install/robot_ras_decision/share/robot_ras_decision/package.dsv'
[9.969s] INFO:colcon.colcon_core.shell:Creating package script '/home/pedro/ros2_ws/install/robot_ras_decision/share/robot_ras_decision/package.sh'
[9.969s] INFO:colcon.colcon_core.shell:Creating package script '/home/pedro/ros2_ws/install/robot_ras_decision/share/robot_ras_decision/package.bash'
[9.970s] INFO:colcon.colcon_core.shell:Creating package script '/home/pedro/ros2_ws/install/robot_ras_decision/share/robot_ras_decision/package.zsh'
[9.970s] Level 1:colcon.colcon_core.environment:create_file_with_runtime_dependencies(/home/pedro/ros2_ws/install/robot_ras_decision/share/colcon-core/packages/robot_ras_decision)
[9.970s] DEBUG:colcon.colcon_parallel_executor.executor.parallel:closing loop
[9.971s] DEBUG:colcon.colcon_parallel_executor.executor.parallel:loop closed
[9.971s] DEBUG:colcon.colcon_parallel_executor.executor.parallel:run_until_complete finished with '0'
[9.971s] DEBUG:colcon.colcon_core.event_reactor:joining thread
[9.975s] INFO:colcon.colcon_core.plugin_system:Skipping extension 'colcon_notification.desktop_notification.terminal_notifier': Not used on non-Darwin systems
[9.975s] INFO:colcon.colcon_core.plugin_system:Skipping extension 'colcon_notification.desktop_notification.win32': Not used on non-Windows systems
[9.975s] INFO:colcon.colcon_notification.desktop_notification:Sending desktop notification using 'notify2'
[9.986s] DEBUG:colcon.colcon_core.event_reactor:joined thread
[9.986s] INFO:colcon.colcon_core.shell:Creating prefix script '/home/pedro/ros2_ws/install/local_setup.ps1'
[9.987s] INFO:colcon.colcon_core.shell:Creating prefix util module '/home/pedro/ros2_ws/install/_local_setup_util_ps1.py'
[9.988s] INFO:colcon.colcon_core.shell:Creating prefix chain script '/home/pedro/ros2_ws/install/setup.ps1'
[9.989s] INFO:colcon.colcon_core.shell:Creating prefix script '/home/pedro/ros2_ws/install/local_setup.sh'
[9.990s] INFO:colcon.colcon_core.shell:Creating prefix util module '/home/pedro/ros2_ws/install/_local_setup_util_sh.py'
[9.990s] INFO:colcon.colcon_core.shell:Creating prefix chain script '/home/pedro/ros2_ws/install/setup.sh'
[9.991s] INFO:colcon.colcon_core.shell:Creating prefix script '/home/pedro/ros2_ws/install/local_setup.bash'
[9.991s] INFO:colcon.colcon_core.shell:Creating prefix chain script '/home/pedro/ros2_ws/install/setup.bash'
[9.992s] INFO:colcon.colcon_core.shell:Creating prefix script '/home/pedro/ros2_ws/install/local_setup.zsh'
[9.993s] INFO:colcon.colcon_core.shell:Creating prefix chain script '/home/pedro/ros2_ws/install/setup.zsh'
