-- Found ament_cmake: 1.3.12 (/opt/ros/humble/share/ament_cmake/cmake)
-- Found rclcpp: 16.0.14 (/opt/ros/humble/share/rclcpp/cmake)
-- Found rosidl_generator_c: 3.1.7 (/opt/ros/humble/share/rosidl_generator_c/cmake)
-- Found rosidl_adapter: 3.1.7 (/opt/ros/humble/share/rosidl_adapter/cmake)
-- Found rosidl_generator_cpp: 3.1.7 (/opt/ros/humble/share/rosidl_generator_cpp/cmake)
-- Using all available rosidl_typesupport_c: rosidl_typesupport_fastrtps_c;rosidl_typesupport_introspection_c
-- Using all available rosidl_typesupport_cpp: rosidl_typesupport_fastrtps_cpp;rosidl_typesupport_introspection_cpp
-- Found rmw_implementation_cmake: 6.1.2 (/opt/ros/humble/share/rmw_implementation_cmake/cmake)
-- Found rmw_fastrtps_cpp: 6.2.8 (/opt/ros/humble/share/rmw_fastrtps_cpp/cmake)
-- Using RMW implementation 'rmw_fastrtps_cpp' as default
-- Found sensor_msgs: 4.9.0 (/opt/ros/humble/share/sensor_msgs/cmake)
-- Found rosidl_default_generators: 1.2.0 (/opt/ros/humble/share/rosidl_default_generators/cmake)
-- Found ament_cmake_ros: 0.10.0 (/opt/ros/humble/share/ament_cmake_ros/cmake)
-- Using all available rosidl_typesupport_c: rosidl_typesupport_fastrtps_c;rosidl_typesupport_introspection_c
-- Using all available rosidl_typesupport_cpp: rosidl_typesupport_fastrtps_cpp;rosidl_typesupport_introspection_cpp
-- Found python_cmake_module: 0.10.0 (/opt/ros/humble/share/python_cmake_module/cmake)
-- Using PYTHON_EXECUTABLE: /usr/bin/python3
-- Using PYTHON_INCLUDE_DIRS: /usr/include/python3.10
-- Using PYTHON_LIBRARIES: /usr/lib/x86_64-linux-gnu/libpython3.10.so
-- Configuring done
-- Generating done
-- Build files have been written to: /home/pedro/ros2_ws/build/robot_ras_decision
[  2%] [34m[1mGenerating C code for ROS interfaces[0m
[  4%] [34m[1mGenerating C++ code for ROS interfaces[0m
[  4%] Built target ament_cmake_python_copy_robot_ras_decision
running egg_info
writing robot_ras_decision.egg-info/PKG-INFO
writing dependency_links to robot_ras_decision.egg-info/dependency_links.txt
writing top-level names to robot_ras_decision.egg-info/top_level.txt
reading manifest file 'robot_ras_decision.egg-info/SOURCES.txt'
writing manifest file 'robot_ras_decision.egg-info/SOURCES.txt'
[  4%] Built target ament_cmake_python_build_robot_ras_decision_egg
[  4%] Built target robot_ras_decision__cpp
[  6%] [34m[1mGenerating C++ introspection for ROS interfaces[0m
[  9%] [34m[1mGenerating C++ type support dispatch for ROS interfaces[0m
[35m[1mConsolidate compiler generated dependencies of target robot_ras_decision__rosidl_generator_c[0m
[ 11%] [34m[1mGenerating C++ type support for eProsima Fast-RTPS[0m
[ 13%] [32mBuilding C object CMakeFiles/robot_ras_decision__rosidl_generator_c.dir/rosidl_generator_c/robot_ras_decision/msg/detail/movement__functions.c.o[0m
[ 16%] [32mBuilding C object CMakeFiles/robot_ras_decision__rosidl_generator_c.dir/rosidl_generator_c/robot_ras_decision/srv/detail/set_velocity__functions.c.o[0m
[ 18%] [32m[1mLinking C shared library librobot_ras_decision__rosidl_generator_c.so[0m
[ 18%] Built target robot_ras_decision__rosidl_generator_c
[ 20%] [34m[1mGenerating C type support for eProsima Fast-RTPS[0m
[ 23%] [34m[1mGenerating C introspection for ROS interfaces[0m
[ 25%] [34m[1mGenerating C type support dispatch for ROS interfaces[0m
[35m[1mConsolidate compiler generated dependencies of target robot_ras_decision__rosidl_typesupport_cpp[0m
[ 27%] [32mBuilding CXX object CMakeFiles/robot_ras_decision__rosidl_typesupport_cpp.dir/rosidl_typesupport_cpp/robot_ras_decision/msg/movement__type_support.cpp.o[0m
[35m[1mConsolidate compiler generated dependencies of target robot_ras_decision__rosidl_typesupport_introspection_cpp[0m
[ 30%] [32mBuilding CXX object CMakeFiles/robot_ras_decision__rosidl_typesupport_introspection_cpp.dir/rosidl_typesupport_introspection_cpp/robot_ras_decision/msg/detail/movement__type_support.cpp.o[0m
[35m[1mConsolidate compiler generated dependencies of target robot_ras_decision__rosidl_typesupport_fastrtps_cpp[0m
[ 32%] [32mBuilding CXX object CMakeFiles/robot_ras_decision__rosidl_typesupport_fastrtps_cpp.dir/rosidl_typesupport_fastrtps_cpp/robot_ras_decision/msg/detail/dds_fastrtps/movement__type_support.cpp.o[0m
[35m[1mConsolidate compiler generated dependencies of target robot_ras_decision__rosidl_typesupport_c[0m
[ 34%] [32mBuilding CXX object CMakeFiles/robot_ras_decision__rosidl_typesupport_c.dir/rosidl_typesupport_c/robot_ras_decision/msg/movement__type_support.cpp.o[0m
[ 37%] [32mBuilding CXX object CMakeFiles/robot_ras_decision__rosidl_typesupport_c.dir/rosidl_typesupport_c/robot_ras_decision/srv/set_velocity__type_support.cpp.o[0m
[ 39%] [32m[1mLinking CXX shared library librobot_ras_decision__rosidl_typesupport_c.so[0m
[35m[1mConsolidate compiler generated dependencies of target robot_ras_decision__rosidl_typesupport_fastrtps_c[0m
[ 41%] [32mBuilding CXX object CMakeFiles/robot_ras_decision__rosidl_typesupport_fastrtps_c.dir/rosidl_typesupport_fastrtps_c/robot_ras_decision/msg/detail/movement__type_support_c.cpp.o[0m
[35m[1mConsolidate compiler generated dependencies of target robot_ras_decision__rosidl_typesupport_introspection_c[0m
[ 41%] Built target robot_ras_decision__rosidl_typesupport_c
[ 44%] [32mBuilding C object CMakeFiles/robot_ras_decision__rosidl_typesupport_introspection_c.dir/rosidl_typesupport_introspection_c/robot_ras_decision/msg/detail/movement__type_support.c.o[0m
[ 46%] [32mBuilding CXX object CMakeFiles/robot_ras_decision__rosidl_typesupport_fastrtps_cpp.dir/rosidl_typesupport_fastrtps_cpp/robot_ras_decision/srv/detail/dds_fastrtps/set_velocity__type_support.cpp.o[0m
[ 48%] [32mBuilding CXX object CMakeFiles/robot_ras_decision__rosidl_typesupport_cpp.dir/rosidl_typesupport_cpp/robot_ras_decision/srv/set_velocity__type_support.cpp.o[0m
[ 51%] [32mBuilding C object CMakeFiles/robot_ras_decision__rosidl_typesupport_introspection_c.dir/rosidl_typesupport_introspection_c/robot_ras_decision/srv/detail/set_velocity__type_support.c.o[0m
[ 53%] [32m[1mLinking C shared library librobot_ras_decision__rosidl_typesupport_introspection_c.so[0m
[ 53%] Built target robot_ras_decision__rosidl_typesupport_introspection_c
[ 55%] [32mBuilding CXX object CMakeFiles/robot_ras_decision__rosidl_typesupport_fastrtps_c.dir/rosidl_typesupport_fastrtps_c/robot_ras_decision/srv/detail/set_velocity__type_support_c.cpp.o[0m
[ 58%] [32mBuilding CXX object CMakeFiles/robot_ras_decision__rosidl_typesupport_introspection_cpp.dir/rosidl_typesupport_introspection_cpp/robot_ras_decision/srv/detail/set_velocity__type_support.cpp.o[0m
[ 60%] [32m[1mLinking CXX shared library librobot_ras_decision__rosidl_typesupport_cpp.so[0m
[ 60%] Built target robot_ras_decision__rosidl_typesupport_cpp
[ 62%] [32m[1mLinking CXX shared library librobot_ras_decision__rosidl_typesupport_fastrtps_cpp.so[0m
[ 65%] [32m[1mLinking CXX shared library librobot_ras_decision__rosidl_typesupport_fastrtps_c.so[0m
[ 65%] Built target robot_ras_decision__rosidl_typesupport_fastrtps_cpp
[ 65%] Built target robot_ras_decision__rosidl_typesupport_fastrtps_c
[ 67%] [32m[1mLinking CXX shared library librobot_ras_decision__rosidl_typesupport_introspection_cpp.so[0m
[ 67%] Built target robot_ras_decision__rosidl_typesupport_introspection_cpp
[ 67%] Built target robot_ras_decision
[35m[1mConsolidate compiler generated dependencies of target Manager[0m
[35m[1mConsolidate compiler generated dependencies of target MovementControl[0m
[ 69%] [34m[1mGenerating Python code for ROS interfaces[0m
[ 72%] [32mBuilding CXX object CMakeFiles/Manager.dir/src/manager.cpp.o[0m
[ 74%] [32mBuilding CXX object CMakeFiles/MovementControl.dir/src/moviment_control.cpp.o[0m
[ 74%] Built target robot_ras_decision__py
[35m[1mConsolidate compiler generated dependencies of target robot_ras_decision__rosidl_generator_py[0m
[ 76%] [32mBuilding C object CMakeFiles/robot_ras_decision__rosidl_generator_py.dir/rosidl_generator_py/robot_ras_decision/srv/_set_velocity_s.c.o[0m
[ 79%] [32mBuilding C object CMakeFiles/robot_ras_decision__rosidl_generator_py.dir/rosidl_generator_py/robot_ras_decision/msg/_movement_s.c.o[0m
[ 81%] [32m[1mLinking C shared library rosidl_generator_py/robot_ras_decision/librobot_ras_decision__rosidl_generator_py.so[0m
[ 81%] Built target robot_ras_decision__rosidl_generator_py
[35m[1mConsolidate compiler generated dependencies of target robot_ras_decision__rosidl_typesupport_fastrtps_c__pyext[0m
[35m[1mConsolidate compiler generated dependencies of target robot_ras_decision__rosidl_typesupport_introspection_c__pyext[0m
[35m[1mConsolidate compiler generated dependencies of target robot_ras_decision__rosidl_typesupport_c__pyext[0m
[ 83%] [32mBuilding C object CMakeFiles/robot_ras_decision__rosidl_typesupport_introspection_c__pyext.dir/rosidl_generator_py/robot_ras_decision/_robot_ras_decision_s.ep.rosidl_typesupport_introspection_c.c.o[0m
[ 86%] [32mBuilding C object CMakeFiles/robot_ras_decision__rosidl_typesupport_c__pyext.dir/rosidl_generator_py/robot_ras_decision/_robot_ras_decision_s.ep.rosidl_typesupport_c.c.o[0m
[ 88%] [32mBuilding C object CMakeFiles/robot_ras_decision__rosidl_typesupport_fastrtps_c__pyext.dir/rosidl_generator_py/robot_ras_decision/_robot_ras_decision_s.ep.rosidl_typesupport_fastrtps_c.c.o[0m
[ 90%] [32m[1mLinking C shared library rosidl_generator_py/robot_ras_decision/robot_ras_decision_s__rosidl_typesupport_c.cpython-310-x86_64-linux-gnu.so[0m
[ 93%] [32m[1mLinking C shared library rosidl_generator_py/robot_ras_decision/robot_ras_decision_s__rosidl_typesupport_introspection_c.cpython-310-x86_64-linux-gnu.so[0m
[ 93%] Built target robot_ras_decision__rosidl_typesupport_c__pyext
[ 93%] Built target robot_ras_decision__rosidl_typesupport_introspection_c__pyext
[ 95%] [32m[1mLinking C shared library rosidl_generator_py/robot_ras_decision/robot_ras_decision_s__rosidl_typesupport_fastrtps_c.cpython-310-x86_64-linux-gnu.so[0m
[ 95%] Built target robot_ras_decision__rosidl_typesupport_fastrtps_c__pyext
[ 97%] [32m[1mLinking CXX executable Manager[0m
[ 97%] Built target Manager
[100%] [32m[1mLinking CXX executable MovementControl[0m
[100%] Built target MovementControl
-- Install configuration: ""
-- Installing: /home/pedro/ros2_ws/install/robot_ras_decision/share/ament_index/resource_index/rosidl_interfaces/robot_ras_decision
-- Installing: /home/pedro/ros2_ws/install/robot_ras_decision/include/robot_ras_decision/robot_ras_decision
-- Installing: /home/pedro/ros2_ws/install/robot_ras_decision/include/robot_ras_decision/robot_ras_decision/srv
-- Installing: /home/pedro/ros2_ws/install/robot_ras_decision/include/robot_ras_decision/robot_ras_decision/srv/set_velocity.h
-- Installing: /home/pedro/ros2_ws/install/robot_ras_decision/include/robot_ras_decision/robot_ras_decision/srv/detail
-- Installing: /home/pedro/ros2_ws/install/robot_ras_decision/include/robot_ras_decision/robot_ras_decision/srv/detail/set_velocity__type_support.h
-- Installing: /home/pedro/ros2_ws/install/robot_ras_decision/include/robot_ras_decision/robot_ras_decision/srv/detail/set_velocity__functions.h
-- Installing: /home/pedro/ros2_ws/install/robot_ras_decision/include/robot_ras_decision/robot_ras_decision/srv/detail/set_velocity__struct.h
-- Installing: /home/pedro/ros2_ws/install/robot_ras_decision/include/robot_ras_decision/robot_ras_decision/srv/detail/set_velocity__functions.c
-- Installing: /home/pedro/ros2_ws/install/robot_ras_decision/include/robot_ras_decision/robot_ras_decision/msg
-- Installing: /home/pedro/ros2_ws/install/robot_ras_decision/include/robot_ras_decision/robot_ras_decision/msg/movement.h
-- Installing: /home/pedro/ros2_ws/install/robot_ras_decision/include/robot_ras_decision/robot_ras_decision/msg/rosidl_generator_c__visibility_control.h
-- Installing: /home/pedro/ros2_ws/install/robot_ras_decision/include/robot_ras_decision/robot_ras_decision/msg/detail
-- Installing: /home/pedro/ros2_ws/install/robot_ras_decision/include/robot_ras_decision/robot_ras_decision/msg/detail/movement__functions.c
-- Installing: /home/pedro/ros2_ws/install/robot_ras_decision/include/robot_ras_decision/robot_ras_decision/msg/detail/movement__functions.h
-- Installing: /home/pedro/ros2_ws/install/robot_ras_decision/include/robot_ras_decision/robot_ras_decision/msg/detail/movement__struct.h
-- Installing: /home/pedro/ros2_ws/install/robot_ras_decision/include/robot_ras_decision/robot_ras_decision/msg/detail/movement__type_support.h
-- Installing: /home/pedro/ros2_ws/install/robot_ras_decision/share/robot_ras_decision/environment/library_path.sh
-- Installing: /home/pedro/ros2_ws/install/robot_ras_decision/share/robot_ras_decision/environment/library_path.dsv
-- Installing: /home/pedro/ros2_ws/install/robot_ras_decision/lib/librobot_ras_decision__rosidl_generator_c.so
-- Set runtime path of "/home/pedro/ros2_ws/install/robot_ras_decision/lib/librobot_ras_decision__rosidl_generator_c.so" to ""
-- Up-to-date: /home/pedro/ros2_ws/install/robot_ras_decision/include/robot_ras_decision/robot_ras_decision
-- Up-to-date: /home/pedro/ros2_ws/install/robot_ras_decision/include/robot_ras_decision/robot_ras_decision/srv
-- Up-to-date: /home/pedro/ros2_ws/install/robot_ras_decision/include/robot_ras_decision/robot_ras_decision/srv/detail
-- Installing: /home/pedro/ros2_ws/install/robot_ras_decision/include/robot_ras_decision/robot_ras_decision/srv/detail/set_velocity__rosidl_typesupport_fastrtps_c.h
-- Up-to-date: /home/pedro/ros2_ws/install/robot_ras_decision/include/robot_ras_decision/robot_ras_decision/msg
-- Installing: /home/pedro/ros2_ws/install/robot_ras_decision/include/robot_ras_decision/robot_ras_decision/msg/rosidl_typesupport_fastrtps_c__visibility_control.h
-- Up-to-date: /home/pedro/ros2_ws/install/robot_ras_decision/include/robot_ras_decision/robot_ras_decision/msg/detail
-- Installing: /home/pedro/ros2_ws/install/robot_ras_decision/include/robot_ras_decision/robot_ras_decision/msg/detail/movement__rosidl_typesupport_fastrtps_c.h
-- Installing: /home/pedro/ros2_ws/install/robot_ras_decision/lib/librobot_ras_decision__rosidl_typesupport_fastrtps_c.so
-- Set runtime path of "/home/pedro/ros2_ws/install/robot_ras_decision/lib/librobot_ras_decision__rosidl_typesupport_fastrtps_c.so" to ""
-- Up-to-date: /home/pedro/ros2_ws/install/robot_ras_decision/include/robot_ras_decision/robot_ras_decision
-- Up-to-date: /home/pedro/ros2_ws/install/robot_ras_decision/include/robot_ras_decision/robot_ras_decision/srv
-- Installing: /home/pedro/ros2_ws/install/robot_ras_decision/include/robot_ras_decision/robot_ras_decision/srv/set_velocity.hpp
-- Up-to-date: /home/pedro/ros2_ws/install/robot_ras_decision/include/robot_ras_decision/robot_ras_decision/srv/detail
-- Installing: /home/pedro/ros2_ws/install/robot_ras_decision/include/robot_ras_decision/robot_ras_decision/srv/detail/set_velocity__traits.hpp
-- Installing: /home/pedro/ros2_ws/install/robot_ras_decision/include/robot_ras_decision/robot_ras_decision/srv/detail/set_velocity__struct.hpp
-- Installing: /home/pedro/ros2_ws/install/robot_ras_decision/include/robot_ras_decision/robot_ras_decision/srv/detail/set_velocity__type_support.hpp
-- Installing: /home/pedro/ros2_ws/install/robot_ras_decision/include/robot_ras_decision/robot_ras_decision/srv/detail/set_velocity__builder.hpp
-- Up-to-date: /home/pedro/ros2_ws/install/robot_ras_decision/include/robot_ras_decision/robot_ras_decision/msg
-- Installing: /home/pedro/ros2_ws/install/robot_ras_decision/include/robot_ras_decision/robot_ras_decision/msg/movement.hpp
-- Installing: /home/pedro/ros2_ws/install/robot_ras_decision/include/robot_ras_decision/robot_ras_decision/msg/rosidl_generator_cpp__visibility_control.hpp
-- Up-to-date: /home/pedro/ros2_ws/install/robot_ras_decision/include/robot_ras_decision/robot_ras_decision/msg/detail
-- Installing: /home/pedro/ros2_ws/install/robot_ras_decision/include/robot_ras_decision/robot_ras_decision/msg/detail/movement__traits.hpp
-- Installing: /home/pedro/ros2_ws/install/robot_ras_decision/include/robot_ras_decision/robot_ras_decision/msg/detail/movement__struct.hpp
-- Installing: /home/pedro/ros2_ws/install/robot_ras_decision/include/robot_ras_decision/robot_ras_decision/msg/detail/movement__builder.hpp
-- Installing: /home/pedro/ros2_ws/install/robot_ras_decision/include/robot_ras_decision/robot_ras_decision/msg/detail/movement__type_support.hpp
-- Up-to-date: /home/pedro/ros2_ws/install/robot_ras_decision/include/robot_ras_decision/robot_ras_decision
-- Up-to-date: /home/pedro/ros2_ws/install/robot_ras_decision/include/robot_ras_decision/robot_ras_decision/srv
-- Up-to-date: /home/pedro/ros2_ws/install/robot_ras_decision/include/robot_ras_decision/robot_ras_decision/srv/detail
-- Installing: /home/pedro/ros2_ws/install/robot_ras_decision/include/robot_ras_decision/robot_ras_decision/srv/detail/dds_fastrtps
-- Installing: /home/pedro/ros2_ws/install/robot_ras_decision/include/robot_ras_decision/robot_ras_decision/srv/detail/set_velocity__rosidl_typesupport_fastrtps_cpp.hpp
-- Up-to-date: /home/pedro/ros2_ws/install/robot_ras_decision/include/robot_ras_decision/robot_ras_decision/msg
-- Installing: /home/pedro/ros2_ws/install/robot_ras_decision/include/robot_ras_decision/robot_ras_decision/msg/rosidl_typesupport_fastrtps_cpp__visibility_control.h
-- Up-to-date: /home/pedro/ros2_ws/install/robot_ras_decision/include/robot_ras_decision/robot_ras_decision/msg/detail
-- Installing: /home/pedro/ros2_ws/install/robot_ras_decision/include/robot_ras_decision/robot_ras_decision/msg/detail/dds_fastrtps
-- Installing: /home/pedro/ros2_ws/install/robot_ras_decision/include/robot_ras_decision/robot_ras_decision/msg/detail/movement__rosidl_typesupport_fastrtps_cpp.hpp
-- Installing: /home/pedro/ros2_ws/install/robot_ras_decision/lib/librobot_ras_decision__rosidl_typesupport_fastrtps_cpp.so
-- Set runtime path of "/home/pedro/ros2_ws/install/robot_ras_decision/lib/librobot_ras_decision__rosidl_typesupport_fastrtps_cpp.so" to ""
-- Up-to-date: /home/pedro/ros2_ws/install/robot_ras_decision/include/robot_ras_decision/robot_ras_decision
-- Up-to-date: /home/pedro/ros2_ws/install/robot_ras_decision/include/robot_ras_decision/robot_ras_decision/srv
-- Up-to-date: /home/pedro/ros2_ws/install/robot_ras_decision/include/robot_ras_decision/robot_ras_decision/srv/detail
-- Installing: /home/pedro/ros2_ws/install/robot_ras_decision/include/robot_ras_decision/robot_ras_decision/srv/detail/set_velocity__type_support.c
-- Installing: /home/pedro/ros2_ws/install/robot_ras_decision/include/robot_ras_decision/robot_ras_decision/srv/detail/set_velocity__rosidl_typesupport_introspection_c.h
-- Up-to-date: /home/pedro/ros2_ws/install/robot_ras_decision/include/robot_ras_decision/robot_ras_decision/msg
-- Installing: /home/pedro/ros2_ws/install/robot_ras_decision/include/robot_ras_decision/robot_ras_decision/msg/rosidl_typesupport_introspection_c__visibility_control.h
-- Up-to-date: /home/pedro/ros2_ws/install/robot_ras_decision/include/robot_ras_decision/robot_ras_decision/msg/detail
-- Installing: /home/pedro/ros2_ws/install/robot_ras_decision/include/robot_ras_decision/robot_ras_decision/msg/detail/movement__rosidl_typesupport_introspection_c.h
-- Installing: /home/pedro/ros2_ws/install/robot_ras_decision/include/robot_ras_decision/robot_ras_decision/msg/detail/movement__type_support.c
-- Installing: /home/pedro/ros2_ws/install/robot_ras_decision/lib/librobot_ras_decision__rosidl_typesupport_introspection_c.so
-- Set runtime path of "/home/pedro/ros2_ws/install/robot_ras_decision/lib/librobot_ras_decision__rosidl_typesupport_introspection_c.so" to ""
-- Installing: /home/pedro/ros2_ws/install/robot_ras_decision/lib/librobot_ras_decision__rosidl_typesupport_c.so
-- Set runtime path of "/home/pedro/ros2_ws/install/robot_ras_decision/lib/librobot_ras_decision__rosidl_typesupport_c.so" to ""
-- Up-to-date: /home/pedro/ros2_ws/install/robot_ras_decision/include/robot_ras_decision/robot_ras_decision
-- Up-to-date: /home/pedro/ros2_ws/install/robot_ras_decision/include/robot_ras_decision/robot_ras_decision/srv
-- Up-to-date: /home/pedro/ros2_ws/install/robot_ras_decision/include/robot_ras_decision/robot_ras_decision/srv/detail
-- Installing: /home/pedro/ros2_ws/install/robot_ras_decision/include/robot_ras_decision/robot_ras_decision/srv/detail/set_velocity__rosidl_typesupport_introspection_cpp.hpp
-- Installing: /home/pedro/ros2_ws/install/robot_ras_decision/include/robot_ras_decision/robot_ras_decision/srv/detail/set_velocity__type_support.cpp
-- Up-to-date: /home/pedro/ros2_ws/install/robot_ras_decision/include/robot_ras_decision/robot_ras_decision/msg
-- Up-to-date: /home/pedro/ros2_ws/install/robot_ras_decision/include/robot_ras_decision/robot_ras_decision/msg/detail
-- Installing: /home/pedro/ros2_ws/install/robot_ras_decision/include/robot_ras_decision/robot_ras_decision/msg/detail/movement__rosidl_typesupport_introspection_cpp.hpp
-- Installing: /home/pedro/ros2_ws/install/robot_ras_decision/include/robot_ras_decision/robot_ras_decision/msg/detail/movement__type_support.cpp
-- Installing: /home/pedro/ros2_ws/install/robot_ras_decision/lib/librobot_ras_decision__rosidl_typesupport_introspection_cpp.so
-- Set runtime path of "/home/pedro/ros2_ws/install/robot_ras_decision/lib/librobot_ras_decision__rosidl_typesupport_introspection_cpp.so" to ""
-- Installing: /home/pedro/ros2_ws/install/robot_ras_decision/lib/librobot_ras_decision__rosidl_typesupport_cpp.so
-- Set runtime path of "/home/pedro/ros2_ws/install/robot_ras_decision/lib/librobot_ras_decision__rosidl_typesupport_cpp.so" to ""
-- Installing: /home/pedro/ros2_ws/install/robot_ras_decision/share/robot_ras_decision/environment/pythonpath.sh
-- Installing: /home/pedro/ros2_ws/install/robot_ras_decision/share/robot_ras_decision/environment/pythonpath.dsv
-- Installing: /home/pedro/ros2_ws/install/robot_ras_decision/local/lib/python3.10/dist-packages/robot_ras_decision-0.0.1-py3.10.egg-info
-- Installing: /home/pedro/ros2_ws/install/robot_ras_decision/local/lib/python3.10/dist-packages/robot_ras_decision-0.0.1-py3.10.egg-info/PKG-INFO
-- Installing: /home/pedro/ros2_ws/install/robot_ras_decision/local/lib/python3.10/dist-packages/robot_ras_decision-0.0.1-py3.10.egg-info/top_level.txt
-- Installing: /home/pedro/ros2_ws/install/robot_ras_decision/local/lib/python3.10/dist-packages/robot_ras_decision-0.0.1-py3.10.egg-info/SOURCES.txt
-- Installing: /home/pedro/ros2_ws/install/robot_ras_decision/local/lib/python3.10/dist-packages/robot_ras_decision-0.0.1-py3.10.egg-info/dependency_links.txt
-- Installing: /home/pedro/ros2_ws/install/robot_ras_decision/local/lib/python3.10/dist-packages/robot_ras_decision
-- Installing: /home/pedro/ros2_ws/install/robot_ras_decision/local/lib/python3.10/dist-packages/robot_ras_decision/srv
-- Installing: /home/pedro/ros2_ws/install/robot_ras_decision/local/lib/python3.10/dist-packages/robot_ras_decision/srv/__init__.py
-- Installing: /home/pedro/ros2_ws/install/robot_ras_decision/local/lib/python3.10/dist-packages/robot_ras_decision/srv/_set_velocity_s.c
-- Installing: /home/pedro/ros2_ws/install/robot_ras_decision/local/lib/python3.10/dist-packages/robot_ras_decision/srv/_set_velocity.py
-- Installing: /home/pedro/ros2_ws/install/robot_ras_decision/local/lib/python3.10/dist-packages/robot_ras_decision/__init__.py
-- Installing: /home/pedro/ros2_ws/install/robot_ras_decision/local/lib/python3.10/dist-packages/robot_ras_decision/robot_ras_decision_s__rosidl_typesupport_c.cpython-310-x86_64-linux-gnu.so
-- Installing: /home/pedro/ros2_ws/install/robot_ras_decision/local/lib/python3.10/dist-packages/robot_ras_decision/_robot_ras_decision_s.ep.rosidl_typesupport_c.c
-- Installing: /home/pedro/ros2_ws/install/robot_ras_decision/local/lib/python3.10/dist-packages/robot_ras_decision/msg
-- Installing: /home/pedro/ros2_ws/install/robot_ras_decision/local/lib/python3.10/dist-packages/robot_ras_decision/msg/__init__.py
-- Installing: /home/pedro/ros2_ws/install/robot_ras_decision/local/lib/python3.10/dist-packages/robot_ras_decision/msg/_movement_s.c
-- Installing: /home/pedro/ros2_ws/install/robot_ras_decision/local/lib/python3.10/dist-packages/robot_ras_decision/msg/_movement.py
-- Installing: /home/pedro/ros2_ws/install/robot_ras_decision/local/lib/python3.10/dist-packages/robot_ras_decision/robot_ras_decision_s__rosidl_typesupport_fastrtps_c.cpython-310-x86_64-linux-gnu.so
-- Installing: /home/pedro/ros2_ws/install/robot_ras_decision/local/lib/python3.10/dist-packages/robot_ras_decision/_robot_ras_decision_s.ep.rosidl_typesupport_introspection_c.c
-- Installing: /home/pedro/ros2_ws/install/robot_ras_decision/local/lib/python3.10/dist-packages/robot_ras_decision/_robot_ras_decision_s.ep.rosidl_typesupport_fastrtps_c.c
-- Installing: /home/pedro/ros2_ws/install/robot_ras_decision/local/lib/python3.10/dist-packages/robot_ras_decision/librobot_ras_decision__rosidl_generator_py.so
-- Installing: /home/pedro/ros2_ws/install/robot_ras_decision/local/lib/python3.10/dist-packages/robot_ras_decision/robot_ras_decision_s__rosidl_typesupport_introspection_c.cpython-310-x86_64-linux-gnu.so
Listing '/home/pedro/ros2_ws/install/robot_ras_decision/local/lib/python3.10/dist-packages/robot_ras_decision'...
Compiling '/home/pedro/ros2_ws/install/robot_ras_decision/local/lib/python3.10/dist-packages/robot_ras_decision/__init__.py'...
Listing '/home/pedro/ros2_ws/install/robot_ras_decision/local/lib/python3.10/dist-packages/robot_ras_decision/msg'...
Compiling '/home/pedro/ros2_ws/install/robot_ras_decision/local/lib/python3.10/dist-packages/robot_ras_decision/msg/__init__.py'...
Compiling '/home/pedro/ros2_ws/install/robot_ras_decision/local/lib/python3.10/dist-packages/robot_ras_decision/msg/_movement.py'...
Listing '/home/pedro/ros2_ws/install/robot_ras_decision/local/lib/python3.10/dist-packages/robot_ras_decision/srv'...
Compiling '/home/pedro/ros2_ws/install/robot_ras_decision/local/lib/python3.10/dist-packages/robot_ras_decision/srv/__init__.py'...
Compiling '/home/pedro/ros2_ws/install/robot_ras_decision/local/lib/python3.10/dist-packages/robot_ras_decision/srv/_set_velocity.py'...
-- Installing: /home/pedro/ros2_ws/install/robot_ras_decision/local/lib/python3.10/dist-packages/robot_ras_decision/robot_ras_decision_s__rosidl_typesupport_fastrtps_c.cpython-310-x86_64-linux-gnu.so
-- Set runtime path of "/home/pedro/ros2_ws/install/robot_ras_decision/local/lib/python3.10/dist-packages/robot_ras_decision/robot_ras_decision_s__rosidl_typesupport_fastrtps_c.cpython-310-x86_64-linux-gnu.so" to ""
-- Installing: /home/pedro/ros2_ws/install/robot_ras_decision/local/lib/python3.10/dist-packages/robot_ras_decision/robot_ras_decision_s__rosidl_typesupport_introspection_c.cpython-310-x86_64-linux-gnu.so
-- Set runtime path of "/home/pedro/ros2_ws/install/robot_ras_decision/local/lib/python3.10/dist-packages/robot_ras_decision/robot_ras_decision_s__rosidl_typesupport_introspection_c.cpython-310-x86_64-linux-gnu.so" to ""
-- Installing: /home/pedro/ros2_ws/install/robot_ras_decision/local/lib/python3.10/dist-packages/robot_ras_decision/robot_ras_decision_s__rosidl_typesupport_c.cpython-310-x86_64-linux-gnu.so
-- Set runtime path of "/home/pedro/ros2_ws/install/robot_ras_decision/local/lib/python3.10/dist-packages/robot_ras_decision/robot_ras_decision_s__rosidl_typesupport_c.cpython-310-x86_64-linux-gnu.so" to ""
-- Installing: /home/pedro/ros2_ws/install/robot_ras_decision/lib/librobot_ras_decision__rosidl_generator_py.so
-- Set runtime path of "/home/pedro/ros2_ws/install/robot_ras_decision/lib/librobot_ras_decision__rosidl_generator_py.so" to ""
-- Installing: /home/pedro/ros2_ws/install/robot_ras_decision/share/robot_ras_decision/msg/Movement.idl
-- Installing: /home/pedro/ros2_ws/install/robot_ras_decision/share/robot_ras_decision/srv/SetVelocity.idl
-- Installing: /home/pedro/ros2_ws/install/robot_ras_decision/share/robot_ras_decision/msg/Movement.msg
-- Installing: /home/pedro/ros2_ws/install/robot_ras_decision/share/robot_ras_decision/srv/SetVelocity.srv
-- Installing: /home/pedro/ros2_ws/install/robot_ras_decision/share/robot_ras_decision/srv/SetVelocity_Request.msg
-- Installing: /home/pedro/ros2_ws/install/robot_ras_decision/share/robot_ras_decision/srv/SetVelocity_Response.msg
-- Installing: /home/pedro/ros2_ws/install/robot_ras_decision/lib/robot_ras_decision/MovementControl
-- Set runtime path of "/home/pedro/ros2_ws/install/robot_ras_decision/lib/robot_ras_decision/MovementControl" to ""
-- Installing: /home/pedro/ros2_ws/install/robot_ras_decision/lib/robot_ras_decision/Manager
-- Set runtime path of "/home/pedro/ros2_ws/install/robot_ras_decision/lib/robot_ras_decision/Manager" to ""
-- Installing: /home/pedro/ros2_ws/install/robot_ras_decision/share/ament_index/resource_index/package_run_dependencies/robot_ras_decision
-- Installing: /home/pedro/ros2_ws/install/robot_ras_decision/share/ament_index/resource_index/parent_prefix_path/robot_ras_decision
-- Installing: /home/pedro/ros2_ws/install/robot_ras_decision/share/robot_ras_decision/environment/ament_prefix_path.sh
-- Installing: /home/pedro/ros2_ws/install/robot_ras_decision/share/robot_ras_decision/environment/ament_prefix_path.dsv
-- Installing: /home/pedro/ros2_ws/install/robot_ras_decision/share/robot_ras_decision/environment/path.sh
-- Installing: /home/pedro/ros2_ws/install/robot_ras_decision/share/robot_ras_decision/environment/path.dsv
-- Installing: /home/pedro/ros2_ws/install/robot_ras_decision/share/robot_ras_decision/local_setup.bash
-- Installing: /home/pedro/ros2_ws/install/robot_ras_decision/share/robot_ras_decision/local_setup.sh
-- Installing: /home/pedro/ros2_ws/install/robot_ras_decision/share/robot_ras_decision/local_setup.zsh
-- Installing: /home/pedro/ros2_ws/install/robot_ras_decision/share/robot_ras_decision/local_setup.dsv
-- Installing: /home/pedro/ros2_ws/install/robot_ras_decision/share/robot_ras_decision/package.dsv
-- Installing: /home/pedro/ros2_ws/install/robot_ras_decision/share/ament_index/resource_index/packages/robot_ras_decision
-- Installing: /home/pedro/ros2_ws/install/robot_ras_decision/share/robot_ras_decision/cmake/export_robot_ras_decision__rosidl_generator_cExport.cmake
-- Installing: /home/pedro/ros2_ws/install/robot_ras_decision/share/robot_ras_decision/cmake/export_robot_ras_decision__rosidl_generator_cExport-noconfig.cmake
-- Installing: /home/pedro/ros2_ws/install/robot_ras_decision/share/robot_ras_decision/cmake/export_robot_ras_decision__rosidl_typesupport_fastrtps_cExport.cmake
-- Installing: /home/pedro/ros2_ws/install/robot_ras_decision/share/robot_ras_decision/cmake/export_robot_ras_decision__rosidl_typesupport_fastrtps_cExport-noconfig.cmake
-- Installing: /home/pedro/ros2_ws/install/robot_ras_decision/share/robot_ras_decision/cmake/export_robot_ras_decision__rosidl_generator_cppExport.cmake
-- Installing: /home/pedro/ros2_ws/install/robot_ras_decision/share/robot_ras_decision/cmake/export_robot_ras_decision__rosidl_typesupport_fastrtps_cppExport.cmake
-- Installing: /home/pedro/ros2_ws/install/robot_ras_decision/share/robot_ras_decision/cmake/export_robot_ras_decision__rosidl_typesupport_fastrtps_cppExport-noconfig.cmake
-- Installing: /home/pedro/ros2_ws/install/robot_ras_decision/share/robot_ras_decision/cmake/robot_ras_decision__rosidl_typesupport_introspection_cExport.cmake
-- Installing: /home/pedro/ros2_ws/install/robot_ras_decision/share/robot_ras_decision/cmake/robot_ras_decision__rosidl_typesupport_introspection_cExport-noconfig.cmake
-- Installing: /home/pedro/ros2_ws/install/robot_ras_decision/share/robot_ras_decision/cmake/robot_ras_decision__rosidl_typesupport_cExport.cmake
-- Installing: /home/pedro/ros2_ws/install/robot_ras_decision/share/robot_ras_decision/cmake/robot_ras_decision__rosidl_typesupport_cExport-noconfig.cmake
-- Installing: /home/pedro/ros2_ws/install/robot_ras_decision/share/robot_ras_decision/cmake/robot_ras_decision__rosidl_typesupport_introspection_cppExport.cmake
-- Installing: /home/pedro/ros2_ws/install/robot_ras_decision/share/robot_ras_decision/cmake/robot_ras_decision__rosidl_typesupport_introspection_cppExport-noconfig.cmake
-- Installing: /home/pedro/ros2_ws/install/robot_ras_decision/share/robot_ras_decision/cmake/robot_ras_decision__rosidl_typesupport_cppExport.cmake
-- Installing: /home/pedro/ros2_ws/install/robot_ras_decision/share/robot_ras_decision/cmake/robot_ras_decision__rosidl_typesupport_cppExport-noconfig.cmake
-- Installing: /home/pedro/ros2_ws/install/robot_ras_decision/share/robot_ras_decision/cmake/export_robot_ras_decision__rosidl_generator_pyExport.cmake
-- Installing: /home/pedro/ros2_ws/install/robot_ras_decision/share/robot_ras_decision/cmake/export_robot_ras_decision__rosidl_generator_pyExport-noconfig.cmake
-- Installing: /home/pedro/ros2_ws/install/robot_ras_decision/share/robot_ras_decision/cmake/rosidl_cmake-extras.cmake
-- Installing: /home/pedro/ros2_ws/install/robot_ras_decision/share/robot_ras_decision/cmake/ament_cmake_export_include_directories-extras.cmake
-- Installing: /home/pedro/ros2_ws/install/robot_ras_decision/share/robot_ras_decision/cmake/ament_cmake_export_libraries-extras.cmake
-- Installing: /home/pedro/ros2_ws/install/robot_ras_decision/share/robot_ras_decision/cmake/ament_cmake_export_targets-extras.cmake
-- Installing: /home/pedro/ros2_ws/install/robot_ras_decision/share/robot_ras_decision/cmake/rosidl_cmake_export_typesupport_targets-extras.cmake
-- Installing: /home/pedro/ros2_ws/install/robot_ras_decision/share/robot_ras_decision/cmake/ament_cmake_export_dependencies-extras.cmake
-- Installing: /home/pedro/ros2_ws/install/robot_ras_decision/share/robot_ras_decision/cmake/rosidl_cmake_export_typesupport_libraries-extras.cmake
-- Installing: /home/pedro/ros2_ws/install/robot_ras_decision/share/robot_ras_decision/cmake/robot_ras_decisionConfig.cmake
-- Installing: /home/pedro/ros2_ws/install/robot_ras_decision/share/robot_ras_decision/cmake/robot_ras_decisionConfig-version.cmake
-- Installing: /home/pedro/ros2_ws/install/robot_ras_decision/share/robot_ras_decision/package.xml
