[0.013s] Invoking command in '/home/pedro/ros2_ws/build/robot_ras_decision': CMAKE_PREFIX_PATH=${CMAKE_PREFIX_PATH}:/opt/ros/humble /usr/bin/cmake --build /home/pedro/ros2_ws/build/robot_ras_decision -- -j6 -l6
[0.037s] -- Found ament_cmake: 1.3.12 (/opt/ros/humble/share/ament_cmake/cmake)
[0.156s] -- Found rclcpp: 16.0.14 (/opt/ros/humble/share/rclcpp/cmake)
[0.183s] -- Found rosidl_generator_c: 3.1.7 (/opt/ros/humble/share/rosidl_generator_c/cmake)
[0.185s] -- Found rosidl_adapter: 3.1.7 (/opt/ros/humble/share/rosidl_adapter/cmake)
[0.191s] -- Found rosidl_generator_cpp: 3.1.7 (/opt/ros/humble/share/rosidl_generator_cpp/cmake)
[0.200s] -- Using all available rosidl_typesupport_c: rosidl_typesupport_fastrtps_c;rosidl_typesupport_introspection_c
[0.212s] -- Using all available rosidl_typesupport_cpp: rosidl_typesupport_fastrtps_cpp;rosidl_typesupport_introspection_cpp
[0.243s] -- Found rmw_implementation_cmake: 6.1.2 (/opt/ros/humble/share/rmw_implementation_cmake/cmake)
[0.244s] -- Found rmw_fastrtps_cpp: 6.2.8 (/opt/ros/humble/share/rmw_fastrtps_cpp/cmake)
[0.341s] -- Using RMW implementation 'rmw_fastrtps_cpp' as default
[0.389s] -- Found sensor_msgs: 4.9.0 (/opt/ros/humble/share/sensor_msgs/cmake)
[0.417s] -- Found rosidl_default_generators: 1.2.0 (/opt/ros/humble/share/rosidl_default_generators/cmake)
[0.661s] -- Found ament_cmake_ros: 0.10.0 (/opt/ros/humble/share/ament_cmake_ros/cmake)
[0.944s] -- Using all available rosidl_typesupport_c: rosidl_typesupport_fastrtps_c;rosidl_typesupport_introspection_c
[1.055s] -- Using all available rosidl_typesupport_cpp: rosidl_typesupport_fastrtps_cpp;rosidl_typesupport_introspection_cpp
[1.076s] -- Found python_cmake_module: 0.10.0 (/opt/ros/humble/share/python_cmake_module/cmake)
[1.098s] -- Using PYTHON_EXECUTABLE: /usr/bin/python3
[1.098s] -- Using PYTHON_INCLUDE_DIRS: /usr/include/python3.10
[1.098s] -- Using PYTHON_LIBRARIES: /usr/lib/x86_64-linux-gnu/libpython3.10.so
[1.111s] [0mCMake Deprecation Warning at /opt/ros/humble/share/rosidl_cmake/cmake/rosidl_target_interfaces.cmake:32 (message):
[1.111s]   Use rosidl_get_typesupport_target() and target_link_libraries() instead of
[1.111s]   rosidl_target_interfaces()
[1.111s] Call Stack (most recent call first):
[1.111s]   CMakeLists.txt:28 (rosidl_target_interfaces)
[1.111s] 
[1.111s] [0m
[1.113s] [0mCMake Deprecation Warning at /opt/ros/humble/share/rosidl_cmake/cmake/rosidl_target_interfaces.cmake:32 (message):
[1.113s]   Use rosidl_get_typesupport_target() and target_link_libraries() instead of
[1.113s]   rosidl_target_interfaces()
[1.113s] Call Stack (most recent call first):
[1.113s]   CMakeLists.txt:32 (rosidl_target_interfaces)
[1.113s] 
[1.113s] [0m
[1.118s] -- Configuring done
[1.159s] -- Generating done
[1.173s] -- Build files have been written to: /home/pedro/ros2_ws/build/robot_ras_decision
[1.202s] [  2%] [34m[1mGenerating C code for ROS interfaces[0m
[1.210s] [  4%] [34m[1mGenerating C++ code for ROS interfaces[0m
[1.223s] [  4%] Built target ament_cmake_python_copy_robot_ras_decision
[1.466s] running egg_info
[1.467s] writing robot_ras_decision.egg-info/PKG-INFO
[1.467s] writing dependency_links to robot_ras_decision.egg-info/dependency_links.txt
[1.468s] writing top-level names to robot_ras_decision.egg-info/top_level.txt
[1.471s] reading manifest file 'robot_ras_decision.egg-info/SOURCES.txt'
[1.472s] writing manifest file 'robot_ras_decision.egg-info/SOURCES.txt'
[1.506s] [  4%] Built target ament_cmake_python_build_robot_ras_decision_egg
[1.562s] [  4%] Built target robot_ras_decision__cpp
[1.568s] [  6%] [34m[1mGenerating C++ introspection for ROS interfaces[0m
[1.573s] [  9%] [34m[1mGenerating C++ type support dispatch for ROS interfaces[0m
[1.576s] [35m[1mConsolidate compiler generated dependencies of target robot_ras_decision__rosidl_generator_c[0m
[1.576s] [ 11%] [34m[1mGenerating C++ type support for eProsima Fast-RTPS[0m
[1.597s] [ 13%] [32mBuilding C object CMakeFiles/robot_ras_decision__rosidl_generator_c.dir/rosidl_generator_c/robot_ras_decision/msg/detail/movement__functions.c.o[0m
[1.602s] [ 16%] [32mBuilding C object CMakeFiles/robot_ras_decision__rosidl_generator_c.dir/rosidl_generator_c/robot_ras_decision/srv/detail/set_velocity__functions.c.o[0m
[1.684s] [ 18%] [32m[1mLinking C shared library librobot_ras_decision__rosidl_generator_c.so[0m
[1.746s] [ 18%] Built target robot_ras_decision__rosidl_generator_c
[1.762s] [ 20%] [34m[1mGenerating C type support for eProsima Fast-RTPS[0m
[1.767s] [ 23%] [34m[1mGenerating C introspection for ROS interfaces[0m
[1.768s] [ 25%] [34m[1mGenerating C type support dispatch for ROS interfaces[0m
[1.918s] [35m[1mConsolidate compiler generated dependencies of target robot_ras_decision__rosidl_typesupport_cpp[0m
[1.933s] [ 27%] [32mBuilding CXX object CMakeFiles/robot_ras_decision__rosidl_typesupport_cpp.dir/rosidl_typesupport_cpp/robot_ras_decision/msg/movement__type_support.cpp.o[0m
[1.972s] [35m[1mConsolidate compiler generated dependencies of target robot_ras_decision__rosidl_typesupport_introspection_cpp[0m
[1.990s] [ 30%] [32mBuilding CXX object CMakeFiles/robot_ras_decision__rosidl_typesupport_introspection_cpp.dir/rosidl_typesupport_introspection_cpp/robot_ras_decision/msg/detail/movement__type_support.cpp.o[0m
[2.018s] [35m[1mConsolidate compiler generated dependencies of target robot_ras_decision__rosidl_typesupport_fastrtps_cpp[0m
[2.040s] [ 32%] [32mBuilding CXX object CMakeFiles/robot_ras_decision__rosidl_typesupport_fastrtps_cpp.dir/rosidl_typesupport_fastrtps_cpp/robot_ras_decision/msg/detail/dds_fastrtps/movement__type_support.cpp.o[0m
[2.108s] [35m[1mConsolidate compiler generated dependencies of target robot_ras_decision__rosidl_typesupport_c[0m
[2.125s] [ 34%] [32mBuilding CXX object CMakeFiles/robot_ras_decision__rosidl_typesupport_c.dir/rosidl_typesupport_c/robot_ras_decision/msg/movement__type_support.cpp.o[0m
[2.158s] [ 37%] [32mBuilding CXX object CMakeFiles/robot_ras_decision__rosidl_typesupport_c.dir/rosidl_typesupport_c/robot_ras_decision/srv/set_velocity__type_support.cpp.o[0m
[2.201s] [ 39%] [32m[1mLinking CXX shared library librobot_ras_decision__rosidl_typesupport_c.so[0m
[2.215s] [35m[1mConsolidate compiler generated dependencies of target robot_ras_decision__rosidl_typesupport_fastrtps_c[0m
[2.236s] [ 41%] [32mBuilding CXX object CMakeFiles/robot_ras_decision__rosidl_typesupport_fastrtps_c.dir/rosidl_typesupport_fastrtps_c/robot_ras_decision/msg/detail/movement__type_support_c.cpp.o[0m
[2.262s] [35m[1mConsolidate compiler generated dependencies of target robot_ras_decision__rosidl_typesupport_introspection_c[0m
[2.276s] [ 41%] Built target robot_ras_decision__rosidl_typesupport_c
[2.293s] [ 44%] [32mBuilding C object CMakeFiles/robot_ras_decision__rosidl_typesupport_introspection_c.dir/rosidl_typesupport_introspection_c/robot_ras_decision/msg/detail/movement__type_support.c.o[0m
[2.295s] [ 46%] [32mBuilding CXX object CMakeFiles/robot_ras_decision__rosidl_typesupport_fastrtps_cpp.dir/rosidl_typesupport_fastrtps_cpp/robot_ras_decision/srv/detail/dds_fastrtps/set_velocity__type_support.cpp.o[0m
[2.320s] [ 48%] [32mBuilding CXX object CMakeFiles/robot_ras_decision__rosidl_typesupport_cpp.dir/rosidl_typesupport_cpp/robot_ras_decision/srv/set_velocity__type_support.cpp.o[0m
[2.357s] [ 51%] [32mBuilding C object CMakeFiles/robot_ras_decision__rosidl_typesupport_introspection_c.dir/rosidl_typesupport_introspection_c/robot_ras_decision/srv/detail/set_velocity__type_support.c.o[0m
[2.449s] [ 53%] [32m[1mLinking C shared library librobot_ras_decision__rosidl_typesupport_introspection_c.so[0m
[2.533s] [ 53%] Built target robot_ras_decision__rosidl_typesupport_introspection_c
[2.561s] [ 55%] [32mBuilding CXX object CMakeFiles/robot_ras_decision__rosidl_typesupport_fastrtps_c.dir/rosidl_typesupport_fastrtps_c/robot_ras_decision/srv/detail/set_velocity__type_support_c.cpp.o[0m
[2.572s] [ 58%] [32mBuilding CXX object CMakeFiles/robot_ras_decision__rosidl_typesupport_introspection_cpp.dir/rosidl_typesupport_introspection_cpp/robot_ras_decision/srv/detail/set_velocity__type_support.cpp.o[0m
[2.793s] [ 60%] [32m[1mLinking CXX shared library librobot_ras_decision__rosidl_typesupport_cpp.so[0m
[2.859s] [ 60%] Built target robot_ras_decision__rosidl_typesupport_cpp
[2.978s] [ 62%] [32m[1mLinking CXX shared library librobot_ras_decision__rosidl_typesupport_fastrtps_cpp.so[0m
[3.012s] [ 65%] [32m[1mLinking CXX shared library librobot_ras_decision__rosidl_typesupport_fastrtps_c.so[0m
[3.095s] [ 65%] Built target robot_ras_decision__rosidl_typesupport_fastrtps_cpp
[3.134s] [ 65%] Built target robot_ras_decision__rosidl_typesupport_fastrtps_c
[3.154s] [ 67%] [32m[1mLinking CXX shared library librobot_ras_decision__rosidl_typesupport_introspection_cpp.so[0m
[3.222s] [ 67%] Built target robot_ras_decision__rosidl_typesupport_introspection_cpp
[3.242s] [ 67%] Built target robot_ras_decision
[3.254s] [35m[1mConsolidate compiler generated dependencies of target Manager[0m
[3.254s] [35m[1mConsolidate compiler generated dependencies of target MovementControl[0m
[3.267s] [ 69%] [34m[1mGenerating Python code for ROS interfaces[0m
[3.274s] [ 72%] [32mBuilding CXX object CMakeFiles/Manager.dir/src/manager.cpp.o[0m
[3.274s] [ 74%] [32mBuilding CXX object CMakeFiles/MovementControl.dir/src/moviment_control.cpp.o[0m
[3.803s] [ 74%] Built target robot_ras_decision__py
[3.813s] [35m[1mConsolidate compiler generated dependencies of target robot_ras_decision__rosidl_generator_py[0m
[3.831s] [ 76%] [32mBuilding C object CMakeFiles/robot_ras_decision__rosidl_generator_py.dir/rosidl_generator_py/robot_ras_decision/srv/_set_velocity_s.c.o[0m
[3.832s] [ 79%] [32mBuilding C object CMakeFiles/robot_ras_decision__rosidl_generator_py.dir/rosidl_generator_py/robot_ras_decision/msg/_movement_s.c.o[0m
[3.960s] [ 81%] [32m[1mLinking C shared library rosidl_generator_py/robot_ras_decision/librobot_ras_decision__rosidl_generator_py.so[0m
[4.006s] [ 81%] Built target robot_ras_decision__rosidl_generator_py
[4.020s] [35m[1mConsolidate compiler generated dependencies of target robot_ras_decision__rosidl_typesupport_fastrtps_c__pyext[0m
[4.022s] [35m[1mConsolidate compiler generated dependencies of target robot_ras_decision__rosidl_typesupport_introspection_c__pyext[0m
[4.025s] [35m[1mConsolidate compiler generated dependencies of target robot_ras_decision__rosidl_typesupport_c__pyext[0m
[4.037s] [ 83%] [32mBuilding C object CMakeFiles/robot_ras_decision__rosidl_typesupport_introspection_c__pyext.dir/rosidl_generator_py/robot_ras_decision/_robot_ras_decision_s.ep.rosidl_typesupport_introspection_c.c.o[0m
[4.047s] [ 86%] [32mBuilding C object CMakeFiles/robot_ras_decision__rosidl_typesupport_c__pyext.dir/rosidl_generator_py/robot_ras_decision/_robot_ras_decision_s.ep.rosidl_typesupport_c.c.o[0m
[4.052s] [ 88%] [32mBuilding C object CMakeFiles/robot_ras_decision__rosidl_typesupport_fastrtps_c__pyext.dir/rosidl_generator_py/robot_ras_decision/_robot_ras_decision_s.ep.rosidl_typesupport_fastrtps_c.c.o[0m
[4.177s] [ 90%] [32m[1mLinking C shared library rosidl_generator_py/robot_ras_decision/robot_ras_decision_s__rosidl_typesupport_c.cpython-310-x86_64-linux-gnu.so[0m
[4.185s] [ 93%] [32m[1mLinking C shared library rosidl_generator_py/robot_ras_decision/robot_ras_decision_s__rosidl_typesupport_introspection_c.cpython-310-x86_64-linux-gnu.so[0m
[4.226s] [ 93%] Built target robot_ras_decision__rosidl_typesupport_c__pyext
[4.239s] [ 93%] Built target robot_ras_decision__rosidl_typesupport_introspection_c__pyext
[4.262s] [ 95%] [32m[1mLinking C shared library rosidl_generator_py/robot_ras_decision/robot_ras_decision_s__rosidl_typesupport_fastrtps_c.cpython-310-x86_64-linux-gnu.so[0m
[4.305s] [ 95%] Built target robot_ras_decision__rosidl_typesupport_fastrtps_c__pyext
[12.719s] [ 97%] [32m[1mLinking CXX executable Manager[0m
[13.244s] [ 97%] Built target Manager
[13.446s] [100%] [32m[1mLinking CXX executable MovementControl[0m
[13.906s] [100%] Built target MovementControl
[13.917s] Invoked command in '/home/pedro/ros2_ws/build/robot_ras_decision' returned '0': CMAKE_PREFIX_PATH=${CMAKE_PREFIX_PATH}:/opt/ros/humble /usr/bin/cmake --build /home/pedro/ros2_ws/build/robot_ras_decision -- -j6 -l6
[13.919s] Invoking command in '/home/pedro/ros2_ws/build/robot_ras_decision': CMAKE_PREFIX_PATH=${CMAKE_PREFIX_PATH}:/opt/ros/humble /usr/bin/cmake --install /home/pedro/ros2_ws/build/robot_ras_decision
[13.925s] -- Install configuration: ""
[13.926s] -- Installing: /home/pedro/ros2_ws/install/robot_ras_decision/share/ament_index/resource_index/rosidl_interfaces/robot_ras_decision
[13.926s] -- Installing: /home/pedro/ros2_ws/install/robot_ras_decision/include/robot_ras_decision/robot_ras_decision
[13.926s] -- Installing: /home/pedro/ros2_ws/install/robot_ras_decision/include/robot_ras_decision/robot_ras_decision/srv
[13.926s] -- Installing: /home/pedro/ros2_ws/install/robot_ras_decision/include/robot_ras_decision/robot_ras_decision/srv/set_velocity.h
[13.926s] -- Installing: /home/pedro/ros2_ws/install/robot_ras_decision/include/robot_ras_decision/robot_ras_decision/srv/detail
[13.926s] -- Installing: /home/pedro/ros2_ws/install/robot_ras_decision/include/robot_ras_decision/robot_ras_decision/srv/detail/set_velocity__type_support.h
[13.926s] -- Installing: /home/pedro/ros2_ws/install/robot_ras_decision/include/robot_ras_decision/robot_ras_decision/srv/detail/set_velocity__functions.h
[13.926s] -- Installing: /home/pedro/ros2_ws/install/robot_ras_decision/include/robot_ras_decision/robot_ras_decision/srv/detail/set_velocity__struct.h
[13.926s] -- Installing: /home/pedro/ros2_ws/install/robot_ras_decision/include/robot_ras_decision/robot_ras_decision/srv/detail/set_velocity__functions.c
[13.926s] -- Installing: /home/pedro/ros2_ws/install/robot_ras_decision/include/robot_ras_decision/robot_ras_decision/msg
[13.927s] -- Installing: /home/pedro/ros2_ws/install/robot_ras_decision/include/robot_ras_decision/robot_ras_decision/msg/movement.h
[13.927s] -- Installing: /home/pedro/ros2_ws/install/robot_ras_decision/include/robot_ras_decision/robot_ras_decision/msg/rosidl_generator_c__visibility_control.h
[13.927s] -- Installing: /home/pedro/ros2_ws/install/robot_ras_decision/include/robot_ras_decision/robot_ras_decision/msg/detail
[13.927s] -- Installing: /home/pedro/ros2_ws/install/robot_ras_decision/include/robot_ras_decision/robot_ras_decision/msg/detail/movement__functions.c
[13.927s] -- Installing: /home/pedro/ros2_ws/install/robot_ras_decision/include/robot_ras_decision/robot_ras_decision/msg/detail/movement__functions.h
[13.927s] -- Installing: /home/pedro/ros2_ws/install/robot_ras_decision/include/robot_ras_decision/robot_ras_decision/msg/detail/movement__struct.h
[13.927s] -- Installing: /home/pedro/ros2_ws/install/robot_ras_decision/include/robot_ras_decision/robot_ras_decision/msg/detail/movement__type_support.h
[13.927s] -- Installing: /home/pedro/ros2_ws/install/robot_ras_decision/share/robot_ras_decision/environment/library_path.sh
[13.927s] -- Installing: /home/pedro/ros2_ws/install/robot_ras_decision/share/robot_ras_decision/environment/library_path.dsv
[13.927s] -- Installing: /home/pedro/ros2_ws/install/robot_ras_decision/lib/librobot_ras_decision__rosidl_generator_c.so
[13.928s] -- Set runtime path of "/home/pedro/ros2_ws/install/robot_ras_decision/lib/librobot_ras_decision__rosidl_generator_c.so" to ""
[13.928s] -- Up-to-date: /home/pedro/ros2_ws/install/robot_ras_decision/include/robot_ras_decision/robot_ras_decision
[13.928s] -- Up-to-date: /home/pedro/ros2_ws/install/robot_ras_decision/include/robot_ras_decision/robot_ras_decision/srv
[13.928s] -- Up-to-date: /home/pedro/ros2_ws/install/robot_ras_decision/include/robot_ras_decision/robot_ras_decision/srv/detail
[13.928s] -- Installing: /home/pedro/ros2_ws/install/robot_ras_decision/include/robot_ras_decision/robot_ras_decision/srv/detail/set_velocity__rosidl_typesupport_fastrtps_c.h
[13.928s] -- Up-to-date: /home/pedro/ros2_ws/install/robot_ras_decision/include/robot_ras_decision/robot_ras_decision/msg
[13.928s] -- Installing: /home/pedro/ros2_ws/install/robot_ras_decision/include/robot_ras_decision/robot_ras_decision/msg/rosidl_typesupport_fastrtps_c__visibility_control.h
[13.928s] -- Up-to-date: /home/pedro/ros2_ws/install/robot_ras_decision/include/robot_ras_decision/robot_ras_decision/msg/detail
[13.928s] -- Installing: /home/pedro/ros2_ws/install/robot_ras_decision/include/robot_ras_decision/robot_ras_decision/msg/detail/movement__rosidl_typesupport_fastrtps_c.h
[13.929s] -- Installing: /home/pedro/ros2_ws/install/robot_ras_decision/lib/librobot_ras_decision__rosidl_typesupport_fastrtps_c.so
[13.929s] -- Set runtime path of "/home/pedro/ros2_ws/install/robot_ras_decision/lib/librobot_ras_decision__rosidl_typesupport_fastrtps_c.so" to ""
[13.929s] -- Up-to-date: /home/pedro/ros2_ws/install/robot_ras_decision/include/robot_ras_decision/robot_ras_decision
[13.929s] -- Up-to-date: /home/pedro/ros2_ws/install/robot_ras_decision/include/robot_ras_decision/robot_ras_decision/srv
[13.929s] -- Installing: /home/pedro/ros2_ws/install/robot_ras_decision/include/robot_ras_decision/robot_ras_decision/srv/set_velocity.hpp
[13.929s] -- Up-to-date: /home/pedro/ros2_ws/install/robot_ras_decision/include/robot_ras_decision/robot_ras_decision/srv/detail
[13.929s] -- Installing: /home/pedro/ros2_ws/install/robot_ras_decision/include/robot_ras_decision/robot_ras_decision/srv/detail/set_velocity__traits.hpp
[13.929s] -- Installing: /home/pedro/ros2_ws/install/robot_ras_decision/include/robot_ras_decision/robot_ras_decision/srv/detail/set_velocity__struct.hpp
[13.929s] -- Installing: /home/pedro/ros2_ws/install/robot_ras_decision/include/robot_ras_decision/robot_ras_decision/srv/detail/set_velocity__type_support.hpp
[13.930s] -- Installing: /home/pedro/ros2_ws/install/robot_ras_decision/include/robot_ras_decision/robot_ras_decision/srv/detail/set_velocity__builder.hpp
[13.930s] -- Up-to-date: /home/pedro/ros2_ws/install/robot_ras_decision/include/robot_ras_decision/robot_ras_decision/msg
[13.930s] -- Installing: /home/pedro/ros2_ws/install/robot_ras_decision/include/robot_ras_decision/robot_ras_decision/msg/movement.hpp
[13.930s] -- Installing: /home/pedro/ros2_ws/install/robot_ras_decision/include/robot_ras_decision/robot_ras_decision/msg/rosidl_generator_cpp__visibility_control.hpp
[13.930s] -- Up-to-date: /home/pedro/ros2_ws/install/robot_ras_decision/include/robot_ras_decision/robot_ras_decision/msg/detail
[13.930s] -- Installing: /home/pedro/ros2_ws/install/robot_ras_decision/include/robot_ras_decision/robot_ras_decision/msg/detail/movement__traits.hpp
[13.930s] -- Installing: /home/pedro/ros2_ws/install/robot_ras_decision/include/robot_ras_decision/robot_ras_decision/msg/detail/movement__struct.hpp
[13.930s] -- Installing: /home/pedro/ros2_ws/install/robot_ras_decision/include/robot_ras_decision/robot_ras_decision/msg/detail/movement__builder.hpp
[13.930s] -- Installing: /home/pedro/ros2_ws/install/robot_ras_decision/include/robot_ras_decision/robot_ras_decision/msg/detail/movement__type_support.hpp
[13.930s] -- Up-to-date: /home/pedro/ros2_ws/install/robot_ras_decision/include/robot_ras_decision/robot_ras_decision
[13.930s] -- Up-to-date: /home/pedro/ros2_ws/install/robot_ras_decision/include/robot_ras_decision/robot_ras_decision/srv
[13.930s] -- Up-to-date: /home/pedro/ros2_ws/install/robot_ras_decision/include/robot_ras_decision/robot_ras_decision/srv/detail
[13.931s] -- Installing: /home/pedro/ros2_ws/install/robot_ras_decision/include/robot_ras_decision/robot_ras_decision/srv/detail/dds_fastrtps
[13.931s] -- Installing: /home/pedro/ros2_ws/install/robot_ras_decision/include/robot_ras_decision/robot_ras_decision/srv/detail/set_velocity__rosidl_typesupport_fastrtps_cpp.hpp
[13.931s] -- Up-to-date: /home/pedro/ros2_ws/install/robot_ras_decision/include/robot_ras_decision/robot_ras_decision/msg
[13.931s] -- Installing: /home/pedro/ros2_ws/install/robot_ras_decision/include/robot_ras_decision/robot_ras_decision/msg/rosidl_typesupport_fastrtps_cpp__visibility_control.h
[13.931s] -- Up-to-date: /home/pedro/ros2_ws/install/robot_ras_decision/include/robot_ras_decision/robot_ras_decision/msg/detail
[13.931s] -- Installing: /home/pedro/ros2_ws/install/robot_ras_decision/include/robot_ras_decision/robot_ras_decision/msg/detail/dds_fastrtps
[13.931s] -- Installing: /home/pedro/ros2_ws/install/robot_ras_decision/include/robot_ras_decision/robot_ras_decision/msg/detail/movement__rosidl_typesupport_fastrtps_cpp.hpp
[13.931s] -- Installing: /home/pedro/ros2_ws/install/robot_ras_decision/lib/librobot_ras_decision__rosidl_typesupport_fastrtps_cpp.so
[13.931s] -- Set runtime path of "/home/pedro/ros2_ws/install/robot_ras_decision/lib/librobot_ras_decision__rosidl_typesupport_fastrtps_cpp.so" to ""
[13.931s] -- Up-to-date: /home/pedro/ros2_ws/install/robot_ras_decision/include/robot_ras_decision/robot_ras_decision
[13.931s] -- Up-to-date: /home/pedro/ros2_ws/install/robot_ras_decision/include/robot_ras_decision/robot_ras_decision/srv
[13.932s] -- Up-to-date: /home/pedro/ros2_ws/install/robot_ras_decision/include/robot_ras_decision/robot_ras_decision/srv/detail
[13.932s] -- Installing: /home/pedro/ros2_ws/install/robot_ras_decision/include/robot_ras_decision/robot_ras_decision/srv/detail/set_velocity__type_support.c
[13.932s] -- Installing: /home/pedro/ros2_ws/install/robot_ras_decision/include/robot_ras_decision/robot_ras_decision/srv/detail/set_velocity__rosidl_typesupport_introspection_c.h
[13.932s] -- Up-to-date: /home/pedro/ros2_ws/install/robot_ras_decision/include/robot_ras_decision/robot_ras_decision/msg
[13.932s] -- Installing: /home/pedro/ros2_ws/install/robot_ras_decision/include/robot_ras_decision/robot_ras_decision/msg/rosidl_typesupport_introspection_c__visibility_control.h
[13.932s] -- Up-to-date: /home/pedro/ros2_ws/install/robot_ras_decision/include/robot_ras_decision/robot_ras_decision/msg/detail
[13.932s] -- Installing: /home/pedro/ros2_ws/install/robot_ras_decision/include/robot_ras_decision/robot_ras_decision/msg/detail/movement__rosidl_typesupport_introspection_c.h
[13.933s] -- Installing: /home/pedro/ros2_ws/install/robot_ras_decision/include/robot_ras_decision/robot_ras_decision/msg/detail/movement__type_support.c
[13.933s] -- Installing: /home/pedro/ros2_ws/install/robot_ras_decision/lib/librobot_ras_decision__rosidl_typesupport_introspection_c.so
[13.933s] -- Set runtime path of "/home/pedro/ros2_ws/install/robot_ras_decision/lib/librobot_ras_decision__rosidl_typesupport_introspection_c.so" to ""
[13.933s] -- Installing: /home/pedro/ros2_ws/install/robot_ras_decision/lib/librobot_ras_decision__rosidl_typesupport_c.so
[13.933s] -- Set runtime path of "/home/pedro/ros2_ws/install/robot_ras_decision/lib/librobot_ras_decision__rosidl_typesupport_c.so" to ""
[13.933s] -- Up-to-date: /home/pedro/ros2_ws/install/robot_ras_decision/include/robot_ras_decision/robot_ras_decision
[13.933s] -- Up-to-date: /home/pedro/ros2_ws/install/robot_ras_decision/include/robot_ras_decision/robot_ras_decision/srv
[13.933s] -- Up-to-date: /home/pedro/ros2_ws/install/robot_ras_decision/include/robot_ras_decision/robot_ras_decision/srv/detail
[13.933s] -- Installing: /home/pedro/ros2_ws/install/robot_ras_decision/include/robot_ras_decision/robot_ras_decision/srv/detail/set_velocity__rosidl_typesupport_introspection_cpp.hpp
[13.933s] -- Installing: /home/pedro/ros2_ws/install/robot_ras_decision/include/robot_ras_decision/robot_ras_decision/srv/detail/set_velocity__type_support.cpp
[13.933s] -- Up-to-date: /home/pedro/ros2_ws/install/robot_ras_decision/include/robot_ras_decision/robot_ras_decision/msg
[13.933s] -- Up-to-date: /home/pedro/ros2_ws/install/robot_ras_decision/include/robot_ras_decision/robot_ras_decision/msg/detail
[13.934s] -- Installing: /home/pedro/ros2_ws/install/robot_ras_decision/include/robot_ras_decision/robot_ras_decision/msg/detail/movement__rosidl_typesupport_introspection_cpp.hpp
[13.934s] -- Installing: /home/pedro/ros2_ws/install/robot_ras_decision/include/robot_ras_decision/robot_ras_decision/msg/detail/movement__type_support.cpp
[13.934s] -- Installing: /home/pedro/ros2_ws/install/robot_ras_decision/lib/librobot_ras_decision__rosidl_typesupport_introspection_cpp.so
[13.934s] -- Set runtime path of "/home/pedro/ros2_ws/install/robot_ras_decision/lib/librobot_ras_decision__rosidl_typesupport_introspection_cpp.so" to ""
[13.934s] -- Installing: /home/pedro/ros2_ws/install/robot_ras_decision/lib/librobot_ras_decision__rosidl_typesupport_cpp.so
[13.934s] -- Set runtime path of "/home/pedro/ros2_ws/install/robot_ras_decision/lib/librobot_ras_decision__rosidl_typesupport_cpp.so" to ""
[13.934s] -- Installing: /home/pedro/ros2_ws/install/robot_ras_decision/share/robot_ras_decision/environment/pythonpath.sh
[13.935s] -- Installing: /home/pedro/ros2_ws/install/robot_ras_decision/share/robot_ras_decision/environment/pythonpath.dsv
[13.935s] -- Installing: /home/pedro/ros2_ws/install/robot_ras_decision/local/lib/python3.10/dist-packages/robot_ras_decision-0.0.1-py3.10.egg-info
[13.935s] -- Installing: /home/pedro/ros2_ws/install/robot_ras_decision/local/lib/python3.10/dist-packages/robot_ras_decision-0.0.1-py3.10.egg-info/PKG-INFO
[13.935s] -- Installing: /home/pedro/ros2_ws/install/robot_ras_decision/local/lib/python3.10/dist-packages/robot_ras_decision-0.0.1-py3.10.egg-info/top_level.txt
[13.935s] -- Installing: /home/pedro/ros2_ws/install/robot_ras_decision/local/lib/python3.10/dist-packages/robot_ras_decision-0.0.1-py3.10.egg-info/SOURCES.txt
[13.935s] -- Installing: /home/pedro/ros2_ws/install/robot_ras_decision/local/lib/python3.10/dist-packages/robot_ras_decision-0.0.1-py3.10.egg-info/dependency_links.txt
[13.935s] -- Installing: /home/pedro/ros2_ws/install/robot_ras_decision/local/lib/python3.10/dist-packages/robot_ras_decision
[13.935s] -- Installing: /home/pedro/ros2_ws/install/robot_ras_decision/local/lib/python3.10/dist-packages/robot_ras_decision/srv
[13.935s] -- Installing: /home/pedro/ros2_ws/install/robot_ras_decision/local/lib/python3.10/dist-packages/robot_ras_decision/srv/__init__.py
[13.935s] -- Installing: /home/pedro/ros2_ws/install/robot_ras_decision/local/lib/python3.10/dist-packages/robot_ras_decision/srv/_set_velocity_s.c
[13.935s] -- Installing: /home/pedro/ros2_ws/install/robot_ras_decision/local/lib/python3.10/dist-packages/robot_ras_decision/srv/_set_velocity.py
[13.936s] -- Installing: /home/pedro/ros2_ws/install/robot_ras_decision/local/lib/python3.10/dist-packages/robot_ras_decision/__init__.py
[13.936s] -- Installing: /home/pedro/ros2_ws/install/robot_ras_decision/local/lib/python3.10/dist-packages/robot_ras_decision/robot_ras_decision_s__rosidl_typesupport_c.cpython-310-x86_64-linux-gnu.so
[13.936s] -- Installing: /home/pedro/ros2_ws/install/robot_ras_decision/local/lib/python3.10/dist-packages/robot_ras_decision/_robot_ras_decision_s.ep.rosidl_typesupport_c.c
[13.936s] -- Installing: /home/pedro/ros2_ws/install/robot_ras_decision/local/lib/python3.10/dist-packages/robot_ras_decision/msg
[13.936s] -- Installing: /home/pedro/ros2_ws/install/robot_ras_decision/local/lib/python3.10/dist-packages/robot_ras_decision/msg/__init__.py
[13.936s] -- Installing: /home/pedro/ros2_ws/install/robot_ras_decision/local/lib/python3.10/dist-packages/robot_ras_decision/msg/_movement_s.c
[13.936s] -- Installing: /home/pedro/ros2_ws/install/robot_ras_decision/local/lib/python3.10/dist-packages/robot_ras_decision/msg/_movement.py
[13.936s] -- Installing: /home/pedro/ros2_ws/install/robot_ras_decision/local/lib/python3.10/dist-packages/robot_ras_decision/robot_ras_decision_s__rosidl_typesupport_fastrtps_c.cpython-310-x86_64-linux-gnu.so
[13.936s] -- Installing: /home/pedro/ros2_ws/install/robot_ras_decision/local/lib/python3.10/dist-packages/robot_ras_decision/_robot_ras_decision_s.ep.rosidl_typesupport_introspection_c.c
[13.936s] -- Installing: /home/pedro/ros2_ws/install/robot_ras_decision/local/lib/python3.10/dist-packages/robot_ras_decision/_robot_ras_decision_s.ep.rosidl_typesupport_fastrtps_c.c
[13.937s] -- Installing: /home/pedro/ros2_ws/install/robot_ras_decision/local/lib/python3.10/dist-packages/robot_ras_decision/librobot_ras_decision__rosidl_generator_py.so
[13.937s] -- Installing: /home/pedro/ros2_ws/install/robot_ras_decision/local/lib/python3.10/dist-packages/robot_ras_decision/robot_ras_decision_s__rosidl_typesupport_introspection_c.cpython-310-x86_64-linux-gnu.so
[13.970s] Listing '/home/pedro/ros2_ws/install/robot_ras_decision/local/lib/python3.10/dist-packages/robot_ras_decision'...
[13.970s] Compiling '/home/pedro/ros2_ws/install/robot_ras_decision/local/lib/python3.10/dist-packages/robot_ras_decision/__init__.py'...
[13.970s] Listing '/home/pedro/ros2_ws/install/robot_ras_decision/local/lib/python3.10/dist-packages/robot_ras_decision/msg'...
[13.970s] Compiling '/home/pedro/ros2_ws/install/robot_ras_decision/local/lib/python3.10/dist-packages/robot_ras_decision/msg/__init__.py'...
[13.970s] Compiling '/home/pedro/ros2_ws/install/robot_ras_decision/local/lib/python3.10/dist-packages/robot_ras_decision/msg/_movement.py'...
[13.970s] Listing '/home/pedro/ros2_ws/install/robot_ras_decision/local/lib/python3.10/dist-packages/robot_ras_decision/srv'...
[13.970s] Compiling '/home/pedro/ros2_ws/install/robot_ras_decision/local/lib/python3.10/dist-packages/robot_ras_decision/srv/__init__.py'...
[13.970s] Compiling '/home/pedro/ros2_ws/install/robot_ras_decision/local/lib/python3.10/dist-packages/robot_ras_decision/srv/_set_velocity.py'...
[13.974s] -- Installing: /home/pedro/ros2_ws/install/robot_ras_decision/local/lib/python3.10/dist-packages/robot_ras_decision/robot_ras_decision_s__rosidl_typesupport_fastrtps_c.cpython-310-x86_64-linux-gnu.so
[13.974s] -- Set runtime path of "/home/pedro/ros2_ws/install/robot_ras_decision/local/lib/python3.10/dist-packages/robot_ras_decision/robot_ras_decision_s__rosidl_typesupport_fastrtps_c.cpython-310-x86_64-linux-gnu.so" to ""
[13.975s] -- Installing: /home/pedro/ros2_ws/install/robot_ras_decision/local/lib/python3.10/dist-packages/robot_ras_decision/robot_ras_decision_s__rosidl_typesupport_introspection_c.cpython-310-x86_64-linux-gnu.so
[13.975s] -- Set runtime path of "/home/pedro/ros2_ws/install/robot_ras_decision/local/lib/python3.10/dist-packages/robot_ras_decision/robot_ras_decision_s__rosidl_typesupport_introspection_c.cpython-310-x86_64-linux-gnu.so" to ""
[13.975s] -- Installing: /home/pedro/ros2_ws/install/robot_ras_decision/local/lib/python3.10/dist-packages/robot_ras_decision/robot_ras_decision_s__rosidl_typesupport_c.cpython-310-x86_64-linux-gnu.so
[13.976s] -- Set runtime path of "/home/pedro/ros2_ws/install/robot_ras_decision/local/lib/python3.10/dist-packages/robot_ras_decision/robot_ras_decision_s__rosidl_typesupport_c.cpython-310-x86_64-linux-gnu.so" to ""
[13.976s] -- Installing: /home/pedro/ros2_ws/install/robot_ras_decision/lib/librobot_ras_decision__rosidl_generator_py.so
[13.976s] -- Set runtime path of "/home/pedro/ros2_ws/install/robot_ras_decision/lib/librobot_ras_decision__rosidl_generator_py.so" to ""
[13.976s] -- Installing: /home/pedro/ros2_ws/install/robot_ras_decision/share/robot_ras_decision/msg/Movement.idl
[13.976s] -- Installing: /home/pedro/ros2_ws/install/robot_ras_decision/share/robot_ras_decision/srv/SetVelocity.idl
[13.976s] -- Installing: /home/pedro/ros2_ws/install/robot_ras_decision/share/robot_ras_decision/msg/Movement.msg
[13.977s] -- Installing: /home/pedro/ros2_ws/install/robot_ras_decision/share/robot_ras_decision/srv/SetVelocity.srv
[13.977s] -- Installing: /home/pedro/ros2_ws/install/robot_ras_decision/share/robot_ras_decision/srv/SetVelocity_Request.msg
[13.977s] -- Installing: /home/pedro/ros2_ws/install/robot_ras_decision/share/robot_ras_decision/srv/SetVelocity_Response.msg
[13.977s] -- Installing: /home/pedro/ros2_ws/install/robot_ras_decision/lib/robot_ras_decision/MovementControl
[13.981s] -- Set runtime path of "/home/pedro/ros2_ws/install/robot_ras_decision/lib/robot_ras_decision/MovementControl" to ""
[13.982s] -- Installing: /home/pedro/ros2_ws/install/robot_ras_decision/lib/robot_ras_decision/Manager
[13.986s] -- Set runtime path of "/home/pedro/ros2_ws/install/robot_ras_decision/lib/robot_ras_decision/Manager" to ""
[13.986s] -- Installing: /home/pedro/ros2_ws/install/robot_ras_decision/share/ament_index/resource_index/package_run_dependencies/robot_ras_decision
[13.986s] -- Installing: /home/pedro/ros2_ws/install/robot_ras_decision/share/ament_index/resource_index/parent_prefix_path/robot_ras_decision
[13.986s] -- Installing: /home/pedro/ros2_ws/install/robot_ras_decision/share/robot_ras_decision/environment/ament_prefix_path.sh
[13.986s] -- Installing: /home/pedro/ros2_ws/install/robot_ras_decision/share/robot_ras_decision/environment/ament_prefix_path.dsv
[13.986s] -- Installing: /home/pedro/ros2_ws/install/robot_ras_decision/share/robot_ras_decision/environment/path.sh
[13.986s] -- Installing: /home/pedro/ros2_ws/install/robot_ras_decision/share/robot_ras_decision/environment/path.dsv
[13.986s] -- Installing: /home/pedro/ros2_ws/install/robot_ras_decision/share/robot_ras_decision/local_setup.bash
[13.987s] -- Installing: /home/pedro/ros2_ws/install/robot_ras_decision/share/robot_ras_decision/local_setup.sh
[13.987s] -- Installing: /home/pedro/ros2_ws/install/robot_ras_decision/share/robot_ras_decision/local_setup.zsh
[13.987s] -- Installing: /home/pedro/ros2_ws/install/robot_ras_decision/share/robot_ras_decision/local_setup.dsv
[13.987s] -- Installing: /home/pedro/ros2_ws/install/robot_ras_decision/share/robot_ras_decision/package.dsv
[13.987s] -- Installing: /home/pedro/ros2_ws/install/robot_ras_decision/share/ament_index/resource_index/packages/robot_ras_decision
[13.987s] -- Installing: /home/pedro/ros2_ws/install/robot_ras_decision/share/robot_ras_decision/cmake/export_robot_ras_decision__rosidl_generator_cExport.cmake
[13.987s] -- Installing: /home/pedro/ros2_ws/install/robot_ras_decision/share/robot_ras_decision/cmake/export_robot_ras_decision__rosidl_generator_cExport-noconfig.cmake
[13.988s] -- Installing: /home/pedro/ros2_ws/install/robot_ras_decision/share/robot_ras_decision/cmake/export_robot_ras_decision__rosidl_typesupport_fastrtps_cExport.cmake
[13.988s] -- Installing: /home/pedro/ros2_ws/install/robot_ras_decision/share/robot_ras_decision/cmake/export_robot_ras_decision__rosidl_typesupport_fastrtps_cExport-noconfig.cmake
[13.988s] -- Installing: /home/pedro/ros2_ws/install/robot_ras_decision/share/robot_ras_decision/cmake/export_robot_ras_decision__rosidl_generator_cppExport.cmake
[13.988s] -- Installing: /home/pedro/ros2_ws/install/robot_ras_decision/share/robot_ras_decision/cmake/export_robot_ras_decision__rosidl_typesupport_fastrtps_cppExport.cmake
[13.988s] -- Installing: /home/pedro/ros2_ws/install/robot_ras_decision/share/robot_ras_decision/cmake/export_robot_ras_decision__rosidl_typesupport_fastrtps_cppExport-noconfig.cmake
[13.988s] -- Installing: /home/pedro/ros2_ws/install/robot_ras_decision/share/robot_ras_decision/cmake/robot_ras_decision__rosidl_typesupport_introspection_cExport.cmake
[13.988s] -- Installing: /home/pedro/ros2_ws/install/robot_ras_decision/share/robot_ras_decision/cmake/robot_ras_decision__rosidl_typesupport_introspection_cExport-noconfig.cmake
[13.988s] -- Installing: /home/pedro/ros2_ws/install/robot_ras_decision/share/robot_ras_decision/cmake/robot_ras_decision__rosidl_typesupport_cExport.cmake
[13.989s] -- Installing: /home/pedro/ros2_ws/install/robot_ras_decision/share/robot_ras_decision/cmake/robot_ras_decision__rosidl_typesupport_cExport-noconfig.cmake
[13.989s] -- Installing: /home/pedro/ros2_ws/install/robot_ras_decision/share/robot_ras_decision/cmake/robot_ras_decision__rosidl_typesupport_introspection_cppExport.cmake
[13.989s] -- Installing: /home/pedro/ros2_ws/install/robot_ras_decision/share/robot_ras_decision/cmake/robot_ras_decision__rosidl_typesupport_introspection_cppExport-noconfig.cmake
[13.989s] -- Installing: /home/pedro/ros2_ws/install/robot_ras_decision/share/robot_ras_decision/cmake/robot_ras_decision__rosidl_typesupport_cppExport.cmake
[13.989s] -- Installing: /home/pedro/ros2_ws/install/robot_ras_decision/share/robot_ras_decision/cmake/robot_ras_decision__rosidl_typesupport_cppExport-noconfig.cmake
[13.989s] -- Installing: /home/pedro/ros2_ws/install/robot_ras_decision/share/robot_ras_decision/cmake/export_robot_ras_decision__rosidl_generator_pyExport.cmake
[13.989s] -- Installing: /home/pedro/ros2_ws/install/robot_ras_decision/share/robot_ras_decision/cmake/export_robot_ras_decision__rosidl_generator_pyExport-noconfig.cmake
[13.989s] -- Installing: /home/pedro/ros2_ws/install/robot_ras_decision/share/robot_ras_decision/cmake/rosidl_cmake-extras.cmake
[13.990s] -- Installing: /home/pedro/ros2_ws/install/robot_ras_decision/share/robot_ras_decision/cmake/ament_cmake_export_include_directories-extras.cmake
[13.990s] -- Installing: /home/pedro/ros2_ws/install/robot_ras_decision/share/robot_ras_decision/cmake/ament_cmake_export_libraries-extras.cmake
[13.990s] -- Installing: /home/pedro/ros2_ws/install/robot_ras_decision/share/robot_ras_decision/cmake/ament_cmake_export_targets-extras.cmake
[13.990s] -- Installing: /home/pedro/ros2_ws/install/robot_ras_decision/share/robot_ras_decision/cmake/rosidl_cmake_export_typesupport_targets-extras.cmake
[13.990s] -- Installing: /home/pedro/ros2_ws/install/robot_ras_decision/share/robot_ras_decision/cmake/ament_cmake_export_dependencies-extras.cmake
[13.990s] -- Installing: /home/pedro/ros2_ws/install/robot_ras_decision/share/robot_ras_decision/cmake/rosidl_cmake_export_typesupport_libraries-extras.cmake
[13.990s] -- Installing: /home/pedro/ros2_ws/install/robot_ras_decision/share/robot_ras_decision/cmake/robot_ras_decisionConfig.cmake
[13.990s] -- Installing: /home/pedro/ros2_ws/install/robot_ras_decision/share/robot_ras_decision/cmake/robot_ras_decisionConfig-version.cmake
[13.990s] -- Installing: /home/pedro/ros2_ws/install/robot_ras_decision/share/robot_ras_decision/package.xml
[13.992s] Invoked command in '/home/pedro/ros2_ws/build/robot_ras_decision' returned '0': CMAKE_PREFIX_PATH=${CMAKE_PREFIX_PATH}:/opt/ros/humble /usr/bin/cmake --install /home/pedro/ros2_ws/build/robot_ras_decision
