[0.100s] DEBUG:colcon:Command line arguments: ['/usr/bin/colcon', 'build']
[0.100s] DEBUG:colcon:Parsed command line arguments: Namespace(log_base=None, log_level=None, verb_name='build', build_base='build', install_base='install', merge_install=False, symlink_install=False, test_result_base=None, continue_on_error=False, executor='parallel', parallel_workers=6, event_handlers=None, ignore_user_meta=False, metas=['./colcon.meta'], base_paths=['.'], packages_ignore=None, packages_ignore_regex=None, paths=None, packages_up_to=None, packages_up_to_regex=None, packages_above=None, packages_above_and_dependencies=None, packages_above_depth=None, packages_select_by_dep=None, packages_skip_by_dep=None, packages_skip_up_to=None, packages_select_build_failed=False, packages_skip_build_finished=False, packages_select_test_failures=False, packages_skip_test_passed=False, packages_select=None, packages_skip=None, packages_select_regex=None, packages_skip_regex=None, packages_start=None, packages_end=None, allow_overriding=[], cmake_args=None, cmake_target=None, cmake_target_skip_unavailable=False, cmake_clean_cache=False, cmake_clean_first=False, cmake_force_configure=False, ament_cmake_args=None, catkin_cmake_args=None, catkin_skip_building_tests=False, verb_parser=<colcon_defaults.argument_parser.defaults.DefaultArgumentsDecorator object at 0x7303aa09b6d0>, verb_extension=<colcon_core.verb.build.BuildVerb object at 0x7303aa2687f0>, main=<bound method BuildVerb.main of <colcon_core.verb.build.BuildVerb object at 0x7303aa2687f0>>)
[0.254s] Level 1:colcon.colcon_core.package_discovery:discover_packages(colcon_meta) check parameters
[0.254s] Level 1:colcon.colcon_core.package_discovery:discover_packages(recursive) check parameters
[0.255s] Level 1:colcon.colcon_core.package_discovery:discover_packages(ignore) check parameters
[0.255s] Level 1:colcon.colcon_core.package_discovery:discover_packages(path) check parameters
[0.255s] Level 1:colcon.colcon_core.package_discovery:discover_packages(colcon_meta) discover
[0.255s] Level 1:colcon.colcon_core.package_discovery:discover_packages(recursive) discover
[0.255s] INFO:colcon.colcon_core.package_discovery:Crawling recursively for packages in '/home/pedro/ros2_ws'
[0.255s] Level 1:colcon.colcon_core.package_identification:_identify(.) by extensions ['ignore', 'ignore_ament_install']
[0.255s] Level 1:colcon.colcon_core.package_identification:_identify(.) by extension 'ignore'
[0.255s] Level 1:colcon.colcon_core.package_identification:_identify(.) by extension 'ignore_ament_install'
[0.255s] Level 1:colcon.colcon_core.package_identification:_identify(.) by extensions ['colcon_pkg']
[0.255s] Level 1:colcon.colcon_core.package_identification:_identify(.) by extension 'colcon_pkg'
[0.255s] Level 1:colcon.colcon_core.package_identification:_identify(.) by extensions ['colcon_meta']
[0.255s] Level 1:colcon.colcon_core.package_identification:_identify(.) by extension 'colcon_meta'
[0.255s] Level 1:colcon.colcon_core.package_identification:_identify(.) by extensions ['ros']
[0.255s] Level 1:colcon.colcon_core.package_identification:_identify(.) by extension 'ros'
[0.266s] Level 1:colcon.colcon_core.package_identification:_identify(.) by extensions ['cmake', 'python']
[0.266s] Level 1:colcon.colcon_core.package_identification:_identify(.) by extension 'cmake'
[0.266s] Level 1:colcon.colcon_core.package_identification:_identify(.) by extension 'python'
[0.266s] Level 1:colcon.colcon_core.package_identification:_identify(.) by extensions ['python_setup_py']
[0.266s] Level 1:colcon.colcon_core.package_identification:_identify(.) by extension 'python_setup_py'
[0.266s] Level 1:colcon.colcon_core.package_identification:_identify(build) by extensions ['ignore', 'ignore_ament_install']
[0.266s] Level 1:colcon.colcon_core.package_identification:_identify(build) by extension 'ignore'
[0.266s] Level 1:colcon.colcon_core.package_identification:_identify(build) ignored
[0.266s] Level 1:colcon.colcon_core.package_identification:_identify(install) by extensions ['ignore', 'ignore_ament_install']
[0.267s] Level 1:colcon.colcon_core.package_identification:_identify(install) by extension 'ignore'
[0.267s] Level 1:colcon.colcon_core.package_identification:_identify(install) ignored
[0.267s] Level 1:colcon.colcon_core.package_identification:_identify(log) by extensions ['ignore', 'ignore_ament_install']
[0.267s] Level 1:colcon.colcon_core.package_identification:_identify(log) by extension 'ignore'
[0.267s] Level 1:colcon.colcon_core.package_identification:_identify(log) ignored
[0.267s] Level 1:colcon.colcon_core.package_identification:_identify(src) by extensions ['ignore', 'ignore_ament_install']
[0.267s] Level 1:colcon.colcon_core.package_identification:_identify(src) by extension 'ignore'
[0.267s] Level 1:colcon.colcon_core.package_identification:_identify(src) by extension 'ignore_ament_install'
[0.267s] Level 1:colcon.colcon_core.package_identification:_identify(src) by extensions ['colcon_pkg']
[0.267s] Level 1:colcon.colcon_core.package_identification:_identify(src) by extension 'colcon_pkg'
[0.267s] Level 1:colcon.colcon_core.package_identification:_identify(src) by extensions ['colcon_meta']
[0.267s] Level 1:colcon.colcon_core.package_identification:_identify(src) by extension 'colcon_meta'
[0.267s] Level 1:colcon.colcon_core.package_identification:_identify(src) by extensions ['ros']
[0.267s] Level 1:colcon.colcon_core.package_identification:_identify(src) by extension 'ros'
[0.267s] Level 1:colcon.colcon_core.package_identification:_identify(src) by extensions ['cmake', 'python']
[0.267s] Level 1:colcon.colcon_core.package_identification:_identify(src) by extension 'cmake'
[0.267s] Level 1:colcon.colcon_core.package_identification:_identify(src) by extension 'python'
[0.267s] Level 1:colcon.colcon_core.package_identification:_identify(src) by extensions ['python_setup_py']
[0.267s] Level 1:colcon.colcon_core.package_identification:_identify(src) by extension 'python_setup_py'
[0.268s] Level 1:colcon.colcon_core.package_identification:_identify(src/ras_robot_simulation) by extensions ['ignore', 'ignore_ament_install']
[0.268s] Level 1:colcon.colcon_core.package_identification:_identify(src/ras_robot_simulation) by extension 'ignore'
[0.268s] Level 1:colcon.colcon_core.package_identification:_identify(src/ras_robot_simulation) by extension 'ignore_ament_install'
[0.268s] Level 1:colcon.colcon_core.package_identification:_identify(src/ras_robot_simulation) by extensions ['colcon_pkg']
[0.268s] Level 1:colcon.colcon_core.package_identification:_identify(src/ras_robot_simulation) by extension 'colcon_pkg'
[0.268s] Level 1:colcon.colcon_core.package_identification:_identify(src/ras_robot_simulation) by extensions ['colcon_meta']
[0.268s] Level 1:colcon.colcon_core.package_identification:_identify(src/ras_robot_simulation) by extension 'colcon_meta'
[0.268s] Level 1:colcon.colcon_core.package_identification:_identify(src/ras_robot_simulation) by extensions ['ros']
[0.268s] Level 1:colcon.colcon_core.package_identification:_identify(src/ras_robot_simulation) by extension 'ros'
[0.270s] DEBUG:colcon.colcon_core.package_identification:Package 'src/ras_robot_simulation' with type 'ros.ament_cmake' and name 'robot_ras_ros'
[0.270s] Level 1:colcon.colcon_core.package_identification:_identify(src/robot_ras_decision) by extensions ['ignore', 'ignore_ament_install']
[0.270s] Level 1:colcon.colcon_core.package_identification:_identify(src/robot_ras_decision) by extension 'ignore'
[0.270s] Level 1:colcon.colcon_core.package_identification:_identify(src/robot_ras_decision) by extension 'ignore_ament_install'
[0.270s] Level 1:colcon.colcon_core.package_identification:_identify(src/robot_ras_decision) by extensions ['colcon_pkg']
[0.270s] Level 1:colcon.colcon_core.package_identification:_identify(src/robot_ras_decision) by extension 'colcon_pkg'
[0.271s] Level 1:colcon.colcon_core.package_identification:_identify(src/robot_ras_decision) by extensions ['colcon_meta']
[0.271s] Level 1:colcon.colcon_core.package_identification:_identify(src/robot_ras_decision) by extension 'colcon_meta'
[0.271s] Level 1:colcon.colcon_core.package_identification:_identify(src/robot_ras_decision) by extensions ['ros']
[0.271s] Level 1:colcon.colcon_core.package_identification:_identify(src/robot_ras_decision) by extension 'ros'
[0.271s] DEBUG:colcon.colcon_core.package_identification:Package 'src/robot_ras_decision' with type 'ros.ament_cmake' and name 'robot_ras_decision'
[0.271s] Level 1:colcon.colcon_core.package_discovery:discover_packages(recursive) using defaults
[0.271s] Level 1:colcon.colcon_core.package_discovery:discover_packages(ignore) discover
[0.271s] Level 1:colcon.colcon_core.package_discovery:discover_packages(ignore) using defaults
[0.271s] Level 1:colcon.colcon_core.package_discovery:discover_packages(path) discover
[0.272s] Level 1:colcon.colcon_core.package_discovery:discover_packages(path) using defaults
[0.290s] Level 1:colcon.colcon_core.package_discovery:discover_packages(prefix_path) check parameters
[0.290s] Level 1:colcon.colcon_core.package_discovery:discover_packages(prefix_path) discover
[0.290s] WARNING:colcon.colcon_ros.prefix_path.ament:The path '/home/pedro/ros2_ws/install/robot_ras_ros' in the environment variable AMENT_PREFIX_PATH doesn't exist
[0.291s] WARNING:colcon.colcon_ros.prefix_path.catkin:The path '/home/pedro/ros2_ws/install/robot_ras_ros' in the environment variable CMAKE_PREFIX_PATH doesn't exist
[0.291s] DEBUG:colcon.colcon_installed_package_information.package_discovery:Found 1 installed packages in /home/pedro/ros2_ws/install
[0.293s] DEBUG:colcon.colcon_installed_package_information.package_discovery:Found 322 installed packages in /opt/ros/humble
[0.304s] Level 1:colcon.colcon_core.package_discovery:discover_packages(prefix_path) using defaults
[0.343s] Level 5:colcon.colcon_core.verb:set package 'robot_ras_decision' build argument 'cmake_args' from command line to 'None'
[0.343s] Level 5:colcon.colcon_core.verb:set package 'robot_ras_decision' build argument 'cmake_target' from command line to 'None'
[0.344s] Level 5:colcon.colcon_core.verb:set package 'robot_ras_decision' build argument 'cmake_target_skip_unavailable' from command line to 'False'
[0.344s] Level 5:colcon.colcon_core.verb:set package 'robot_ras_decision' build argument 'cmake_clean_cache' from command line to 'False'
[0.344s] Level 5:colcon.colcon_core.verb:set package 'robot_ras_decision' build argument 'cmake_clean_first' from command line to 'False'
[0.344s] Level 5:colcon.colcon_core.verb:set package 'robot_ras_decision' build argument 'cmake_force_configure' from command line to 'False'
[0.344s] Level 5:colcon.colcon_core.verb:set package 'robot_ras_decision' build argument 'ament_cmake_args' from command line to 'None'
[0.344s] Level 5:colcon.colcon_core.verb:set package 'robot_ras_decision' build argument 'catkin_cmake_args' from command line to 'None'
[0.344s] Level 5:colcon.colcon_core.verb:set package 'robot_ras_decision' build argument 'catkin_skip_building_tests' from command line to 'False'
[0.344s] DEBUG:colcon.colcon_core.verb:Building package 'robot_ras_decision' with the following arguments: {'ament_cmake_args': None, 'build_base': '/home/pedro/ros2_ws/build/robot_ras_decision', 'catkin_cmake_args': None, 'catkin_skip_building_tests': False, 'cmake_args': None, 'cmake_clean_cache': False, 'cmake_clean_first': False, 'cmake_force_configure': False, 'cmake_target': None, 'cmake_target_skip_unavailable': False, 'install_base': '/home/pedro/ros2_ws/install/robot_ras_decision', 'merge_install': False, 'path': '/home/pedro/ros2_ws/src/robot_ras_decision', 'symlink_install': False, 'test_result_base': None}
[0.344s] Level 5:colcon.colcon_core.verb:set package 'robot_ras_ros' build argument 'cmake_args' from command line to 'None'
[0.344s] Level 5:colcon.colcon_core.verb:set package 'robot_ras_ros' build argument 'cmake_target' from command line to 'None'
[0.344s] Level 5:colcon.colcon_core.verb:set package 'robot_ras_ros' build argument 'cmake_target_skip_unavailable' from command line to 'False'
[0.344s] Level 5:colcon.colcon_core.verb:set package 'robot_ras_ros' build argument 'cmake_clean_cache' from command line to 'False'
[0.344s] Level 5:colcon.colcon_core.verb:set package 'robot_ras_ros' build argument 'cmake_clean_first' from command line to 'False'
[0.344s] Level 5:colcon.colcon_core.verb:set package 'robot_ras_ros' build argument 'cmake_force_configure' from command line to 'False'
[0.344s] Level 5:colcon.colcon_core.verb:set package 'robot_ras_ros' build argument 'ament_cmake_args' from command line to 'None'
[0.344s] Level 5:colcon.colcon_core.verb:set package 'robot_ras_ros' build argument 'catkin_cmake_args' from command line to 'None'
[0.344s] Level 5:colcon.colcon_core.verb:set package 'robot_ras_ros' build argument 'catkin_skip_building_tests' from command line to 'False'
[0.344s] DEBUG:colcon.colcon_core.verb:Building package 'robot_ras_ros' with the following arguments: {'ament_cmake_args': None, 'build_base': '/home/pedro/ros2_ws/build/robot_ras_ros', 'catkin_cmake_args': None, 'catkin_skip_building_tests': False, 'cmake_args': None, 'cmake_clean_cache': False, 'cmake_clean_first': False, 'cmake_force_configure': False, 'cmake_target': None, 'cmake_target_skip_unavailable': False, 'install_base': '/home/pedro/ros2_ws/install/robot_ras_ros', 'merge_install': False, 'path': '/home/pedro/ros2_ws/src/ras_robot_simulation', 'symlink_install': False, 'test_result_base': None}
[0.344s] INFO:colcon.colcon_core.executor:Executing jobs using 'parallel' executor
[0.345s] DEBUG:colcon.colcon_parallel_executor.executor.parallel:run_until_complete
[0.346s] INFO:colcon.colcon_ros.task.ament_cmake.build:Building ROS package in '/home/pedro/ros2_ws/src/robot_ras_decision' with build type 'ament_cmake'
[0.346s] INFO:colcon.colcon_cmake.task.cmake.build:Building CMake package in '/home/pedro/ros2_ws/src/robot_ras_decision'
[0.348s] INFO:colcon.colcon_core.plugin_system:Skipping extension 'colcon_core.shell.bat': Not used on non-Windows systems
[0.348s] INFO:colcon.colcon_core.shell:Skip shell extension 'powershell' for command environment: Not usable outside of PowerShell
[0.348s] DEBUG:colcon.colcon_core.shell:Skip shell extension 'dsv' for command environment
[0.351s] INFO:colcon.colcon_ros.task.ament_cmake.build:Building ROS package in '/home/pedro/ros2_ws/src/ras_robot_simulation' with build type 'ament_cmake'
[0.352s] INFO:colcon.colcon_cmake.task.cmake.build:Building CMake package in '/home/pedro/ros2_ws/src/ras_robot_simulation'
[0.352s] INFO:colcon.colcon_core.shell:Skip shell extension 'powershell' for command environment: Not usable outside of PowerShell
[0.352s] DEBUG:colcon.colcon_core.shell:Skip shell extension 'dsv' for command environment
[0.359s] DEBUG:colcon.colcon_core.event_handler.log_command:Invoking command in '/home/pedro/ros2_ws/build/robot_ras_decision': CMAKE_PREFIX_PATH=${CMAKE_PREFIX_PATH}:/opt/ros/humble /usr/bin/cmake --build /home/pedro/ros2_ws/build/robot_ras_decision -- -j6 -l6
[0.362s] DEBUG:colcon.colcon_core.event_handler.log_command:Invoking command in '/home/pedro/ros2_ws/build/robot_ras_ros': CMAKE_PREFIX_PATH=${CMAKE_PREFIX_PATH}:/opt/ros/humble /usr/bin/cmake /home/pedro/ros2_ws/src/ras_robot_simulation -DCMAKE_INSTALL_PREFIX=/home/pedro/ros2_ws/install/robot_ras_ros
[3.885s] DEBUG:colcon.colcon_core.event_handler.log_command:Invoked command in '/home/pedro/ros2_ws/build/robot_ras_ros' returned '0': CMAKE_PREFIX_PATH=${CMAKE_PREFIX_PATH}:/opt/ros/humble /usr/bin/cmake /home/pedro/ros2_ws/src/ras_robot_simulation -DCMAKE_INSTALL_PREFIX=/home/pedro/ros2_ws/install/robot_ras_ros
[3.890s] DEBUG:colcon.colcon_core.event_handler.log_command:Invoking command in '/home/pedro/ros2_ws/build/robot_ras_ros': CMAKE_PREFIX_PATH=${CMAKE_PREFIX_PATH}:/opt/ros/humble /usr/bin/cmake --build /home/pedro/ros2_ws/build/robot_ras_ros -- -j6 -l6
[3.947s] DEBUG:colcon.colcon_core.event_handler.log_command:Invoked command in '/home/pedro/ros2_ws/build/robot_ras_ros' returned '0': CMAKE_PREFIX_PATH=${CMAKE_PREFIX_PATH}:/opt/ros/humble /usr/bin/cmake --build /home/pedro/ros2_ws/build/robot_ras_ros -- -j6 -l6
[3.955s] DEBUG:colcon.colcon_core.event_handler.log_command:Invoking command in '/home/pedro/ros2_ws/build/robot_ras_ros': CMAKE_PREFIX_PATH=${CMAKE_PREFIX_PATH}:/opt/ros/humble /usr/bin/cmake --install /home/pedro/ros2_ws/build/robot_ras_ros
[3.992s] Level 1:colcon.colcon_core.environment:create_environment_scripts_only(robot_ras_ros)
[3.994s] DEBUG:colcon.colcon_core.event_handler.log_command:Invoked command in '/home/pedro/ros2_ws/build/robot_ras_ros' returned '0': CMAKE_PREFIX_PATH=${CMAKE_PREFIX_PATH}:/opt/ros/humble /usr/bin/cmake --install /home/pedro/ros2_ws/build/robot_ras_ros
[3.995s] Level 1:colcon.colcon_core.environment:checking '/home/pedro/ros2_ws/install/robot_ras_ros' for CMake module files
[3.996s] Level 1:colcon.colcon_core.environment:checking '/home/pedro/ros2_ws/install/robot_ras_ros' for CMake config files
[3.996s] Level 1:colcon.colcon_core.shell:create_environment_hook('robot_ras_ros', 'cmake_prefix_path')
[3.997s] INFO:colcon.colcon_core.shell:Creating environment hook '/home/pedro/ros2_ws/install/robot_ras_ros/share/robot_ras_ros/hook/cmake_prefix_path.ps1'
[3.998s] INFO:colcon.colcon_core.shell:Creating environment descriptor '/home/pedro/ros2_ws/install/robot_ras_ros/share/robot_ras_ros/hook/cmake_prefix_path.dsv'
[3.999s] INFO:colcon.colcon_core.shell:Creating environment hook '/home/pedro/ros2_ws/install/robot_ras_ros/share/robot_ras_ros/hook/cmake_prefix_path.sh'
[4.000s] Level 1:colcon.colcon_core.environment:checking '/home/pedro/ros2_ws/install/robot_ras_ros/bin'
[4.000s] Level 1:colcon.colcon_core.environment:checking '/home/pedro/ros2_ws/install/robot_ras_ros/lib/pkgconfig/robot_ras_ros.pc'
[4.000s] Level 1:colcon.colcon_core.environment:checking '/home/pedro/ros2_ws/install/robot_ras_ros/lib/python3.10/site-packages'
[4.000s] Level 1:colcon.colcon_core.environment:checking '/home/pedro/ros2_ws/install/robot_ras_ros/bin'
[4.001s] INFO:colcon.colcon_core.shell:Creating package script '/home/pedro/ros2_ws/install/robot_ras_ros/share/robot_ras_ros/package.ps1'
[4.002s] INFO:colcon.colcon_core.shell:Creating package descriptor '/home/pedro/ros2_ws/install/robot_ras_ros/share/robot_ras_ros/package.dsv'
[4.002s] INFO:colcon.colcon_core.shell:Creating package script '/home/pedro/ros2_ws/install/robot_ras_ros/share/robot_ras_ros/package.sh'
[4.003s] INFO:colcon.colcon_core.shell:Creating package script '/home/pedro/ros2_ws/install/robot_ras_ros/share/robot_ras_ros/package.bash'
[4.004s] INFO:colcon.colcon_core.shell:Creating package script '/home/pedro/ros2_ws/install/robot_ras_ros/share/robot_ras_ros/package.zsh'
[4.005s] Level 1:colcon.colcon_core.environment:create_file_with_runtime_dependencies(/home/pedro/ros2_ws/install/robot_ras_ros/share/colcon-core/packages/robot_ras_ros)
[4.005s] Level 1:colcon.colcon_core.environment:create_environment_scripts_only(robot_ras_ros)
[4.006s] Level 1:colcon.colcon_core.environment:checking '/home/pedro/ros2_ws/install/robot_ras_ros' for CMake module files
[4.006s] Level 1:colcon.colcon_core.environment:checking '/home/pedro/ros2_ws/install/robot_ras_ros' for CMake config files
[4.006s] Level 1:colcon.colcon_core.shell:create_environment_hook('robot_ras_ros', 'cmake_prefix_path')
[4.007s] INFO:colcon.colcon_core.shell:Creating environment hook '/home/pedro/ros2_ws/install/robot_ras_ros/share/robot_ras_ros/hook/cmake_prefix_path.ps1'
[4.007s] INFO:colcon.colcon_core.shell:Creating environment descriptor '/home/pedro/ros2_ws/install/robot_ras_ros/share/robot_ras_ros/hook/cmake_prefix_path.dsv'
[4.008s] INFO:colcon.colcon_core.shell:Creating environment hook '/home/pedro/ros2_ws/install/robot_ras_ros/share/robot_ras_ros/hook/cmake_prefix_path.sh'
[4.009s] Level 1:colcon.colcon_core.environment:checking '/home/pedro/ros2_ws/install/robot_ras_ros/bin'
[4.009s] Level 1:colcon.colcon_core.environment:checking '/home/pedro/ros2_ws/install/robot_ras_ros/lib/pkgconfig/robot_ras_ros.pc'
[4.010s] Level 1:colcon.colcon_core.environment:checking '/home/pedro/ros2_ws/install/robot_ras_ros/lib/python3.10/site-packages'
[4.010s] Level 1:colcon.colcon_core.environment:checking '/home/pedro/ros2_ws/install/robot_ras_ros/bin'
[4.010s] INFO:colcon.colcon_core.shell:Creating package script '/home/pedro/ros2_ws/install/robot_ras_ros/share/robot_ras_ros/package.ps1'
[4.011s] INFO:colcon.colcon_core.shell:Creating package descriptor '/home/pedro/ros2_ws/install/robot_ras_ros/share/robot_ras_ros/package.dsv'
[4.012s] INFO:colcon.colcon_core.shell:Creating package script '/home/pedro/ros2_ws/install/robot_ras_ros/share/robot_ras_ros/package.sh'
[4.012s] INFO:colcon.colcon_core.shell:Creating package script '/home/pedro/ros2_ws/install/robot_ras_ros/share/robot_ras_ros/package.bash'
[4.013s] INFO:colcon.colcon_core.shell:Creating package script '/home/pedro/ros2_ws/install/robot_ras_ros/share/robot_ras_ros/package.zsh'
[4.013s] Level 1:colcon.colcon_core.environment:create_file_with_runtime_dependencies(/home/pedro/ros2_ws/install/robot_ras_ros/share/colcon-core/packages/robot_ras_ros)
[14.264s] DEBUG:colcon.colcon_core.event_handler.log_command:Invoked command in '/home/pedro/ros2_ws/build/robot_ras_decision' returned '0': CMAKE_PREFIX_PATH=${CMAKE_PREFIX_PATH}:/opt/ros/humble /usr/bin/cmake --build /home/pedro/ros2_ws/build/robot_ras_decision -- -j6 -l6
[14.265s] DEBUG:colcon.colcon_core.event_handler.log_command:Invoking command in '/home/pedro/ros2_ws/build/robot_ras_decision': CMAKE_PREFIX_PATH=${CMAKE_PREFIX_PATH}:/opt/ros/humble /usr/bin/cmake --install /home/pedro/ros2_ws/build/robot_ras_decision
[14.339s] Level 1:colcon.colcon_core.environment:create_environment_scripts_only(robot_ras_decision)
[14.339s] DEBUG:colcon.colcon_core.event_handler.log_command:Invoked command in '/home/pedro/ros2_ws/build/robot_ras_decision' returned '0': CMAKE_PREFIX_PATH=${CMAKE_PREFIX_PATH}:/opt/ros/humble /usr/bin/cmake --install /home/pedro/ros2_ws/build/robot_ras_decision
[14.339s] Level 1:colcon.colcon_core.environment:checking '/home/pedro/ros2_ws/install/robot_ras_decision' for CMake module files
[14.340s] Level 1:colcon.colcon_core.environment:checking '/home/pedro/ros2_ws/install/robot_ras_decision' for CMake config files
[14.340s] Level 1:colcon.colcon_core.shell:create_environment_hook('robot_ras_decision', 'cmake_prefix_path')
[14.341s] INFO:colcon.colcon_core.shell:Creating environment hook '/home/pedro/ros2_ws/install/robot_ras_decision/share/robot_ras_decision/hook/cmake_prefix_path.ps1'
[14.341s] INFO:colcon.colcon_core.shell:Creating environment descriptor '/home/pedro/ros2_ws/install/robot_ras_decision/share/robot_ras_decision/hook/cmake_prefix_path.dsv'
[14.341s] INFO:colcon.colcon_core.shell:Creating environment hook '/home/pedro/ros2_ws/install/robot_ras_decision/share/robot_ras_decision/hook/cmake_prefix_path.sh'
[14.342s] Level 1:colcon.colcon_core.environment:checking '/home/pedro/ros2_ws/install/robot_ras_decision/lib'
[14.342s] Level 1:colcon.colcon_core.shell:create_environment_hook('robot_ras_decision', 'ld_library_path_lib')
[14.342s] INFO:colcon.colcon_core.shell:Creating environment hook '/home/pedro/ros2_ws/install/robot_ras_decision/share/robot_ras_decision/hook/ld_library_path_lib.ps1'
[14.342s] INFO:colcon.colcon_core.shell:Creating environment descriptor '/home/pedro/ros2_ws/install/robot_ras_decision/share/robot_ras_decision/hook/ld_library_path_lib.dsv'
[14.343s] INFO:colcon.colcon_core.shell:Creating environment hook '/home/pedro/ros2_ws/install/robot_ras_decision/share/robot_ras_decision/hook/ld_library_path_lib.sh'
[14.343s] Level 1:colcon.colcon_core.environment:checking '/home/pedro/ros2_ws/install/robot_ras_decision/bin'
[14.343s] Level 1:colcon.colcon_core.environment:checking '/home/pedro/ros2_ws/install/robot_ras_decision/lib/pkgconfig/robot_ras_decision.pc'
[14.343s] Level 1:colcon.colcon_core.environment:checking '/home/pedro/ros2_ws/install/robot_ras_decision/lib/python3.10/site-packages'
[14.343s] Level 1:colcon.colcon_core.environment:checking '/home/pedro/ros2_ws/install/robot_ras_decision/bin'
[14.344s] INFO:colcon.colcon_core.shell:Creating package script '/home/pedro/ros2_ws/install/robot_ras_decision/share/robot_ras_decision/package.ps1'
[14.344s] INFO:colcon.colcon_core.shell:Creating package descriptor '/home/pedro/ros2_ws/install/robot_ras_decision/share/robot_ras_decision/package.dsv'
[14.345s] INFO:colcon.colcon_core.shell:Creating package script '/home/pedro/ros2_ws/install/robot_ras_decision/share/robot_ras_decision/package.sh'
[14.345s] INFO:colcon.colcon_core.shell:Creating package script '/home/pedro/ros2_ws/install/robot_ras_decision/share/robot_ras_decision/package.bash'
[14.345s] INFO:colcon.colcon_core.shell:Creating package script '/home/pedro/ros2_ws/install/robot_ras_decision/share/robot_ras_decision/package.zsh'
[14.346s] Level 1:colcon.colcon_core.environment:create_file_with_runtime_dependencies(/home/pedro/ros2_ws/install/robot_ras_decision/share/colcon-core/packages/robot_ras_decision)
[14.346s] Level 1:colcon.colcon_core.environment:create_environment_scripts_only(robot_ras_decision)
[14.346s] Level 1:colcon.colcon_core.environment:checking '/home/pedro/ros2_ws/install/robot_ras_decision' for CMake module files
[14.347s] Level 1:colcon.colcon_core.environment:checking '/home/pedro/ros2_ws/install/robot_ras_decision' for CMake config files
[14.348s] Level 1:colcon.colcon_core.shell:create_environment_hook('robot_ras_decision', 'cmake_prefix_path')
[14.348s] INFO:colcon.colcon_core.shell:Creating environment hook '/home/pedro/ros2_ws/install/robot_ras_decision/share/robot_ras_decision/hook/cmake_prefix_path.ps1'
[14.348s] INFO:colcon.colcon_core.shell:Creating environment descriptor '/home/pedro/ros2_ws/install/robot_ras_decision/share/robot_ras_decision/hook/cmake_prefix_path.dsv'
[14.348s] INFO:colcon.colcon_core.shell:Creating environment hook '/home/pedro/ros2_ws/install/robot_ras_decision/share/robot_ras_decision/hook/cmake_prefix_path.sh'
[14.349s] Level 1:colcon.colcon_core.environment:checking '/home/pedro/ros2_ws/install/robot_ras_decision/lib'
[14.349s] Level 1:colcon.colcon_core.shell:create_environment_hook('robot_ras_decision', 'ld_library_path_lib')
[14.349s] INFO:colcon.colcon_core.shell:Creating environment hook '/home/pedro/ros2_ws/install/robot_ras_decision/share/robot_ras_decision/hook/ld_library_path_lib.ps1'
[14.349s] INFO:colcon.colcon_core.shell:Creating environment descriptor '/home/pedro/ros2_ws/install/robot_ras_decision/share/robot_ras_decision/hook/ld_library_path_lib.dsv'
[14.350s] INFO:colcon.colcon_core.shell:Creating environment hook '/home/pedro/ros2_ws/install/robot_ras_decision/share/robot_ras_decision/hook/ld_library_path_lib.sh'
[14.350s] Level 1:colcon.colcon_core.environment:checking '/home/pedro/ros2_ws/install/robot_ras_decision/bin'
[14.350s] Level 1:colcon.colcon_core.environment:checking '/home/pedro/ros2_ws/install/robot_ras_decision/lib/pkgconfig/robot_ras_decision.pc'
[14.350s] Level 1:colcon.colcon_core.environment:checking '/home/pedro/ros2_ws/install/robot_ras_decision/lib/python3.10/site-packages'
[14.350s] Level 1:colcon.colcon_core.environment:checking '/home/pedro/ros2_ws/install/robot_ras_decision/bin'
[14.351s] INFO:colcon.colcon_core.shell:Creating package script '/home/pedro/ros2_ws/install/robot_ras_decision/share/robot_ras_decision/package.ps1'
[14.351s] INFO:colcon.colcon_core.shell:Creating package descriptor '/home/pedro/ros2_ws/install/robot_ras_decision/share/robot_ras_decision/package.dsv'
[14.352s] INFO:colcon.colcon_core.shell:Creating package script '/home/pedro/ros2_ws/install/robot_ras_decision/share/robot_ras_decision/package.sh'
[14.352s] INFO:colcon.colcon_core.shell:Creating package script '/home/pedro/ros2_ws/install/robot_ras_decision/share/robot_ras_decision/package.bash'
[14.352s] INFO:colcon.colcon_core.shell:Creating package script '/home/pedro/ros2_ws/install/robot_ras_decision/share/robot_ras_decision/package.zsh'
[14.353s] Level 1:colcon.colcon_core.environment:create_file_with_runtime_dependencies(/home/pedro/ros2_ws/install/robot_ras_decision/share/colcon-core/packages/robot_ras_decision)
[14.353s] DEBUG:colcon.colcon_parallel_executor.executor.parallel:closing loop
[14.353s] DEBUG:colcon.colcon_parallel_executor.executor.parallel:loop closed
[14.353s] DEBUG:colcon.colcon_parallel_executor.executor.parallel:run_until_complete finished with '0'
[14.353s] DEBUG:colcon.colcon_core.event_reactor:joining thread
[14.358s] INFO:colcon.colcon_core.plugin_system:Skipping extension 'colcon_notification.desktop_notification.terminal_notifier': Not used on non-Darwin systems
[14.358s] INFO:colcon.colcon_core.plugin_system:Skipping extension 'colcon_notification.desktop_notification.win32': Not used on non-Windows systems
[14.358s] INFO:colcon.colcon_notification.desktop_notification:Sending desktop notification using 'notify2'
[14.371s] DEBUG:colcon.colcon_core.event_reactor:joined thread
[14.371s] INFO:colcon.colcon_core.shell:Creating prefix script '/home/pedro/ros2_ws/install/local_setup.ps1'
[14.372s] INFO:colcon.colcon_core.shell:Creating prefix util module '/home/pedro/ros2_ws/install/_local_setup_util_ps1.py'
[14.373s] INFO:colcon.colcon_core.shell:Creating prefix chain script '/home/pedro/ros2_ws/install/setup.ps1'
[14.374s] INFO:colcon.colcon_core.shell:Creating prefix script '/home/pedro/ros2_ws/install/local_setup.sh'
[14.375s] INFO:colcon.colcon_core.shell:Creating prefix util module '/home/pedro/ros2_ws/install/_local_setup_util_sh.py'
[14.375s] INFO:colcon.colcon_core.shell:Creating prefix chain script '/home/pedro/ros2_ws/install/setup.sh'
[14.376s] INFO:colcon.colcon_core.shell:Creating prefix script '/home/pedro/ros2_ws/install/local_setup.bash'
[14.376s] INFO:colcon.colcon_core.shell:Creating prefix chain script '/home/pedro/ros2_ws/install/setup.bash'
[14.377s] INFO:colcon.colcon_core.shell:Creating prefix script '/home/pedro/ros2_ws/install/local_setup.zsh'
[14.378s] INFO:colcon.colcon_core.shell:Creating prefix chain script '/home/pedro/ros2_ws/install/setup.zsh'
