[0.013s] Invoking command in '/home/pedro/ros2_ws/build/robot_ras_decision': CMAKE_PREFIX_PATH=${CMAKE_PREFIX_PATH}:/opt/ros/humble /usr/bin/cmake --build /home/pedro/ros2_ws/build/robot_ras_decision -- -j6 -l6
[0.067s] [  2%] Built target robot_ras_decision__cpp
[0.070s] [ 11%] Built target robot_ras_decision__rosidl_generator_c
[0.081s] [ 11%] Built target ament_cmake_python_copy_robot_ras_decision
[0.101s] [ 20%] Built target robot_ras_decision__rosidl_typesupport_fastrtps_cpp
[0.103s] [ 30%] Built target robot_ras_decision__rosidl_typesupport_cpp
[0.107s] [ 39%] Built target robot_ras_decision__rosidl_typesupport_introspection_cpp
[0.108s] [ 48%] Built target robot_ras_decision__rosidl_typesupport_fastrtps_c
[0.115s] [ 67%] Built target robot_ras_decision__rosidl_typesupport_c
[0.115s] [ 67%] Built target robot_ras_decision__rosidl_typesupport_introspection_c
[0.136s] [ 67%] Built target robot_ras_decision
[0.150s] [35m[1mConsolidate compiler generated dependencies of target Manager[0m
[0.159s] [ 69%] Built target robot_ras_decision__py
[0.165s] [ 74%] Built target MovementControl
[0.170s] [ 76%] [32mBuilding CXX object CMakeFiles/Manager.dir/src/manager.cpp.o[0m
[0.184s] [ 83%] Built target robot_ras_decision__rosidl_generator_py
[0.208s] [ 90%] Built target robot_ras_decision__rosidl_typesupport_fastrtps_c__pyext
[0.209s] [ 93%] Built target robot_ras_decision__rosidl_typesupport_c__pyext
[0.212s] [ 97%] Built target robot_ras_decision__rosidl_typesupport_introspection_c__pyext
[0.343s] running egg_info
[0.344s] writing robot_ras_decision.egg-info/PKG-INFO
[0.344s] writing dependency_links to robot_ras_decision.egg-info/dependency_links.txt
[0.344s] writing top-level names to robot_ras_decision.egg-info/top_level.txt
[0.346s] reading manifest file 'robot_ras_decision.egg-info/SOURCES.txt'
[0.348s] writing manifest file 'robot_ras_decision.egg-info/SOURCES.txt'
[0.396s] [ 97%] Built target ament_cmake_python_build_robot_ras_decision_egg
[2.383s] [01m[K/home/pedro/ros2_ws/src/robot_ras_decision/src/manager.cpp:[m[K In member function ‘[01m[Kvoid Manager::timer_callback()[m[K’:
[2.383s] [01m[K/home/pedro/ros2_ws/src/robot_ras_decision/src/manager.cpp:66:9:[m[K [01;35m[Kwarning: [m[Kunused variable ‘[01m[Ktempo_frente[m[K’ [[01;35m[K]8;;https://gcc.gnu.org/onlinedocs/gcc/Warning-Options.html#index-Wunused-variable-Wunused-variable]8;;[m[K]
[2.383s]    66 |   float [01;35m[Ktempo_frente[m[K = (distancia_frente_ > 0.05f) ? distancia_frente_ / velocidade_linear : 1000.0f;
[2.383s]       |         [01;35m[K^~~~~~~~~~~~[m[K
[7.973s] [100%] [32m[1mLinking CXX executable Manager[0m
[8.339s] [100%] Built target Manager
[8.350s] Invoked command in '/home/pedro/ros2_ws/build/robot_ras_decision' returned '0': CMAKE_PREFIX_PATH=${CMAKE_PREFIX_PATH}:/opt/ros/humble /usr/bin/cmake --build /home/pedro/ros2_ws/build/robot_ras_decision -- -j6 -l6
[8.351s] Invoking command in '/home/pedro/ros2_ws/build/robot_ras_decision': CMAKE_PREFIX_PATH=${CMAKE_PREFIX_PATH}:/opt/ros/humble /usr/bin/cmake --install /home/pedro/ros2_ws/build/robot_ras_decision
[8.358s] -- Install configuration: ""
[8.358s] -- Up-to-date: /home/pedro/ros2_ws/install/robot_ras_decision/share/ament_index/resource_index/rosidl_interfaces/robot_ras_decision
[8.358s] -- Up-to-date: /home/pedro/ros2_ws/install/robot_ras_decision/include/robot_ras_decision/robot_ras_decision
[8.359s] -- Up-to-date: /home/pedro/ros2_ws/install/robot_ras_decision/include/robot_ras_decision/robot_ras_decision/srv
[8.359s] -- Up-to-date: /home/pedro/ros2_ws/install/robot_ras_decision/include/robot_ras_decision/robot_ras_decision/srv/set_velocity.h
[8.359s] -- Up-to-date: /home/pedro/ros2_ws/install/robot_ras_decision/include/robot_ras_decision/robot_ras_decision/srv/detail
[8.359s] -- Up-to-date: /home/pedro/ros2_ws/install/robot_ras_decision/include/robot_ras_decision/robot_ras_decision/srv/detail/set_velocity__type_support.h
[8.359s] -- Up-to-date: /home/pedro/ros2_ws/install/robot_ras_decision/include/robot_ras_decision/robot_ras_decision/srv/detail/set_velocity__functions.h
[8.359s] -- Up-to-date: /home/pedro/ros2_ws/install/robot_ras_decision/include/robot_ras_decision/robot_ras_decision/srv/detail/set_velocity__struct.h
[8.359s] -- Up-to-date: /home/pedro/ros2_ws/install/robot_ras_decision/include/robot_ras_decision/robot_ras_decision/srv/detail/set_velocity__functions.c
[8.359s] -- Up-to-date: /home/pedro/ros2_ws/install/robot_ras_decision/include/robot_ras_decision/robot_ras_decision/msg
[8.359s] -- Up-to-date: /home/pedro/ros2_ws/install/robot_ras_decision/include/robot_ras_decision/robot_ras_decision/msg/movement.h
[8.359s] -- Up-to-date: /home/pedro/ros2_ws/install/robot_ras_decision/include/robot_ras_decision/robot_ras_decision/msg/rosidl_generator_c__visibility_control.h
[8.359s] -- Up-to-date: /home/pedro/ros2_ws/install/robot_ras_decision/include/robot_ras_decision/robot_ras_decision/msg/detail
[8.359s] -- Up-to-date: /home/pedro/ros2_ws/install/robot_ras_decision/include/robot_ras_decision/robot_ras_decision/msg/detail/movement__functions.c
[8.360s] -- Up-to-date: /home/pedro/ros2_ws/install/robot_ras_decision/include/robot_ras_decision/robot_ras_decision/msg/detail/movement__functions.h
[8.360s] -- Up-to-date: /home/pedro/ros2_ws/install/robot_ras_decision/include/robot_ras_decision/robot_ras_decision/msg/detail/movement__struct.h
[8.360s] -- Up-to-date: /home/pedro/ros2_ws/install/robot_ras_decision/include/robot_ras_decision/robot_ras_decision/msg/detail/movement__type_support.h
[8.360s] -- Up-to-date: /home/pedro/ros2_ws/install/robot_ras_decision/share/robot_ras_decision/environment/library_path.sh
[8.360s] -- Up-to-date: /home/pedro/ros2_ws/install/robot_ras_decision/share/robot_ras_decision/environment/library_path.dsv
[8.360s] -- Up-to-date: /home/pedro/ros2_ws/install/robot_ras_decision/lib/librobot_ras_decision__rosidl_generator_c.so
[8.360s] -- Up-to-date: /home/pedro/ros2_ws/install/robot_ras_decision/include/robot_ras_decision/robot_ras_decision
[8.360s] -- Up-to-date: /home/pedro/ros2_ws/install/robot_ras_decision/include/robot_ras_decision/robot_ras_decision/srv
[8.360s] -- Up-to-date: /home/pedro/ros2_ws/install/robot_ras_decision/include/robot_ras_decision/robot_ras_decision/srv/detail
[8.360s] -- Up-to-date: /home/pedro/ros2_ws/install/robot_ras_decision/include/robot_ras_decision/robot_ras_decision/srv/detail/set_velocity__rosidl_typesupport_fastrtps_c.h
[8.360s] -- Up-to-date: /home/pedro/ros2_ws/install/robot_ras_decision/include/robot_ras_decision/robot_ras_decision/msg
[8.360s] -- Up-to-date: /home/pedro/ros2_ws/install/robot_ras_decision/include/robot_ras_decision/robot_ras_decision/msg/rosidl_typesupport_fastrtps_c__visibility_control.h
[8.360s] -- Up-to-date: /home/pedro/ros2_ws/install/robot_ras_decision/include/robot_ras_decision/robot_ras_decision/msg/detail
[8.360s] -- Up-to-date: /home/pedro/ros2_ws/install/robot_ras_decision/include/robot_ras_decision/robot_ras_decision/msg/detail/movement__rosidl_typesupport_fastrtps_c.h
[8.361s] -- Up-to-date: /home/pedro/ros2_ws/install/robot_ras_decision/lib/librobot_ras_decision__rosidl_typesupport_fastrtps_c.so
[8.361s] -- Up-to-date: /home/pedro/ros2_ws/install/robot_ras_decision/include/robot_ras_decision/robot_ras_decision
[8.361s] -- Up-to-date: /home/pedro/ros2_ws/install/robot_ras_decision/include/robot_ras_decision/robot_ras_decision/srv
[8.361s] -- Up-to-date: /home/pedro/ros2_ws/install/robot_ras_decision/include/robot_ras_decision/robot_ras_decision/srv/set_velocity.hpp
[8.362s] -- Up-to-date: /home/pedro/ros2_ws/install/robot_ras_decision/include/robot_ras_decision/robot_ras_decision/srv/detail
[8.362s] -- Up-to-date: /home/pedro/ros2_ws/install/robot_ras_decision/include/robot_ras_decision/robot_ras_decision/srv/detail/set_velocity__traits.hpp
[8.362s] -- Up-to-date: /home/pedro/ros2_ws/install/robot_ras_decision/include/robot_ras_decision/robot_ras_decision/srv/detail/set_velocity__struct.hpp
[8.362s] -- Up-to-date: /home/pedro/ros2_ws/install/robot_ras_decision/include/robot_ras_decision/robot_ras_decision/srv/detail/set_velocity__type_support.hpp
[8.362s] -- Up-to-date: /home/pedro/ros2_ws/install/robot_ras_decision/include/robot_ras_decision/robot_ras_decision/srv/detail/set_velocity__builder.hpp
[8.362s] -- Up-to-date: /home/pedro/ros2_ws/install/robot_ras_decision/include/robot_ras_decision/robot_ras_decision/msg
[8.362s] -- Up-to-date: /home/pedro/ros2_ws/install/robot_ras_decision/include/robot_ras_decision/robot_ras_decision/msg/movement.hpp
[8.362s] -- Up-to-date: /home/pedro/ros2_ws/install/robot_ras_decision/include/robot_ras_decision/robot_ras_decision/msg/rosidl_generator_cpp__visibility_control.hpp
[8.362s] -- Up-to-date: /home/pedro/ros2_ws/install/robot_ras_decision/include/robot_ras_decision/robot_ras_decision/msg/detail
[8.362s] -- Up-to-date: /home/pedro/ros2_ws/install/robot_ras_decision/include/robot_ras_decision/robot_ras_decision/msg/detail/movement__traits.hpp
[8.362s] -- Up-to-date: /home/pedro/ros2_ws/install/robot_ras_decision/include/robot_ras_decision/robot_ras_decision/msg/detail/movement__struct.hpp
[8.362s] -- Up-to-date: /home/pedro/ros2_ws/install/robot_ras_decision/include/robot_ras_decision/robot_ras_decision/msg/detail/movement__builder.hpp
[8.362s] -- Up-to-date: /home/pedro/ros2_ws/install/robot_ras_decision/include/robot_ras_decision/robot_ras_decision/msg/detail/movement__type_support.hpp
[8.362s] -- Up-to-date: /home/pedro/ros2_ws/install/robot_ras_decision/include/robot_ras_decision/robot_ras_decision
[8.362s] -- Up-to-date: /home/pedro/ros2_ws/install/robot_ras_decision/include/robot_ras_decision/robot_ras_decision/srv
[8.363s] -- Up-to-date: /home/pedro/ros2_ws/install/robot_ras_decision/include/robot_ras_decision/robot_ras_decision/srv/detail
[8.363s] -- Up-to-date: /home/pedro/ros2_ws/install/robot_ras_decision/include/robot_ras_decision/robot_ras_decision/srv/detail/dds_fastrtps
[8.363s] -- Up-to-date: /home/pedro/ros2_ws/install/robot_ras_decision/include/robot_ras_decision/robot_ras_decision/srv/detail/set_velocity__rosidl_typesupport_fastrtps_cpp.hpp
[8.363s] -- Up-to-date: /home/pedro/ros2_ws/install/robot_ras_decision/include/robot_ras_decision/robot_ras_decision/msg
[8.363s] -- Up-to-date: /home/pedro/ros2_ws/install/robot_ras_decision/include/robot_ras_decision/robot_ras_decision/msg/rosidl_typesupport_fastrtps_cpp__visibility_control.h
[8.363s] -- Up-to-date: /home/pedro/ros2_ws/install/robot_ras_decision/include/robot_ras_decision/robot_ras_decision/msg/detail
[8.363s] -- Up-to-date: /home/pedro/ros2_ws/install/robot_ras_decision/include/robot_ras_decision/robot_ras_decision/msg/detail/dds_fastrtps
[8.363s] -- Up-to-date: /home/pedro/ros2_ws/install/robot_ras_decision/include/robot_ras_decision/robot_ras_decision/msg/detail/movement__rosidl_typesupport_fastrtps_cpp.hpp
[8.363s] -- Up-to-date: /home/pedro/ros2_ws/install/robot_ras_decision/lib/librobot_ras_decision__rosidl_typesupport_fastrtps_cpp.so
[8.363s] -- Up-to-date: /home/pedro/ros2_ws/install/robot_ras_decision/include/robot_ras_decision/robot_ras_decision
[8.363s] -- Up-to-date: /home/pedro/ros2_ws/install/robot_ras_decision/include/robot_ras_decision/robot_ras_decision/srv
[8.363s] -- Up-to-date: /home/pedro/ros2_ws/install/robot_ras_decision/include/robot_ras_decision/robot_ras_decision/srv/detail
[8.363s] -- Up-to-date: /home/pedro/ros2_ws/install/robot_ras_decision/include/robot_ras_decision/robot_ras_decision/srv/detail/set_velocity__type_support.c
[8.363s] -- Up-to-date: /home/pedro/ros2_ws/install/robot_ras_decision/include/robot_ras_decision/robot_ras_decision/srv/detail/set_velocity__rosidl_typesupport_introspection_c.h
[8.363s] -- Up-to-date: /home/pedro/ros2_ws/install/robot_ras_decision/include/robot_ras_decision/robot_ras_decision/msg
[8.363s] -- Up-to-date: /home/pedro/ros2_ws/install/robot_ras_decision/include/robot_ras_decision/robot_ras_decision/msg/rosidl_typesupport_introspection_c__visibility_control.h
[8.364s] -- Up-to-date: /home/pedro/ros2_ws/install/robot_ras_decision/include/robot_ras_decision/robot_ras_decision/msg/detail
[8.364s] -- Up-to-date: /home/pedro/ros2_ws/install/robot_ras_decision/include/robot_ras_decision/robot_ras_decision/msg/detail/movement__rosidl_typesupport_introspection_c.h
[8.364s] -- Up-to-date: /home/pedro/ros2_ws/install/robot_ras_decision/include/robot_ras_decision/robot_ras_decision/msg/detail/movement__type_support.c
[8.364s] -- Up-to-date: /home/pedro/ros2_ws/install/robot_ras_decision/lib/librobot_ras_decision__rosidl_typesupport_introspection_c.so
[8.364s] -- Up-to-date: /home/pedro/ros2_ws/install/robot_ras_decision/lib/librobot_ras_decision__rosidl_typesupport_c.so
[8.364s] -- Up-to-date: /home/pedro/ros2_ws/install/robot_ras_decision/include/robot_ras_decision/robot_ras_decision
[8.364s] -- Up-to-date: /home/pedro/ros2_ws/install/robot_ras_decision/include/robot_ras_decision/robot_ras_decision/srv
[8.364s] -- Up-to-date: /home/pedro/ros2_ws/install/robot_ras_decision/include/robot_ras_decision/robot_ras_decision/srv/detail
[8.364s] -- Up-to-date: /home/pedro/ros2_ws/install/robot_ras_decision/include/robot_ras_decision/robot_ras_decision/srv/detail/set_velocity__rosidl_typesupport_introspection_cpp.hpp
[8.364s] -- Up-to-date: /home/pedro/ros2_ws/install/robot_ras_decision/include/robot_ras_decision/robot_ras_decision/srv/detail/set_velocity__type_support.cpp
[8.364s] -- Up-to-date: /home/pedro/ros2_ws/install/robot_ras_decision/include/robot_ras_decision/robot_ras_decision/msg
[8.364s] -- Up-to-date: /home/pedro/ros2_ws/install/robot_ras_decision/include/robot_ras_decision/robot_ras_decision/msg/detail
[8.364s] -- Up-to-date: /home/pedro/ros2_ws/install/robot_ras_decision/include/robot_ras_decision/robot_ras_decision/msg/detail/movement__rosidl_typesupport_introspection_cpp.hpp
[8.364s] -- Up-to-date: /home/pedro/ros2_ws/install/robot_ras_decision/include/robot_ras_decision/robot_ras_decision/msg/detail/movement__type_support.cpp
[8.364s] -- Up-to-date: /home/pedro/ros2_ws/install/robot_ras_decision/lib/librobot_ras_decision__rosidl_typesupport_introspection_cpp.so
[8.364s] -- Up-to-date: /home/pedro/ros2_ws/install/robot_ras_decision/lib/librobot_ras_decision__rosidl_typesupport_cpp.so
[8.364s] -- Up-to-date: /home/pedro/ros2_ws/install/robot_ras_decision/share/robot_ras_decision/environment/pythonpath.sh
[8.364s] -- Up-to-date: /home/pedro/ros2_ws/install/robot_ras_decision/share/robot_ras_decision/environment/pythonpath.dsv
[8.364s] -- Up-to-date: /home/pedro/ros2_ws/install/robot_ras_decision/local/lib/python3.10/dist-packages/robot_ras_decision-0.0.1-py3.10.egg-info
[8.365s] -- Installing: /home/pedro/ros2_ws/install/robot_ras_decision/local/lib/python3.10/dist-packages/robot_ras_decision-0.0.1-py3.10.egg-info/PKG-INFO
[8.365s] -- Installing: /home/pedro/ros2_ws/install/robot_ras_decision/local/lib/python3.10/dist-packages/robot_ras_decision-0.0.1-py3.10.egg-info/top_level.txt
[8.365s] -- Installing: /home/pedro/ros2_ws/install/robot_ras_decision/local/lib/python3.10/dist-packages/robot_ras_decision-0.0.1-py3.10.egg-info/SOURCES.txt
[8.365s] -- Installing: /home/pedro/ros2_ws/install/robot_ras_decision/local/lib/python3.10/dist-packages/robot_ras_decision-0.0.1-py3.10.egg-info/dependency_links.txt
[8.365s] -- Up-to-date: /home/pedro/ros2_ws/install/robot_ras_decision/local/lib/python3.10/dist-packages/robot_ras_decision
[8.365s] -- Up-to-date: /home/pedro/ros2_ws/install/robot_ras_decision/local/lib/python3.10/dist-packages/robot_ras_decision/srv
[8.365s] -- Up-to-date: /home/pedro/ros2_ws/install/robot_ras_decision/local/lib/python3.10/dist-packages/robot_ras_decision/srv/__init__.py
[8.365s] -- Up-to-date: /home/pedro/ros2_ws/install/robot_ras_decision/local/lib/python3.10/dist-packages/robot_ras_decision/srv/_set_velocity_s.c
[8.365s] -- Up-to-date: /home/pedro/ros2_ws/install/robot_ras_decision/local/lib/python3.10/dist-packages/robot_ras_decision/srv/_set_velocity.py
[8.365s] -- Up-to-date: /home/pedro/ros2_ws/install/robot_ras_decision/local/lib/python3.10/dist-packages/robot_ras_decision/__init__.py
[8.365s] -- Up-to-date: /home/pedro/ros2_ws/install/robot_ras_decision/local/lib/python3.10/dist-packages/robot_ras_decision/robot_ras_decision_s__rosidl_typesupport_c.cpython-310-x86_64-linux-gnu.so
[8.365s] -- Up-to-date: /home/pedro/ros2_ws/install/robot_ras_decision/local/lib/python3.10/dist-packages/robot_ras_decision/_robot_ras_decision_s.ep.rosidl_typesupport_c.c
[8.365s] -- Up-to-date: /home/pedro/ros2_ws/install/robot_ras_decision/local/lib/python3.10/dist-packages/robot_ras_decision/msg
[8.365s] -- Up-to-date: /home/pedro/ros2_ws/install/robot_ras_decision/local/lib/python3.10/dist-packages/robot_ras_decision/msg/__init__.py
[8.365s] -- Up-to-date: /home/pedro/ros2_ws/install/robot_ras_decision/local/lib/python3.10/dist-packages/robot_ras_decision/msg/_movement_s.c
[8.365s] -- Up-to-date: /home/pedro/ros2_ws/install/robot_ras_decision/local/lib/python3.10/dist-packages/robot_ras_decision/msg/_movement.py
[8.365s] -- Up-to-date: /home/pedro/ros2_ws/install/robot_ras_decision/local/lib/python3.10/dist-packages/robot_ras_decision/robot_ras_decision_s__rosidl_typesupport_fastrtps_c.cpython-310-x86_64-linux-gnu.so
[8.365s] -- Up-to-date: /home/pedro/ros2_ws/install/robot_ras_decision/local/lib/python3.10/dist-packages/robot_ras_decision/_robot_ras_decision_s.ep.rosidl_typesupport_introspection_c.c
[8.366s] -- Up-to-date: /home/pedro/ros2_ws/install/robot_ras_decision/local/lib/python3.10/dist-packages/robot_ras_decision/_robot_ras_decision_s.ep.rosidl_typesupport_fastrtps_c.c
[8.366s] -- Up-to-date: /home/pedro/ros2_ws/install/robot_ras_decision/local/lib/python3.10/dist-packages/robot_ras_decision/librobot_ras_decision__rosidl_generator_py.so
[8.366s] -- Up-to-date: /home/pedro/ros2_ws/install/robot_ras_decision/local/lib/python3.10/dist-packages/robot_ras_decision/robot_ras_decision_s__rosidl_typesupport_introspection_c.cpython-310-x86_64-linux-gnu.so
[8.392s] Listing '/home/pedro/ros2_ws/install/robot_ras_decision/local/lib/python3.10/dist-packages/robot_ras_decision'...
[8.392s] Listing '/home/pedro/ros2_ws/install/robot_ras_decision/local/lib/python3.10/dist-packages/robot_ras_decision/msg'...
[8.392s] Listing '/home/pedro/ros2_ws/install/robot_ras_decision/local/lib/python3.10/dist-packages/robot_ras_decision/srv'...
[8.397s] -- Up-to-date: /home/pedro/ros2_ws/install/robot_ras_decision/local/lib/python3.10/dist-packages/robot_ras_decision/robot_ras_decision_s__rosidl_typesupport_fastrtps_c.cpython-310-x86_64-linux-gnu.so
[8.397s] -- Up-to-date: /home/pedro/ros2_ws/install/robot_ras_decision/local/lib/python3.10/dist-packages/robot_ras_decision/robot_ras_decision_s__rosidl_typesupport_introspection_c.cpython-310-x86_64-linux-gnu.so
[8.397s] -- Up-to-date: /home/pedro/ros2_ws/install/robot_ras_decision/local/lib/python3.10/dist-packages/robot_ras_decision/robot_ras_decision_s__rosidl_typesupport_c.cpython-310-x86_64-linux-gnu.so
[8.398s] -- Up-to-date: /home/pedro/ros2_ws/install/robot_ras_decision/lib/librobot_ras_decision__rosidl_generator_py.so
[8.398s] -- Up-to-date: /home/pedro/ros2_ws/install/robot_ras_decision/share/robot_ras_decision/msg/Movement.idl
[8.398s] -- Up-to-date: /home/pedro/ros2_ws/install/robot_ras_decision/share/robot_ras_decision/srv/SetVelocity.idl
[8.398s] -- Up-to-date: /home/pedro/ros2_ws/install/robot_ras_decision/share/robot_ras_decision/msg/Movement.msg
[8.398s] -- Up-to-date: /home/pedro/ros2_ws/install/robot_ras_decision/share/robot_ras_decision/srv/SetVelocity.srv
[8.398s] -- Up-to-date: /home/pedro/ros2_ws/install/robot_ras_decision/share/robot_ras_decision/srv/SetVelocity_Request.msg
[8.398s] -- Up-to-date: /home/pedro/ros2_ws/install/robot_ras_decision/share/robot_ras_decision/srv/SetVelocity_Response.msg
[8.398s] -- Up-to-date: /home/pedro/ros2_ws/install/robot_ras_decision/lib/robot_ras_decision/MovementControl
[8.399s] -- Installing: /home/pedro/ros2_ws/install/robot_ras_decision/lib/robot_ras_decision/Manager
[8.403s] -- Set runtime path of "/home/pedro/ros2_ws/install/robot_ras_decision/lib/robot_ras_decision/Manager" to ""
[8.403s] -- Up-to-date: /home/pedro/ros2_ws/install/robot_ras_decision/share/ament_index/resource_index/package_run_dependencies/robot_ras_decision
[8.404s] -- Up-to-date: /home/pedro/ros2_ws/install/robot_ras_decision/share/ament_index/resource_index/parent_prefix_path/robot_ras_decision
[8.404s] -- Up-to-date: /home/pedro/ros2_ws/install/robot_ras_decision/share/robot_ras_decision/environment/ament_prefix_path.sh
[8.404s] -- Up-to-date: /home/pedro/ros2_ws/install/robot_ras_decision/share/robot_ras_decision/environment/ament_prefix_path.dsv
[8.404s] -- Up-to-date: /home/pedro/ros2_ws/install/robot_ras_decision/share/robot_ras_decision/environment/path.sh
[8.404s] -- Up-to-date: /home/pedro/ros2_ws/install/robot_ras_decision/share/robot_ras_decision/environment/path.dsv
[8.404s] -- Up-to-date: /home/pedro/ros2_ws/install/robot_ras_decision/share/robot_ras_decision/local_setup.bash
[8.404s] -- Up-to-date: /home/pedro/ros2_ws/install/robot_ras_decision/share/robot_ras_decision/local_setup.sh
[8.404s] -- Up-to-date: /home/pedro/ros2_ws/install/robot_ras_decision/share/robot_ras_decision/local_setup.zsh
[8.404s] -- Up-to-date: /home/pedro/ros2_ws/install/robot_ras_decision/share/robot_ras_decision/local_setup.dsv
[8.404s] -- Installing: /home/pedro/ros2_ws/install/robot_ras_decision/share/robot_ras_decision/package.dsv
[8.404s] -- Up-to-date: /home/pedro/ros2_ws/install/robot_ras_decision/share/ament_index/resource_index/packages/robot_ras_decision
[8.405s] -- Up-to-date: /home/pedro/ros2_ws/install/robot_ras_decision/share/robot_ras_decision/cmake/export_robot_ras_decision__rosidl_generator_cExport.cmake
[8.405s] -- Up-to-date: /home/pedro/ros2_ws/install/robot_ras_decision/share/robot_ras_decision/cmake/export_robot_ras_decision__rosidl_generator_cExport-noconfig.cmake
[8.405s] -- Up-to-date: /home/pedro/ros2_ws/install/robot_ras_decision/share/robot_ras_decision/cmake/export_robot_ras_decision__rosidl_typesupport_fastrtps_cExport.cmake
[8.405s] -- Up-to-date: /home/pedro/ros2_ws/install/robot_ras_decision/share/robot_ras_decision/cmake/export_robot_ras_decision__rosidl_typesupport_fastrtps_cExport-noconfig.cmake
[8.405s] -- Up-to-date: /home/pedro/ros2_ws/install/robot_ras_decision/share/robot_ras_decision/cmake/export_robot_ras_decision__rosidl_generator_cppExport.cmake
[8.405s] -- Up-to-date: /home/pedro/ros2_ws/install/robot_ras_decision/share/robot_ras_decision/cmake/export_robot_ras_decision__rosidl_typesupport_fastrtps_cppExport.cmake
[8.405s] -- Up-to-date: /home/pedro/ros2_ws/install/robot_ras_decision/share/robot_ras_decision/cmake/export_robot_ras_decision__rosidl_typesupport_fastrtps_cppExport-noconfig.cmake
[8.405s] -- Up-to-date: /home/pedro/ros2_ws/install/robot_ras_decision/share/robot_ras_decision/cmake/robot_ras_decision__rosidl_typesupport_introspection_cExport.cmake
[8.405s] -- Up-to-date: /home/pedro/ros2_ws/install/robot_ras_decision/share/robot_ras_decision/cmake/robot_ras_decision__rosidl_typesupport_introspection_cExport-noconfig.cmake
[8.405s] -- Up-to-date: /home/pedro/ros2_ws/install/robot_ras_decision/share/robot_ras_decision/cmake/robot_ras_decision__rosidl_typesupport_cExport.cmake
[8.405s] -- Up-to-date: /home/pedro/ros2_ws/install/robot_ras_decision/share/robot_ras_decision/cmake/robot_ras_decision__rosidl_typesupport_cExport-noconfig.cmake
[8.405s] -- Up-to-date: /home/pedro/ros2_ws/install/robot_ras_decision/share/robot_ras_decision/cmake/robot_ras_decision__rosidl_typesupport_introspection_cppExport.cmake
[8.405s] -- Up-to-date: /home/pedro/ros2_ws/install/robot_ras_decision/share/robot_ras_decision/cmake/robot_ras_decision__rosidl_typesupport_introspection_cppExport-noconfig.cmake
[8.405s] -- Up-to-date: /home/pedro/ros2_ws/install/robot_ras_decision/share/robot_ras_decision/cmake/robot_ras_decision__rosidl_typesupport_cppExport.cmake
[8.405s] -- Up-to-date: /home/pedro/ros2_ws/install/robot_ras_decision/share/robot_ras_decision/cmake/robot_ras_decision__rosidl_typesupport_cppExport-noconfig.cmake
[8.405s] -- Up-to-date: /home/pedro/ros2_ws/install/robot_ras_decision/share/robot_ras_decision/cmake/export_robot_ras_decision__rosidl_generator_pyExport.cmake
[8.406s] -- Up-to-date: /home/pedro/ros2_ws/install/robot_ras_decision/share/robot_ras_decision/cmake/export_robot_ras_decision__rosidl_generator_pyExport-noconfig.cmake
[8.406s] -- Up-to-date: /home/pedro/ros2_ws/install/robot_ras_decision/share/robot_ras_decision/cmake/rosidl_cmake-extras.cmake
[8.406s] -- Up-to-date: /home/pedro/ros2_ws/install/robot_ras_decision/share/robot_ras_decision/cmake/ament_cmake_export_include_directories-extras.cmake
[8.406s] -- Up-to-date: /home/pedro/ros2_ws/install/robot_ras_decision/share/robot_ras_decision/cmake/ament_cmake_export_libraries-extras.cmake
[8.406s] -- Up-to-date: /home/pedro/ros2_ws/install/robot_ras_decision/share/robot_ras_decision/cmake/ament_cmake_export_targets-extras.cmake
[8.406s] -- Up-to-date: /home/pedro/ros2_ws/install/robot_ras_decision/share/robot_ras_decision/cmake/rosidl_cmake_export_typesupport_targets-extras.cmake
[8.406s] -- Up-to-date: /home/pedro/ros2_ws/install/robot_ras_decision/share/robot_ras_decision/cmake/ament_cmake_export_dependencies-extras.cmake
[8.406s] -- Up-to-date: /home/pedro/ros2_ws/install/robot_ras_decision/share/robot_ras_decision/cmake/rosidl_cmake_export_typesupport_libraries-extras.cmake
[8.406s] -- Up-to-date: /home/pedro/ros2_ws/install/robot_ras_decision/share/robot_ras_decision/cmake/robot_ras_decisionConfig.cmake
[8.406s] -- Up-to-date: /home/pedro/ros2_ws/install/robot_ras_decision/share/robot_ras_decision/cmake/robot_ras_decisionConfig-version.cmake
[8.406s] -- Up-to-date: /home/pedro/ros2_ws/install/robot_ras_decision/share/robot_ras_decision/package.xml
[8.408s] Invoked command in '/home/pedro/ros2_ws/build/robot_ras_decision' returned '0': CMAKE_PREFIX_PATH=${CMAKE_PREFIX_PATH}:/opt/ros/humble /usr/bin/cmake --install /home/pedro/ros2_ws/build/robot_ras_decision
