-- Install configuration: ""
-- Up-to-date: /home/pedro/ros2_ws/install/robot_ras_ros/share/robot_ras_ros/urdf
-- Up-to-date: /home/pedro/ros2_ws/install/robot_ras_ros/share/robot_ras_ros/urdf/lidar.xacro
-- Up-to-date: /home/pedro/ros2_ws/install/robot_ras_ros/share/robot_ras_ros/urdf/gazebo_elementos.xacro
-- Up-to-date: /home/pedro/ros2_ws/install/robot_ras_ros/share/robot_ras_ros/urdf/robot.urdf.xacro
-- Up-to-date: /home/pedro/ros2_ws/install/robot_ras_ros/share/robot_ras_ros/urdf/roda_boba.xacro
-- Up-to-date: /home/pedro/ros2_ws/install/robot_ras_ros/share/robot_ras_ros/urdf/chassis.xacro
-- Up-to-date: /home/pedro/ros2_ws/install/robot_ras_ros/share/robot_ras_ros/urdf/materiais.xacro
-- Up-to-date: /home/pedro/ros2_ws/install/robot_ras_ros/share/robot_ras_ros/urdf/propriedades.xacro
-- Up-to-date: /home/pedro/ros2_ws/install/robot_ras_ros/share/robot_ras_ros/urdf/roda.xacro
-- Up-to-date: /home/pedro/ros2_ws/install/robot_ras_ros/share/robot_ras_ros/launch
-- Up-to-date: /home/pedro/ros2_ws/install/robot_ras_ros/share/robot_ras_ros/launch/gazebo.launch.py
-- Up-to-date: /home/pedro/ros2_ws/install/robot_ras_ros/share/robot_ras_ros/launch/spawn.launch.py
-- Up-to-date: /home/pedro/ros2_ws/install/robot_ras_ros/share/robot_ras_ros/worlds
-- Up-to-date: /home/pedro/ros2_ws/install/robot_ras_ros/share/robot_ras_ros/worlds/labirinth.world
-- Up-to-date: /home/pedro/ros2_ws/install/robot_ras_ros/share/robot_ras_ros/worlds/hacka_labirinth.world
-- Up-to-date: /home/pedro/ros2_ws/install/robot_ras_ros/share/robot_ras_ros/params
-- Up-to-date: /home/pedro/ros2_ws/install/robot_ras_ros/share/robot_ras_ros/params/ros2_control.yaml
-- Up-to-date: /home/pedro/ros2_ws/install/robot_ras_ros/share/robot_ras_ros/rviz
-- Up-to-date: /home/pedro/ros2_ws/install/robot_ras_ros/share/robot_ras_ros/rviz/default.rviz
-- Up-to-date: /home/pedro/ros2_ws/install/robot_ras_ros/share/robot_ras_ros/models
-- Up-to-date: /home/pedro/ros2_ws/install/robot_ras_ros/share/robot_ras_ros/models/hacka_wall
-- Up-to-date: /home/pedro/ros2_ws/install/robot_ras_ros/share/robot_ras_ros/models/hacka_wall/model.sdf
-- Up-to-date: /home/pedro/ros2_ws/install/robot_ras_ros/share/robot_ras_ros/models/hacka_wall/model.config
-- Up-to-date: /home/pedro/ros2_ws/install/robot_ras_ros/share/robot_ras_ros/models/walls
-- Up-to-date: /home/pedro/ros2_ws/install/robot_ras_ros/share/robot_ras_ros/models/walls/model.sdf
-- Up-to-date: /home/pedro/ros2_ws/install/robot_ras_ros/share/robot_ras_ros/models/walls/model.config
-- Up-to-date: /home/pedro/ros2_ws/install/robot_ras_ros/share/robot_ras_ros/models/labirinth
-- Up-to-date: /home/pedro/ros2_ws/install/robot_ras_ros/share/robot_ras_ros/models/labirinth/model.sdf
-- Up-to-date: /home/pedro/ros2_ws/install/robot_ras_ros/share/robot_ras_ros/models/labirinth/model.config
-- Up-to-date: /home/pedro/ros2_ws/install/robot_ras_ros/share/robot_ras_ros/models/hacka_labirinth
-- Up-to-date: /home/pedro/ros2_ws/install/robot_ras_ros/share/robot_ras_ros/models/hacka_labirinth/model.sdf
-- Up-to-date: /home/pedro/ros2_ws/install/robot_ras_ros/share/robot_ras_ros/models/hacka_labirinth/model.config
-- Up-to-date: /home/pedro/ros2_ws/install/robot_ras_ros/share/robot_ras_ros/package.xml
-- Up-to-date: /home/pedro/ros2_ws/install/robot_ras_ros/share/ament_index/resource_index/package_run_dependencies/robot_ras_ros
-- Up-to-date: /home/pedro/ros2_ws/install/robot_ras_ros/share/ament_index/resource_index/parent_prefix_path/robot_ras_ros
-- Up-to-date: /home/pedro/ros2_ws/install/robot_ras_ros/share/robot_ras_ros/environment/ament_prefix_path.sh
-- Up-to-date: /home/pedro/ros2_ws/install/robot_ras_ros/share/robot_ras_ros/environment/ament_prefix_path.dsv
-- Up-to-date: /home/pedro/ros2_ws/install/robot_ras_ros/share/robot_ras_ros/environment/path.sh
-- Up-to-date: /home/pedro/ros2_ws/install/robot_ras_ros/share/robot_ras_ros/environment/path.dsv
-- Up-to-date: /home/pedro/ros2_ws/install/robot_ras_ros/share/robot_ras_ros/local_setup.bash
-- Up-to-date: /home/pedro/ros2_ws/install/robot_ras_ros/share/robot_ras_ros/local_setup.sh
-- Up-to-date: /home/pedro/ros2_ws/install/robot_ras_ros/share/robot_ras_ros/local_setup.zsh
-- Up-to-date: /home/pedro/ros2_ws/install/robot_ras_ros/share/robot_ras_ros/local_setup.dsv
-- Installing: /home/pedro/ros2_ws/install/robot_ras_ros/share/robot_ras_ros/package.dsv
-- Up-to-date: /home/pedro/ros2_ws/install/robot_ras_ros/share/ament_index/resource_index/packages/robot_ras_ros
-- Up-to-date: /home/pedro/ros2_ws/install/robot_ras_ros/share/robot_ras_ros/cmake/robot_ras_rosConfig.cmake
-- Up-to-date: /home/pedro/ros2_ws/install/robot_ras_ros/share/robot_ras_ros/cmake/robot_ras_rosConfig-version.cmake
-- Up-to-date: /home/pedro/ros2_ws/install/robot_ras_ros/share/robot_ras_ros/package.xml
