[  2%] Built target robot_ras_decision__cpp
[ 11%] Built target robot_ras_decision__rosidl_generator_c
[ 11%] Built target ament_cmake_python_copy_robot_ras_decision
[ 20%] Built target robot_ras_decision__rosidl_typesupport_introspection_c
[ 30%] Built target robot_ras_decision__rosidl_typesupport_introspection_cpp
[ 39%] Built target robot_ras_decision__rosidl_typesupport_cpp
[ 48%] Built target robot_ras_decision__rosidl_typesupport_c
[ 58%] Built target robot_ras_decision__rosidl_typesupport_fastrtps_cpp
[ 67%] Built target robot_ras_decision__rosidl_typesupport_fastrtps_c
[ 67%] Built target robot_ras_decision
[35m[1mConsolidate compiler generated dependencies of target Manager[0m
[ 69%] Built target robot_ras_decision__py
[ 72%] [32mBuilding CXX object CMakeFiles/MovementControl.dir/src/moviment_control.cpp.o[0m
[ 76%] Built target Manager
[ 83%] Built target robot_ras_decision__rosidl_generator_py
[ 97%] Built target robot_ras_decision__rosidl_typesupport_fastrtps_c__pyext
[ 97%] Built target robot_ras_decision__rosidl_typesupport_c__pyext
[ 97%] Built target robot_ras_decision__rosidl_typesupport_introspection_c__pyext
running egg_info
writing robot_ras_decision.egg-info/PKG-INFO
writing dependency_links to robot_ras_decision.egg-info/dependency_links.txt
writing top-level names to robot_ras_decision.egg-info/top_level.txt
reading manifest file 'robot_ras_decision.egg-info/SOURCES.txt'
writing manifest file 'robot_ras_decision.egg-info/SOURCES.txt'
[ 97%] Built target ament_cmake_python_build_robot_ras_decision_egg
[100%] [32m[1mLinking CXX executable MovementControl[0m
[100%] Built target MovementControl
-- Install configuration: ""
-- Up-to-date: /home/pedro/ros2_ws/install/robot_ras_decision/share/ament_index/resource_index/rosidl_interfaces/robot_ras_decision
-- Up-to-date: /home/pedro/ros2_ws/install/robot_ras_decision/include/robot_ras_decision/robot_ras_decision
-- Up-to-date: /home/pedro/ros2_ws/install/robot_ras_decision/include/robot_ras_decision/robot_ras_decision/srv
-- Up-to-date: /home/pedro/ros2_ws/install/robot_ras_decision/include/robot_ras_decision/robot_ras_decision/srv/set_velocity.h
-- Up-to-date: /home/pedro/ros2_ws/install/robot_ras_decision/include/robot_ras_decision/robot_ras_decision/srv/detail
-- Up-to-date: /home/pedro/ros2_ws/install/robot_ras_decision/include/robot_ras_decision/robot_ras_decision/srv/detail/set_velocity__type_support.h
-- Up-to-date: /home/pedro/ros2_ws/install/robot_ras_decision/include/robot_ras_decision/robot_ras_decision/srv/detail/set_velocity__functions.h
-- Up-to-date: /home/pedro/ros2_ws/install/robot_ras_decision/include/robot_ras_decision/robot_ras_decision/srv/detail/set_velocity__struct.h
-- Up-to-date: /home/pedro/ros2_ws/install/robot_ras_decision/include/robot_ras_decision/robot_ras_decision/srv/detail/set_velocity__functions.c
-- Up-to-date: /home/pedro/ros2_ws/install/robot_ras_decision/include/robot_ras_decision/robot_ras_decision/msg
-- Up-to-date: /home/pedro/ros2_ws/install/robot_ras_decision/include/robot_ras_decision/robot_ras_decision/msg/movement.h
-- Up-to-date: /home/pedro/ros2_ws/install/robot_ras_decision/include/robot_ras_decision/robot_ras_decision/msg/rosidl_generator_c__visibility_control.h
-- Up-to-date: /home/pedro/ros2_ws/install/robot_ras_decision/include/robot_ras_decision/robot_ras_decision/msg/detail
-- Up-to-date: /home/pedro/ros2_ws/install/robot_ras_decision/include/robot_ras_decision/robot_ras_decision/msg/detail/movement__functions.c
-- Up-to-date: /home/pedro/ros2_ws/install/robot_ras_decision/include/robot_ras_decision/robot_ras_decision/msg/detail/movement__functions.h
-- Up-to-date: /home/pedro/ros2_ws/install/robot_ras_decision/include/robot_ras_decision/robot_ras_decision/msg/detail/movement__struct.h
-- Up-to-date: /home/pedro/ros2_ws/install/robot_ras_decision/include/robot_ras_decision/robot_ras_decision/msg/detail/movement__type_support.h
-- Up-to-date: /home/pedro/ros2_ws/install/robot_ras_decision/share/robot_ras_decision/environment/library_path.sh
-- Up-to-date: /home/pedro/ros2_ws/install/robot_ras_decision/share/robot_ras_decision/environment/library_path.dsv
-- Up-to-date: /home/pedro/ros2_ws/install/robot_ras_decision/lib/librobot_ras_decision__rosidl_generator_c.so
-- Up-to-date: /home/pedro/ros2_ws/install/robot_ras_decision/include/robot_ras_decision/robot_ras_decision
-- Up-to-date: /home/pedro/ros2_ws/install/robot_ras_decision/include/robot_ras_decision/robot_ras_decision/srv
-- Up-to-date: /home/pedro/ros2_ws/install/robot_ras_decision/include/robot_ras_decision/robot_ras_decision/srv/detail
-- Up-to-date: /home/pedro/ros2_ws/install/robot_ras_decision/include/robot_ras_decision/robot_ras_decision/srv/detail/set_velocity__rosidl_typesupport_fastrtps_c.h
-- Up-to-date: /home/pedro/ros2_ws/install/robot_ras_decision/include/robot_ras_decision/robot_ras_decision/msg
-- Up-to-date: /home/pedro/ros2_ws/install/robot_ras_decision/include/robot_ras_decision/robot_ras_decision/msg/rosidl_typesupport_fastrtps_c__visibility_control.h
-- Up-to-date: /home/pedro/ros2_ws/install/robot_ras_decision/include/robot_ras_decision/robot_ras_decision/msg/detail
-- Up-to-date: /home/pedro/ros2_ws/install/robot_ras_decision/include/robot_ras_decision/robot_ras_decision/msg/detail/movement__rosidl_typesupport_fastrtps_c.h
-- Up-to-date: /home/pedro/ros2_ws/install/robot_ras_decision/lib/librobot_ras_decision__rosidl_typesupport_fastrtps_c.so
-- Up-to-date: /home/pedro/ros2_ws/install/robot_ras_decision/include/robot_ras_decision/robot_ras_decision
-- Up-to-date: /home/pedro/ros2_ws/install/robot_ras_decision/include/robot_ras_decision/robot_ras_decision/srv
-- Up-to-date: /home/pedro/ros2_ws/install/robot_ras_decision/include/robot_ras_decision/robot_ras_decision/srv/set_velocity.hpp
-- Up-to-date: /home/pedro/ros2_ws/install/robot_ras_decision/include/robot_ras_decision/robot_ras_decision/srv/detail
-- Up-to-date: /home/pedro/ros2_ws/install/robot_ras_decision/include/robot_ras_decision/robot_ras_decision/srv/detail/set_velocity__traits.hpp
-- Up-to-date: /home/pedro/ros2_ws/install/robot_ras_decision/include/robot_ras_decision/robot_ras_decision/srv/detail/set_velocity__struct.hpp
-- Up-to-date: /home/pedro/ros2_ws/install/robot_ras_decision/include/robot_ras_decision/robot_ras_decision/srv/detail/set_velocity__type_support.hpp
-- Up-to-date: /home/pedro/ros2_ws/install/robot_ras_decision/include/robot_ras_decision/robot_ras_decision/srv/detail/set_velocity__builder.hpp
-- Up-to-date: /home/pedro/ros2_ws/install/robot_ras_decision/include/robot_ras_decision/robot_ras_decision/msg
-- Up-to-date: /home/pedro/ros2_ws/install/robot_ras_decision/include/robot_ras_decision/robot_ras_decision/msg/movement.hpp
-- Up-to-date: /home/pedro/ros2_ws/install/robot_ras_decision/include/robot_ras_decision/robot_ras_decision/msg/rosidl_generator_cpp__visibility_control.hpp
-- Up-to-date: /home/pedro/ros2_ws/install/robot_ras_decision/include/robot_ras_decision/robot_ras_decision/msg/detail
-- Up-to-date: /home/pedro/ros2_ws/install/robot_ras_decision/include/robot_ras_decision/robot_ras_decision/msg/detail/movement__traits.hpp
-- Up-to-date: /home/pedro/ros2_ws/install/robot_ras_decision/include/robot_ras_decision/robot_ras_decision/msg/detail/movement__struct.hpp
-- Up-to-date: /home/pedro/ros2_ws/install/robot_ras_decision/include/robot_ras_decision/robot_ras_decision/msg/detail/movement__builder.hpp
-- Up-to-date: /home/pedro/ros2_ws/install/robot_ras_decision/include/robot_ras_decision/robot_ras_decision/msg/detail/movement__type_support.hpp
-- Up-to-date: /home/pedro/ros2_ws/install/robot_ras_decision/include/robot_ras_decision/robot_ras_decision
-- Up-to-date: /home/pedro/ros2_ws/install/robot_ras_decision/include/robot_ras_decision/robot_ras_decision/srv
-- Up-to-date: /home/pedro/ros2_ws/install/robot_ras_decision/include/robot_ras_decision/robot_ras_decision/srv/detail
-- Up-to-date: /home/pedro/ros2_ws/install/robot_ras_decision/include/robot_ras_decision/robot_ras_decision/srv/detail/dds_fastrtps
-- Up-to-date: /home/pedro/ros2_ws/install/robot_ras_decision/include/robot_ras_decision/robot_ras_decision/srv/detail/set_velocity__rosidl_typesupport_fastrtps_cpp.hpp
-- Up-to-date: /home/pedro/ros2_ws/install/robot_ras_decision/include/robot_ras_decision/robot_ras_decision/msg
-- Up-to-date: /home/pedro/ros2_ws/install/robot_ras_decision/include/robot_ras_decision/robot_ras_decision/msg/rosidl_typesupport_fastrtps_cpp__visibility_control.h
-- Up-to-date: /home/pedro/ros2_ws/install/robot_ras_decision/include/robot_ras_decision/robot_ras_decision/msg/detail
-- Up-to-date: /home/pedro/ros2_ws/install/robot_ras_decision/include/robot_ras_decision/robot_ras_decision/msg/detail/dds_fastrtps
-- Up-to-date: /home/pedro/ros2_ws/install/robot_ras_decision/include/robot_ras_decision/robot_ras_decision/msg/detail/movement__rosidl_typesupport_fastrtps_cpp.hpp
-- Up-to-date: /home/pedro/ros2_ws/install/robot_ras_decision/lib/librobot_ras_decision__rosidl_typesupport_fastrtps_cpp.so
-- Up-to-date: /home/pedro/ros2_ws/install/robot_ras_decision/include/robot_ras_decision/robot_ras_decision
-- Up-to-date: /home/pedro/ros2_ws/install/robot_ras_decision/include/robot_ras_decision/robot_ras_decision/srv
-- Up-to-date: /home/pedro/ros2_ws/install/robot_ras_decision/include/robot_ras_decision/robot_ras_decision/srv/detail
-- Up-to-date: /home/pedro/ros2_ws/install/robot_ras_decision/include/robot_ras_decision/robot_ras_decision/srv/detail/set_velocity__type_support.c
-- Up-to-date: /home/pedro/ros2_ws/install/robot_ras_decision/include/robot_ras_decision/robot_ras_decision/srv/detail/set_velocity__rosidl_typesupport_introspection_c.h
-- Up-to-date: /home/pedro/ros2_ws/install/robot_ras_decision/include/robot_ras_decision/robot_ras_decision/msg
-- Up-to-date: /home/pedro/ros2_ws/install/robot_ras_decision/include/robot_ras_decision/robot_ras_decision/msg/rosidl_typesupport_introspection_c__visibility_control.h
-- Up-to-date: /home/pedro/ros2_ws/install/robot_ras_decision/include/robot_ras_decision/robot_ras_decision/msg/detail
-- Up-to-date: /home/pedro/ros2_ws/install/robot_ras_decision/include/robot_ras_decision/robot_ras_decision/msg/detail/movement__rosidl_typesupport_introspection_c.h
-- Up-to-date: /home/pedro/ros2_ws/install/robot_ras_decision/include/robot_ras_decision/robot_ras_decision/msg/detail/movement__type_support.c
-- Up-to-date: /home/pedro/ros2_ws/install/robot_ras_decision/lib/librobot_ras_decision__rosidl_typesupport_introspection_c.so
-- Up-to-date: /home/pedro/ros2_ws/install/robot_ras_decision/lib/librobot_ras_decision__rosidl_typesupport_c.so
-- Up-to-date: /home/pedro/ros2_ws/install/robot_ras_decision/include/robot_ras_decision/robot_ras_decision
-- Up-to-date: /home/pedro/ros2_ws/install/robot_ras_decision/include/robot_ras_decision/robot_ras_decision/srv
-- Up-to-date: /home/pedro/ros2_ws/install/robot_ras_decision/include/robot_ras_decision/robot_ras_decision/srv/detail
-- Up-to-date: /home/pedro/ros2_ws/install/robot_ras_decision/include/robot_ras_decision/robot_ras_decision/srv/detail/set_velocity__rosidl_typesupport_introspection_cpp.hpp
-- Up-to-date: /home/pedro/ros2_ws/install/robot_ras_decision/include/robot_ras_decision/robot_ras_decision/srv/detail/set_velocity__type_support.cpp
-- Up-to-date: /home/pedro/ros2_ws/install/robot_ras_decision/include/robot_ras_decision/robot_ras_decision/msg
-- Up-to-date: /home/pedro/ros2_ws/install/robot_ras_decision/include/robot_ras_decision/robot_ras_decision/msg/detail
-- Up-to-date: /home/pedro/ros2_ws/install/robot_ras_decision/include/robot_ras_decision/robot_ras_decision/msg/detail/movement__rosidl_typesupport_introspection_cpp.hpp
-- Up-to-date: /home/pedro/ros2_ws/install/robot_ras_decision/include/robot_ras_decision/robot_ras_decision/msg/detail/movement__type_support.cpp
-- Up-to-date: /home/pedro/ros2_ws/install/robot_ras_decision/lib/librobot_ras_decision__rosidl_typesupport_introspection_cpp.so
-- Up-to-date: /home/pedro/ros2_ws/install/robot_ras_decision/lib/librobot_ras_decision__rosidl_typesupport_cpp.so
-- Up-to-date: /home/pedro/ros2_ws/install/robot_ras_decision/share/robot_ras_decision/environment/pythonpath.sh
-- Up-to-date: /home/pedro/ros2_ws/install/robot_ras_decision/share/robot_ras_decision/environment/pythonpath.dsv
-- Up-to-date: /home/pedro/ros2_ws/install/robot_ras_decision/local/lib/python3.10/dist-packages/robot_ras_decision-0.0.1-py3.10.egg-info
-- Installing: /home/pedro/ros2_ws/install/robot_ras_decision/local/lib/python3.10/dist-packages/robot_ras_decision-0.0.1-py3.10.egg-info/PKG-INFO
-- Installing: /home/pedro/ros2_ws/install/robot_ras_decision/local/lib/python3.10/dist-packages/robot_ras_decision-0.0.1-py3.10.egg-info/top_level.txt
-- Installing: /home/pedro/ros2_ws/install/robot_ras_decision/local/lib/python3.10/dist-packages/robot_ras_decision-0.0.1-py3.10.egg-info/SOURCES.txt
-- Installing: /home/pedro/ros2_ws/install/robot_ras_decision/local/lib/python3.10/dist-packages/robot_ras_decision-0.0.1-py3.10.egg-info/dependency_links.txt
-- Up-to-date: /home/pedro/ros2_ws/install/robot_ras_decision/local/lib/python3.10/dist-packages/robot_ras_decision
-- Up-to-date: /home/pedro/ros2_ws/install/robot_ras_decision/local/lib/python3.10/dist-packages/robot_ras_decision/srv
-- Up-to-date: /home/pedro/ros2_ws/install/robot_ras_decision/local/lib/python3.10/dist-packages/robot_ras_decision/srv/__init__.py
-- Up-to-date: /home/pedro/ros2_ws/install/robot_ras_decision/local/lib/python3.10/dist-packages/robot_ras_decision/srv/_set_velocity_s.c
-- Up-to-date: /home/pedro/ros2_ws/install/robot_ras_decision/local/lib/python3.10/dist-packages/robot_ras_decision/srv/_set_velocity.py
-- Up-to-date: /home/pedro/ros2_ws/install/robot_ras_decision/local/lib/python3.10/dist-packages/robot_ras_decision/__init__.py
-- Up-to-date: /home/pedro/ros2_ws/install/robot_ras_decision/local/lib/python3.10/dist-packages/robot_ras_decision/robot_ras_decision_s__rosidl_typesupport_c.cpython-310-x86_64-linux-gnu.so
-- Up-to-date: /home/pedro/ros2_ws/install/robot_ras_decision/local/lib/python3.10/dist-packages/robot_ras_decision/_robot_ras_decision_s.ep.rosidl_typesupport_c.c
-- Up-to-date: /home/pedro/ros2_ws/install/robot_ras_decision/local/lib/python3.10/dist-packages/robot_ras_decision/msg
-- Up-to-date: /home/pedro/ros2_ws/install/robot_ras_decision/local/lib/python3.10/dist-packages/robot_ras_decision/msg/__init__.py
-- Up-to-date: /home/pedro/ros2_ws/install/robot_ras_decision/local/lib/python3.10/dist-packages/robot_ras_decision/msg/_movement_s.c
-- Up-to-date: /home/pedro/ros2_ws/install/robot_ras_decision/local/lib/python3.10/dist-packages/robot_ras_decision/msg/_movement.py
-- Up-to-date: /home/pedro/ros2_ws/install/robot_ras_decision/local/lib/python3.10/dist-packages/robot_ras_decision/robot_ras_decision_s__rosidl_typesupport_fastrtps_c.cpython-310-x86_64-linux-gnu.so
-- Up-to-date: /home/pedro/ros2_ws/install/robot_ras_decision/local/lib/python3.10/dist-packages/robot_ras_decision/_robot_ras_decision_s.ep.rosidl_typesupport_introspection_c.c
-- Up-to-date: /home/pedro/ros2_ws/install/robot_ras_decision/local/lib/python3.10/dist-packages/robot_ras_decision/_robot_ras_decision_s.ep.rosidl_typesupport_fastrtps_c.c
-- Up-to-date: /home/pedro/ros2_ws/install/robot_ras_decision/local/lib/python3.10/dist-packages/robot_ras_decision/librobot_ras_decision__rosidl_generator_py.so
-- Up-to-date: /home/pedro/ros2_ws/install/robot_ras_decision/local/lib/python3.10/dist-packages/robot_ras_decision/robot_ras_decision_s__rosidl_typesupport_introspection_c.cpython-310-x86_64-linux-gnu.so
Listing '/home/pedro/ros2_ws/install/robot_ras_decision/local/lib/python3.10/dist-packages/robot_ras_decision'...
Listing '/home/pedro/ros2_ws/install/robot_ras_decision/local/lib/python3.10/dist-packages/robot_ras_decision/msg'...
Listing '/home/pedro/ros2_ws/install/robot_ras_decision/local/lib/python3.10/dist-packages/robot_ras_decision/srv'...
-- Up-to-date: /home/pedro/ros2_ws/install/robot_ras_decision/local/lib/python3.10/dist-packages/robot_ras_decision/robot_ras_decision_s__rosidl_typesupport_fastrtps_c.cpython-310-x86_64-linux-gnu.so
-- Up-to-date: /home/pedro/ros2_ws/install/robot_ras_decision/local/lib/python3.10/dist-packages/robot_ras_decision/robot_ras_decision_s__rosidl_typesupport_introspection_c.cpython-310-x86_64-linux-gnu.so
-- Up-to-date: /home/pedro/ros2_ws/install/robot_ras_decision/local/lib/python3.10/dist-packages/robot_ras_decision/robot_ras_decision_s__rosidl_typesupport_c.cpython-310-x86_64-linux-gnu.so
-- Up-to-date: /home/pedro/ros2_ws/install/robot_ras_decision/lib/librobot_ras_decision__rosidl_generator_py.so
-- Up-to-date: /home/pedro/ros2_ws/install/robot_ras_decision/share/robot_ras_decision/msg/Movement.idl
-- Up-to-date: /home/pedro/ros2_ws/install/robot_ras_decision/share/robot_ras_decision/srv/SetVelocity.idl
-- Up-to-date: /home/pedro/ros2_ws/install/robot_ras_decision/share/robot_ras_decision/msg/Movement.msg
-- Up-to-date: /home/pedro/ros2_ws/install/robot_ras_decision/share/robot_ras_decision/srv/SetVelocity.srv
-- Up-to-date: /home/pedro/ros2_ws/install/robot_ras_decision/share/robot_ras_decision/srv/SetVelocity_Request.msg
-- Up-to-date: /home/pedro/ros2_ws/install/robot_ras_decision/share/robot_ras_decision/srv/SetVelocity_Response.msg
-- Installing: /home/pedro/ros2_ws/install/robot_ras_decision/lib/robot_ras_decision/MovementControl
-- Set runtime path of "/home/pedro/ros2_ws/install/robot_ras_decision/lib/robot_ras_decision/MovementControl" to ""
-- Up-to-date: /home/pedro/ros2_ws/install/robot_ras_decision/lib/robot_ras_decision/Manager
-- Up-to-date: /home/pedro/ros2_ws/install/robot_ras_decision/share/ament_index/resource_index/package_run_dependencies/robot_ras_decision
-- Up-to-date: /home/pedro/ros2_ws/install/robot_ras_decision/share/ament_index/resource_index/parent_prefix_path/robot_ras_decision
-- Up-to-date: /home/pedro/ros2_ws/install/robot_ras_decision/share/robot_ras_decision/environment/ament_prefix_path.sh
-- Up-to-date: /home/pedro/ros2_ws/install/robot_ras_decision/share/robot_ras_decision/environment/ament_prefix_path.dsv
-- Up-to-date: /home/pedro/ros2_ws/install/robot_ras_decision/share/robot_ras_decision/environment/path.sh
-- Up-to-date: /home/pedro/ros2_ws/install/robot_ras_decision/share/robot_ras_decision/environment/path.dsv
-- Up-to-date: /home/pedro/ros2_ws/install/robot_ras_decision/share/robot_ras_decision/local_setup.bash
-- Up-to-date: /home/pedro/ros2_ws/install/robot_ras_decision/share/robot_ras_decision/local_setup.sh
-- Up-to-date: /home/pedro/ros2_ws/install/robot_ras_decision/share/robot_ras_decision/local_setup.zsh
-- Up-to-date: /home/pedro/ros2_ws/install/robot_ras_decision/share/robot_ras_decision/local_setup.dsv
-- Installing: /home/pedro/ros2_ws/install/robot_ras_decision/share/robot_ras_decision/package.dsv
-- Up-to-date: /home/pedro/ros2_ws/install/robot_ras_decision/share/ament_index/resource_index/packages/robot_ras_decision
-- Up-to-date: /home/pedro/ros2_ws/install/robot_ras_decision/share/robot_ras_decision/cmake/export_robot_ras_decision__rosidl_generator_cExport.cmake
-- Up-to-date: /home/pedro/ros2_ws/install/robot_ras_decision/share/robot_ras_decision/cmake/export_robot_ras_decision__rosidl_generator_cExport-noconfig.cmake
-- Up-to-date: /home/pedro/ros2_ws/install/robot_ras_decision/share/robot_ras_decision/cmake/export_robot_ras_decision__rosidl_typesupport_fastrtps_cExport.cmake
-- Up-to-date: /home/pedro/ros2_ws/install/robot_ras_decision/share/robot_ras_decision/cmake/export_robot_ras_decision__rosidl_typesupport_fastrtps_cExport-noconfig.cmake
-- Up-to-date: /home/pedro/ros2_ws/install/robot_ras_decision/share/robot_ras_decision/cmake/export_robot_ras_decision__rosidl_generator_cppExport.cmake
-- Up-to-date: /home/pedro/ros2_ws/install/robot_ras_decision/share/robot_ras_decision/cmake/export_robot_ras_decision__rosidl_typesupport_fastrtps_cppExport.cmake
-- Up-to-date: /home/pedro/ros2_ws/install/robot_ras_decision/share/robot_ras_decision/cmake/export_robot_ras_decision__rosidl_typesupport_fastrtps_cppExport-noconfig.cmake
-- Up-to-date: /home/pedro/ros2_ws/install/robot_ras_decision/share/robot_ras_decision/cmake/robot_ras_decision__rosidl_typesupport_introspection_cExport.cmake
-- Up-to-date: /home/pedro/ros2_ws/install/robot_ras_decision/share/robot_ras_decision/cmake/robot_ras_decision__rosidl_typesupport_introspection_cExport-noconfig.cmake
-- Up-to-date: /home/pedro/ros2_ws/install/robot_ras_decision/share/robot_ras_decision/cmake/robot_ras_decision__rosidl_typesupport_cExport.cmake
-- Up-to-date: /home/pedro/ros2_ws/install/robot_ras_decision/share/robot_ras_decision/cmake/robot_ras_decision__rosidl_typesupport_cExport-noconfig.cmake
-- Up-to-date: /home/pedro/ros2_ws/install/robot_ras_decision/share/robot_ras_decision/cmake/robot_ras_decision__rosidl_typesupport_introspection_cppExport.cmake
-- Up-to-date: /home/pedro/ros2_ws/install/robot_ras_decision/share/robot_ras_decision/cmake/robot_ras_decision__rosidl_typesupport_introspection_cppExport-noconfig.cmake
-- Up-to-date: /home/pedro/ros2_ws/install/robot_ras_decision/share/robot_ras_decision/cmake/robot_ras_decision__rosidl_typesupport_cppExport.cmake
-- Up-to-date: /home/pedro/ros2_ws/install/robot_ras_decision/share/robot_ras_decision/cmake/robot_ras_decision__rosidl_typesupport_cppExport-noconfig.cmake
-- Up-to-date: /home/pedro/ros2_ws/install/robot_ras_decision/share/robot_ras_decision/cmake/export_robot_ras_decision__rosidl_generator_pyExport.cmake
-- Up-to-date: /home/pedro/ros2_ws/install/robot_ras_decision/share/robot_ras_decision/cmake/export_robot_ras_decision__rosidl_generator_pyExport-noconfig.cmake
-- Up-to-date: /home/pedro/ros2_ws/install/robot_ras_decision/share/robot_ras_decision/cmake/rosidl_cmake-extras.cmake
-- Up-to-date: /home/pedro/ros2_ws/install/robot_ras_decision/share/robot_ras_decision/cmake/ament_cmake_export_include_directories-extras.cmake
-- Up-to-date: /home/pedro/ros2_ws/install/robot_ras_decision/share/robot_ras_decision/cmake/ament_cmake_export_libraries-extras.cmake
-- Up-to-date: /home/pedro/ros2_ws/install/robot_ras_decision/share/robot_ras_decision/cmake/ament_cmake_export_targets-extras.cmake
-- Up-to-date: /home/pedro/ros2_ws/install/robot_ras_decision/share/robot_ras_decision/cmake/rosidl_cmake_export_typesupport_targets-extras.cmake
-- Up-to-date: /home/pedro/ros2_ws/install/robot_ras_decision/share/robot_ras_decision/cmake/ament_cmake_export_dependencies-extras.cmake
-- Up-to-date: /home/pedro/ros2_ws/install/robot_ras_decision/share/robot_ras_decision/cmake/rosidl_cmake_export_typesupport_libraries-extras.cmake
-- Up-to-date: /home/pedro/ros2_ws/install/robot_ras_decision/share/robot_ras_decision/cmake/robot_ras_decisionConfig.cmake
-- Up-to-date: /home/pedro/ros2_ws/install/robot_ras_decision/share/robot_ras_decision/cmake/robot_ras_decisionConfig-version.cmake
-- Up-to-date: /home/pedro/ros2_ws/install/robot_ras_decision/share/robot_ras_decision/package.xml
